[16.10.2024 03:11:36] [SYSTEM] Error handler deployed.
[16.10.2024 03:11:36] [FILESYSTEM] Loading filesystem...
[16.10.2024 03:11:36] ┐
┤
┘
[16.10.2024 03:11:36] [FILESYSTEM] Filesystem has been loaded.
[16.10.2024 03:11:38] [MONGO] Connected to MongoDB
[16.10.2024 03:11:38] [SCHEDULER] Sanction removal schedules have been set.
[16.10.2024 03:11:40] [DISCORD API] Connected to Discord API.
[16.10.2024 03:11:40] [DISCORD API] Started refreshing application (/) commands.
[16.10.2024 03:11:40] [SCHEDULER] Activity update schedules have been deployed.
[16.10.2024 03:11:40] [DISCORD API] Successfully reloaded application (/) commands.
[16.10.2024 03:11:41] {
  timeConversion: {
    '0': 't',
    '1': 'i',
    '2': 'm',
    '3': 'e',
    '4': 'C',
    '5': 'o',
    '6': 'n',
    '7': 'v',
    '8': 'e',
    '9': 'r',
    '10': 's',
    '11': 'i',
    '12': 'o',
    '13': 'n'
  },
  dayConversion: {
    '0': 'd',
    '1': 'a',
    '2': 'y',
    '3': 'C',
    '4': 'o',
    '5': 'n',
    '6': 'v',
    '7': 'e',
    '8': 'r',
    '9': 's',
    '10': 'i',
    '11': 'o',
    '12': 'n'
  },
  math: { '0': 'm', '1': 'a', '2': 't', '3': 'h' },
  checks: { '0': 'c', '1': 'h', '2': 'e', '3': 'c', '4': 'k', '5': 's' },
  discord: {
    buttonMenus: {
      '0': 'u',
      '1': 's',
      '2': 'e',
      '3': 'r',
      '4': 'S',
      '5': 'n',
      '6': 'a',
      '7': 'p',
      '8': 's',
      '9': 'h',
      '10': 'o',
      '11': 't',
      '12': 'M',
      '13': 'e',
      '14': 'n',
      '15': 'u',
      '16': 's',
      '17': 'e',
      '18': 'n',
      '19': 'u',
      '20': 's',
      '21': 'n',
      '22': 'M',
      '23': 'e',
      '24': 'n',
      '25': 'u',
      '26': 's'
    },
    embeds: {
      '0': 'u',
      '1': 's',
      '2': 'e',
      '3': 'r',
      '4': 'I',
      '5': 'n',
      '6': 'f',
      '7': 'o',
      '8': 'E',
      '9': 'm',
      '10': 'b',
      '11': 'e',
      '12': 'd',
      '13': 's',
      '14': 'b',
      '15': 'e',
      '16': 'd',
      '17': 's',
      '18': 'b',
      '19': 'e',
      '20': 'd',
      '21': 's',
      '22': 'd',
      '23': 's'
    },
    errors: {},
    validate: {
      '0': 's',
      '1': 'u',
      '2': 'b',
      '3': 'd',
      '4': 'e',
      '5': 'p',
      '6': 'M',
      '7': 'a',
      '8': 'n',
      '9': 'a',
      '10': 'g',
      '11': 'e',
      '12': 'm',
      '13': 'e',
      '14': 'n',
      '15': 't',
      '16': 'V',
      '17': 'a',
      '18': 'l',
      '19': 'i',
      '20': 'd',
      '21': 'a',
      '22': 't',
      '23': 'i',
      '24': 'o',
      '25': 'n'
    },
    logging: { '0': 'b', '1': 'a', '2': 's', '3': 'e' },
    modals: {
      '0': 'u',
      '1': 's',
      '2': 'e',
      '3': 'r',
      '4': 'E',
      '5': 'd',
      '6': 'i',
      '7': 't',
      '8': 'M',
      '9': 'e',
      '10': 'n',
      '11': 'u',
      '12': 'M',
      '13': 'o',
      '14': 'd',
      '15': 'a',
      '16': 'l',
      '17': 's',
      '18': 'd',
      '19': 'a',
      '20': 'l',
      '21': 's'
    },
    quickFunctions: {
      '0': 'u',
      '1': 's',
      '2': 'e',
      '3': 'r',
      '4': 'A',
      '5': 'd',
      '6': 'd',
      '7': 'Q',
      '8': 'F',
      '9': 'u',
      '10': 'n',
      '11': 'c',
      '12': 's',
      '13': 'e',
      '14': 'n',
      '15': 't',
      '16': 'Q',
      '17': 'F',
      '18': 'u',
      '19': 'n',
      '20': 'c',
      '21': 's',
      '22': 't',
      '23': 'o',
      '24': 'r',
      '25': 'Q',
      '26': 'F',
      '27': 'u',
      '28': 'n',
      '29': 'c',
      '30': 's'
    },
    roles: {
      '0': 'r',
      '1': 'a',
      '2': 'n',
      '3': 'k',
      '4': 'U',
      '5': 'p',
      '6': 'd',
      '7': 'a',
      '8': 't',
      '9': 'e',
      '10': 's'
    },
    selectMenus: {
      '0': 'u',
      '1': 's',
      '2': 'e',
      '3': 'r',
      '4': 'S',
      '5': 'n',
      '6': 'a',
      '7': 'p',
      '8': 's',
      '9': 'h',
      '10': 'o',
      '11': 't',
      '12': 'S',
      '13': 'e',
      '14': 'l',
      '15': 'e',
      '16': 'c',
      '17': 't',
      '18': 'M',
      '19': 'e',
      '20': 'n',
      '21': 'u',
      '22': 's',
      '23': 'n',
      '24': 'u',
      '25': 's'
    }
  },
  algorithms: {
    '0': 'a',
    '1': 'l',
    '2': 'g',
    '3': 'o',
    '4': 'U',
    '5': 't',
    '6': 'i',
    '7': 'l',
    '8': 's'
  },
  activity: { utils: { '0': 'u', '1': 't', '2': 'i', '3': 'l', '4': 's' } }
}
