[16.10.2024 03:15:04] [SYSTEM] Error handler deployed.
[16.10.2024 03:15:04] [FILESYSTEM] Loading filesystem...
[16.10.2024 03:15:04] ┐
┤
┘
[16.10.2024 03:15:04] [FILESYSTEM] Filesystem has been loaded.
[16.10.2024 03:15:05] [MONGO] Connected to MongoDB
[16.10.2024 03:15:06] [SCHEDULER] Sanction removal schedules have been set.
[16.10.2024 03:15:07] [DISCORD API] Connected to Discord API.
[16.10.2024 03:15:07] [DISCORD API] Started refreshing application (/) commands.
[16.10.2024 03:15:07] [SCHEDULER] Activity update schedules have been deployed.
[16.10.2024 03:15:07] [DISCORD API] Successfully reloaded application (/) commands.
[16.10.2024 03:15:08] {
  timeConversion: {
    timeConversion: [Module: null prototype] {
      calculateMinutes: [AsyncFunction: calculateMinutes],
      createTimes: [AsyncFunction: createTimes],
      getCurrentHour: [AsyncFunction: getCurrentHour],
      getCurrentTime: [AsyncFunction: getCurrentTime],
      validateTimeFormat: [AsyncFunction: validateTimeFormat]
    }
  },
  dayConversion: {
    dayConversion: [Module: null prototype] {
      getCurrentDate: [AsyncFunction: getCurrentDate],
      getCurrentMonthAsString: [AsyncFunction: getCurrentMonthAsString],
      getCurrentWeek: [AsyncFunction: getCurrentWeek],
      getDayAsString: [AsyncFunction: getDayAsString],
      getDifferenceInDays: [AsyncFunction: getDifferenceInDays],
      isDateInWeek: [AsyncFunction: isDateInWeek]
    }
  },
  math: {
    math: [Module: null prototype] {
      calculateAverageMin: [AsyncFunction: calculateAverageMin],
      percentage: [AsyncFunction: percentage]
    }
  },
  checks: {
    checks: [Module: null prototype] {
      validateTwoArguments: [AsyncFunction: validateTwoArguments]
    }
  },
  discord: {
    buttonMenus: {
      activityListMenus: [Object: null prototype] [Module],
      demiterePendingMenus: [Object: null prototype] [Module],
      meniuChestorFeatureMenus: [Object: null prototype] [Module],
      meniuConcediuFeatureMenus: [Object: null prototype] [Module],
      meniuConducereFeatureMenus: [Object: null prototype] [Module],
      meniuInstructorFeatureMenus: [Object: null prototype] [Module],
      mphActivityMenus: [Object: null prototype] [Module],
      sanctionThreadCreationMenus: [Object: null prototype] [Module],
      subdepManagementMenus: [Object: null prototype] [Module],
      userEditMenus: [Object: null prototype] [Module],
      userSnapshotMenus: [Object: null prototype] [Module]
    },
    embeds: {
      activityListsEmbeds: [Object: null prototype] [Module],
      activityManagementEmbeds: [Object: null prototype] [Module],
      baseEmbeds: [Object: null prototype] [Module],
      meniuInstructorEmbeds: [Object: null prototype] [Module],
      subdepManagementEmbeds: [Object: null prototype] [Module],
      userActivityEmbeds: [Object: null prototype] [Module],
      userInfoEmbeds: [Object: null prototype] [Module]
    },
    errors: {},
    validate: {
      baseInputValidation: [Object: null prototype] [Module],
      formValidation: [Object: null prototype] [Module],
      meniuConcediuValidation: [Object: null prototype] [Module],
      subdepManagementValidation: [Object: null prototype] [Module]
    },
    logging: { base: [Object: null prototype] [Module] },
    modals: {
      formModals: [Object: null prototype] [Module],
      meniuConcediuModals: [Object: null prototype] [Module],
      sanctionThreadsModals: [Object: null prototype] [Module],
      subdepManagementModals: [Object: null prototype] [Module],
      userEditMenuModals: [Object: null prototype] [Module]
    },
    quickFunctions: {
      chestorListsQFuncs: [Object: null prototype] [Module],
      meniuInstructorQFuncs: [Object: null prototype] [Module],
      sanctionThreadsQFuncs: [Object: null prototype] [Module],
      simpleTranscriptGeneratorQFuncs: [Object: null prototype] [Module],
      subdepManagementQFuncs: [Object: null prototype] [Module],
      userAddQFuncs: [Object: null prototype] [Module]
    },
    roles: { rankUpdates: [Object: null prototype] [Module] },
    selectMenus: {
      meniuChestorSelectMenus: [Object: null prototype] [Module],
      meniuConducereSelectMenus: [Object: null prototype] [Module],
      meniuInstructorSelectMenus: [Object: null prototype] [Module],
      sanctionThreadsSelectMenus: [Object: null prototype] [Module],
      userActivitySelectMenus: [Object: null prototype] [Module],
      userSnapshotSelectMenus: [Object: null prototype] [Module]
    }
  },
  algorithms: {
    algos: [Module: null prototype] {
      gradeAlgorithm: [AsyncFunction: gradeAlgorithm]
    },
    algoUtils: [Module: null prototype] {
      calculateActionActivityScore: [AsyncFunction: calculateActionActivityScore],
      calculateActivityScore: [AsyncFunction: calculateActivityScore],
      calculateCallsScore: [AsyncFunction: calculateCallsScore],
      calculateFineScore: [AsyncFunction: calculateFineScore],
      calculateReportScore: [AsyncFunction: calculateReportScore],
      gradeAdjust: [AsyncFunction: gradeAdjust]
    }
  },
  activity: { utils: { utils: [Object: null prototype] [Module] } }
}
