[29.7.2024 12:58:54] [WEB ERROR] Failed to fetch: Error: 504
[29.7.2024 12:58:54] [BUTTON INTERACTION EVENT ERROR] Button interaction: informatii-membru failed to execute by matei.0505
TypeError: Cannot read properties of undefined (reading 'data')
    at Object.isOnDuty (/home/halvapi/Dev/polfury/pulsar/src/web/functions/web.js:12:33)
    at process.processTicksAndRejections (node:internal/process/task_queues:95:5)
    at async Object.sendUserInfoEmbed (/home/halvapi/Dev/polfury/src/utils/functions/discord/embeds.js:68:20)
    at async Object.execute (/home/halvapi/Dev/polfury/discord/button-interactions/info-membru/informatii.js:13:5)
    at async Client.<anonymous> (/home/halvapi/Dev/polfury/discord/handlers/interaction-events/buttonInteractionHandler.js:47:13)
[29.7.2024 12:58:54] [BUTTON INTERACTION EVENT ERROR] Button interaction: informatii-membru failed to execute by matei.0505
Error [InteractionAlreadyReplied]: The reply to this interaction has already been sent or deferred.
    at ButtonInteraction.deferReply (/home/halvapi/Dev/polfury/node_modules/.pnpm/discord.js@14.15.2/node_modules/discord.js/src/structures/interfaces/InteractionResponses.js:69:46)
    at Object.execute (/home/halvapi/Dev/polfury/discord/button-interactions/info-membru/informatii.js:5:23)
    at Client.<anonymous> (/home/halvapi/Dev/polfury/discord/handlers/interaction-events/buttonInteractionHandler.js:73:26)
    at process.processTicksAndRejections (node:internal/process/task_queues:95:5)
[29.7.2024 13:44:23] [WEB ERROR] Failed to fetch: Error: 504
[29.7.2024 13:44:23] [BUTTON INTERACTION EVENT ERROR] Button interaction: informatii-membru failed to execute by comeata
TypeError: Cannot read properties of undefined (reading 'data')
    at Object.isOnDuty (/home/halvapi/Dev/polfury/pulsar/src/web/functions/web.js:12:33)
    at process.processTicksAndRejections (node:internal/process/task_queues:95:5)
    at async Object.sendUserInfoEmbed (/home/halvapi/Dev/polfury/src/utils/functions/discord/embeds.js:68:20)
    at async Object.execute (/home/halvapi/Dev/polfury/discord/button-interactions/info-membru/informatii.js:13:5)
    at async Client.<anonymous> (/home/halvapi/Dev/polfury/discord/handlers/interaction-events/buttonInteractionHandler.js:47:13)
[29.7.2024 13:44:23] [BUTTON INTERACTION EVENT ERROR] Button interaction: informatii-membru failed to execute by comeata
Error [InteractionAlreadyReplied]: The reply to this interaction has already been sent or deferred.
    at ButtonInteraction.deferReply (/home/halvapi/Dev/polfury/node_modules/.pnpm/discord.js@14.15.2/node_modules/discord.js/src/structures/interfaces/InteractionResponses.js:69:46)
    at Object.execute (/home/halvapi/Dev/polfury/discord/button-interactions/info-membru/informatii.js:5:23)
    at Client.<anonymous> (/home/halvapi/Dev/polfury/discord/handlers/interaction-events/buttonInteractionHandler.js:73:26)
    at process.processTicksAndRejections (node:internal/process/task_queues:95:5)
[29.7.2024 13:57:02] [WEB ERROR] Failed to fetch: Error: 504
[29.7.2024 13:57:02] [BUTTON INTERACTION EVENT ERROR] Button interaction: informatii-membru failed to execute by pandi1234
TypeError: Cannot read properties of undefined (reading 'data')
    at Object.isOnDuty (/home/halvapi/Dev/polfury/pulsar/src/web/functions/web.js:12:33)
    at process.processTicksAndRejections (node:internal/process/task_queues:95:5)
    at async Object.sendUserInfoEmbed (/home/halvapi/Dev/polfury/src/utils/functions/discord/embeds.js:68:20)
    at async Object.execute (/home/halvapi/Dev/polfury/discord/button-interactions/info-membru/informatii.js:13:5)
    at async Client.<anonymous> (/home/halvapi/Dev/polfury/discord/handlers/interaction-events/buttonInteractionHandler.js:47:13)
[29.7.2024 13:57:02] [BUTTON INTERACTION EVENT ERROR] Button interaction: informatii-membru failed to execute by pandi1234
Error [InteractionAlreadyReplied]: The reply to this interaction has already been sent or deferred.
    at ButtonInteraction.deferReply (/home/halvapi/Dev/polfury/node_modules/.pnpm/discord.js@14.15.2/node_modules/discord.js/src/structures/interfaces/InteractionResponses.js:69:46)
    at Object.execute (/home/halvapi/Dev/polfury/discord/button-interactions/info-membru/informatii.js:5:23)
    at Client.<anonymous> (/home/halvapi/Dev/polfury/discord/handlers/interaction-events/buttonInteractionHandler.js:73:26)
    at process.processTicksAndRejections (node:internal/process/task_queues:95:5)
[29.7.2024 14:18:21] [WEB ERROR] Failed to fetch: Error: 504
[29.7.2024 14:18:21] [BUTTON INTERACTION EVENT ERROR] Button interaction: informatii-membru failed to execute by mecla.
TypeError: Cannot read properties of undefined (reading 'data')
    at Object.isOnDuty (/home/halvapi/Dev/polfury/pulsar/src/web/functions/web.js:12:33)
    at process.processTicksAndRejections (node:internal/process/task_queues:95:5)
    at async Object.sendUserInfoEmbed (/home/halvapi/Dev/polfury/src/utils/functions/discord/embeds.js:68:20)
    at async Object.execute (/home/halvapi/Dev/polfury/discord/button-interactions/info-membru/informatii.js:13:5)
    at async Client.<anonymous> (/home/halvapi/Dev/polfury/discord/handlers/interaction-events/buttonInteractionHandler.js:47:13)
[29.7.2024 14:18:21] [BUTTON INTERACTION EVENT ERROR] Button interaction: informatii-membru failed to execute by mecla.
Error [InteractionAlreadyReplied]: The reply to this interaction has already been sent or deferred.
    at ButtonInteraction.deferReply (/home/halvapi/Dev/polfury/node_modules/.pnpm/discord.js@14.15.2/node_modules/discord.js/src/structures/interfaces/InteractionResponses.js:69:46)
    at Object.execute (/home/halvapi/Dev/polfury/discord/button-interactions/info-membru/informatii.js:5:23)
    at Client.<anonymous> (/home/halvapi/Dev/polfury/discord/handlers/interaction-events/buttonInteractionHandler.js:73:26)
    at process.processTicksAndRejections (node:internal/process/task_queues:95:5)
[29.7.2024 15:05:47] [WEB ERROR] Failed to fetch: Error: 504
[29.7.2024 15:05:47] [BUTTON INTERACTION EVENT ERROR] Button interaction: informatii-membru failed to execute by mihaiweed
TypeError: Cannot read properties of undefined (reading 'data')
    at Object.isOnDuty (/home/halvapi/Dev/polfury/pulsar/src/web/functions/web.js:12:33)
    at process.processTicksAndRejections (node:internal/process/task_queues:95:5)
    at async Object.sendUserInfoEmbed (/home/halvapi/Dev/polfury/src/utils/functions/discord/embeds.js:68:20)
    at async Object.execute (/home/halvapi/Dev/polfury/discord/button-interactions/info-membru/informatii.js:13:5)
    at async Client.<anonymous> (/home/halvapi/Dev/polfury/discord/handlers/interaction-events/buttonInteractionHandler.js:47:13)
[29.7.2024 15:05:47] [BUTTON INTERACTION EVENT ERROR] Button interaction: informatii-membru failed to execute by mihaiweed
Error [InteractionAlreadyReplied]: The reply to this interaction has already been sent or deferred.
    at ButtonInteraction.deferReply (/home/halvapi/Dev/polfury/node_modules/.pnpm/discord.js@14.15.2/node_modules/discord.js/src/structures/interfaces/InteractionResponses.js:69:46)
    at Object.execute (/home/halvapi/Dev/polfury/discord/button-interactions/info-membru/informatii.js:5:23)
    at Client.<anonymous> (/home/halvapi/Dev/polfury/discord/handlers/interaction-events/buttonInteractionHandler.js:73:26)
    at process.processTicksAndRejections (node:internal/process/task_queues:95:5)
[29.7.2024 15:09:43] [WEB ERROR] Failed to fetch: Error: 504
[29.7.2024 15:09:43] [BUTTON INTERACTION EVENT ERROR] Button interaction: informatii-membru failed to execute by mihaiweed
TypeError: Cannot read properties of undefined (reading 'data')
    at Object.isOnDuty (/home/halvapi/Dev/polfury/pulsar/src/web/functions/web.js:12:33)
    at process.processTicksAndRejections (node:internal/process/task_queues:95:5)
    at async Object.sendUserInfoEmbed (/home/halvapi/Dev/polfury/src/utils/functions/discord/embeds.js:68:20)
    at async Object.execute (/home/halvapi/Dev/polfury/discord/button-interactions/info-membru/informatii.js:13:5)
    at async Client.<anonymous> (/home/halvapi/Dev/polfury/discord/handlers/interaction-events/buttonInteractionHandler.js:47:13)
[29.7.2024 15:09:43] [BUTTON INTERACTION EVENT ERROR] Button interaction: informatii-membru failed to execute by mihaiweed
Error [InteractionAlreadyReplied]: The reply to this interaction has already been sent or deferred.
    at ButtonInteraction.deferReply (/home/halvapi/Dev/polfury/node_modules/.pnpm/discord.js@14.15.2/node_modules/discord.js/src/structures/interfaces/InteractionResponses.js:69:46)
    at Object.execute (/home/halvapi/Dev/polfury/discord/button-interactions/info-membru/informatii.js:5:23)
    at Client.<anonymous> (/home/halvapi/Dev/polfury/discord/handlers/interaction-events/buttonInteractionHandler.js:73:26)
    at process.processTicksAndRejections (node:internal/process/task_queues:95:5)
[29.7.2024 17:01:00] [WEB ERROR] Failed to fetch: Error: 504
[29.7.2024 17:15:38] [WEB ERROR] Failed to fetch: Error: 504
[29.7.2024 17:15:38] [BUTTON INTERACTION EVENT ERROR] Button interaction: informatii-membru failed to execute by 21.yanis
TypeError: Cannot read properties of undefined (reading 'data')
    at Object.isOnDuty (/home/halvapi/Dev/polfury/pulsar/src/web/functions/web.js:12:33)
    at process.processTicksAndRejections (node:internal/process/task_queues:95:5)
    at async Object.sendUserInfoEmbed (/home/halvapi/Dev/polfury/src/utils/functions/discord/embeds.js:68:20)
    at async Object.execute (/home/halvapi/Dev/polfury/discord/button-interactions/info-membru/informatii.js:13:5)
    at async Client.<anonymous> (/home/halvapi/Dev/polfury/discord/handlers/interaction-events/buttonInteractionHandler.js:47:13)
[29.7.2024 17:15:38] [BUTTON INTERACTION EVENT ERROR] Button interaction: informatii-membru failed to execute by 21.yanis
Error [InteractionAlreadyReplied]: The reply to this interaction has already been sent or deferred.
    at ButtonInteraction.deferReply (/home/halvapi/Dev/polfury/node_modules/.pnpm/discord.js@14.15.2/node_modules/discord.js/src/structures/interfaces/InteractionResponses.js:69:46)
    at Object.execute (/home/halvapi/Dev/polfury/discord/button-interactions/info-membru/informatii.js:5:23)
    at Client.<anonymous> (/home/halvapi/Dev/polfury/discord/handlers/interaction-events/buttonInteractionHandler.js:73:26)
    at process.processTicksAndRejections (node:internal/process/task_queues:95:5)
[29.7.2024 17:21:35] [WEB ERROR] Failed to fetch: Error: 504
[29.7.2024 17:21:35] [BUTTON INTERACTION EVENT ERROR] Button interaction: informatii-membru failed to execute by comeata
TypeError: Cannot read properties of undefined (reading 'data')
    at Object.isOnDuty (/home/halvapi/Dev/polfury/pulsar/src/web/functions/web.js:12:33)
    at process.processTicksAndRejections (node:internal/process/task_queues:95:5)
    at async Object.sendUserInfoEmbed (/home/halvapi/Dev/polfury/src/utils/functions/discord/embeds.js:68:20)
    at async Object.execute (/home/halvapi/Dev/polfury/discord/button-interactions/info-membru/informatii.js:13:5)
    at async Client.<anonymous> (/home/halvapi/Dev/polfury/discord/handlers/interaction-events/buttonInteractionHandler.js:47:13)
[29.7.2024 17:21:35] [BUTTON INTERACTION EVENT ERROR] Button interaction: informatii-membru failed to execute by comeata
Error [InteractionAlreadyReplied]: The reply to this interaction has already been sent or deferred.
    at ButtonInteraction.deferReply (/home/halvapi/Dev/polfury/node_modules/.pnpm/discord.js@14.15.2/node_modules/discord.js/src/structures/interfaces/InteractionResponses.js:69:46)
    at Object.execute (/home/halvapi/Dev/polfury/discord/button-interactions/info-membru/informatii.js:5:23)
    at Client.<anonymous> (/home/halvapi/Dev/polfury/discord/handlers/interaction-events/buttonInteractionHandler.js:73:26)
    at process.processTicksAndRejections (node:internal/process/task_queues:95:5)
[29.7.2024 17:45:14] [WEB ERROR] Failed to fetch: Error: 504
[29.7.2024 17:45:14] [BUTTON INTERACTION EVENT ERROR] Button interaction: informatii-membru failed to execute by mixai
TypeError: Cannot read properties of undefined (reading 'data')
    at Object.isOnDuty (/home/halvapi/Dev/polfury/pulsar/src/web/functions/web.js:12:33)
    at process.processTicksAndRejections (node:internal/process/task_queues:95:5)
    at async Object.sendUserInfoEmbed (/home/halvapi/Dev/polfury/src/utils/functions/discord/embeds.js:68:20)
    at async Object.execute (/home/halvapi/Dev/polfury/discord/button-interactions/info-membru/informatii.js:13:5)
    at async Client.<anonymous> (/home/halvapi/Dev/polfury/discord/handlers/interaction-events/buttonInteractionHandler.js:47:13)
[29.7.2024 17:45:14] [BUTTON INTERACTION EVENT ERROR] Button interaction: informatii-membru failed to execute by mixai
Error [InteractionAlreadyReplied]: The reply to this interaction has already been sent or deferred.
    at ButtonInteraction.deferReply (/home/halvapi/Dev/polfury/node_modules/.pnpm/discord.js@14.15.2/node_modules/discord.js/src/structures/interfaces/InteractionResponses.js:69:46)
    at Object.execute (/home/halvapi/Dev/polfury/discord/button-interactions/info-membru/informatii.js:5:23)
    at Client.<anonymous> (/home/halvapi/Dev/polfury/discord/handlers/interaction-events/buttonInteractionHandler.js:73:26)
    at process.processTicksAndRejections (node:internal/process/task_queues:95:5)
[29.7.2024 18:03:24] [WEB ERROR] Failed to fetch: Error: 504
[29.7.2024 18:03:24] [BUTTON INTERACTION EVENT ERROR] Button interaction: informatii-membru failed to execute by comeata
TypeError: Cannot read properties of undefined (reading 'data')
    at Object.isOnDuty (/home/halvapi/Dev/polfury/pulsar/src/web/functions/web.js:12:33)
    at process.processTicksAndRejections (node:internal/process/task_queues:95:5)
    at async Object.sendUserInfoEmbed (/home/halvapi/Dev/polfury/src/utils/functions/discord/embeds.js:68:20)
    at async Object.execute (/home/halvapi/Dev/polfury/discord/button-interactions/info-membru/informatii.js:13:5)
    at async Client.<anonymous> (/home/halvapi/Dev/polfury/discord/handlers/interaction-events/buttonInteractionHandler.js:47:13)
[29.7.2024 18:03:24] [BUTTON INTERACTION EVENT ERROR] Button interaction: informatii-membru failed to execute by comeata
Error [InteractionAlreadyReplied]: The reply to this interaction has already been sent or deferred.
    at ButtonInteraction.deferReply (/home/halvapi/Dev/polfury/node_modules/.pnpm/discord.js@14.15.2/node_modules/discord.js/src/structures/interfaces/InteractionResponses.js:69:46)
    at Object.execute (/home/halvapi/Dev/polfury/discord/button-interactions/info-membru/informatii.js:5:23)
    at Client.<anonymous> (/home/halvapi/Dev/polfury/discord/handlers/interaction-events/buttonInteractionHandler.js:73:26)
    at process.processTicksAndRejections (node:internal/process/task_queues:95:5)
[29.7.2024 18:07:29] [MODAL INTERACTION EVENT ERROR] ConnectTimeoutError: Connect Timeout Error
ConnectTimeoutError: Connect Timeout Error
    at onConnectTimeout (/home/halvapi/Dev/polfury/node_modules/.pnpm/undici@6.13.0/node_modules/undici/lib/core/connect.js:190:24)
    at /home/halvapi/Dev/polfury/node_modules/.pnpm/undici@6.13.0/node_modules/undici/lib/core/connect.js:133:46
    at Immediate._onImmediate (/home/halvapi/Dev/polfury/node_modules/.pnpm/undici@6.13.0/node_modules/undici/lib/core/connect.js:174:9)
    at process.processImmediate (node:internal/timers:471:21)
[29.7.2024 18:30:30] [WEB ERROR] Failed to fetch: Error: 504
[29.7.2024 18:30:30] [BUTTON INTERACTION EVENT ERROR] Button interaction: informatii-membru failed to execute by nostradamus.info
TypeError: Cannot read properties of undefined (reading 'data')
    at Object.isOnDuty (/home/halvapi/Dev/polfury/pulsar/src/web/functions/web.js:12:33)
    at process.processTicksAndRejections (node:internal/process/task_queues:95:5)
    at async Object.sendUserInfoEmbed (/home/halvapi/Dev/polfury/src/utils/functions/discord/embeds.js:68:20)
    at async Object.execute (/home/halvapi/Dev/polfury/discord/button-interactions/info-membru/informatii.js:13:5)
    at async Client.<anonymous> (/home/halvapi/Dev/polfury/discord/handlers/interaction-events/buttonInteractionHandler.js:47:13)
[29.7.2024 18:30:30] [BUTTON INTERACTION EVENT ERROR] Button interaction: informatii-membru failed to execute by nostradamus.info
Error [InteractionAlreadyReplied]: The reply to this interaction has already been sent or deferred.
    at ButtonInteraction.deferReply (/home/halvapi/Dev/polfury/node_modules/.pnpm/discord.js@14.15.2/node_modules/discord.js/src/structures/interfaces/InteractionResponses.js:69:46)
    at Object.execute (/home/halvapi/Dev/polfury/discord/button-interactions/info-membru/informatii.js:5:23)
    at Client.<anonymous> (/home/halvapi/Dev/polfury/discord/handlers/interaction-events/buttonInteractionHandler.js:73:26)
    at process.processTicksAndRejections (node:internal/process/task_queues:95:5)
[29.7.2024 19:01:00] [WEB ERROR] Failed to fetch: Error: 504
[29.7.2024 19:27:20] [WEB ERROR] Failed to fetch: Error: 504
[29.7.2024 19:27:20] [BUTTON INTERACTION EVENT ERROR] Button interaction: informatii-membru failed to execute by covritm
TypeError: Cannot read properties of undefined (reading 'data')
    at Object.isOnDuty (/home/halvapi/Dev/polfury/pulsar/src/web/functions/web.js:12:33)
    at process.processTicksAndRejections (node:internal/process/task_queues:95:5)
    at async Object.sendUserInfoEmbed (/home/halvapi/Dev/polfury/src/utils/functions/discord/embeds.js:68:20)
    at async Object.execute (/home/halvapi/Dev/polfury/discord/button-interactions/info-membru/informatii.js:13:5)
    at async Client.<anonymous> (/home/halvapi/Dev/polfury/discord/handlers/interaction-events/buttonInteractionHandler.js:47:13)
[29.7.2024 19:27:20] [BUTTON INTERACTION EVENT ERROR] Button interaction: informatii-membru failed to execute by covritm
Error [InteractionAlreadyReplied]: The reply to this interaction has already been sent or deferred.
    at ButtonInteraction.deferReply (/home/halvapi/Dev/polfury/node_modules/.pnpm/discord.js@14.15.2/node_modules/discord.js/src/structures/interfaces/InteractionResponses.js:69:46)
    at Object.execute (/home/halvapi/Dev/polfury/discord/button-interactions/info-membru/informatii.js:5:23)
    at Client.<anonymous> (/home/halvapi/Dev/polfury/discord/handlers/interaction-events/buttonInteractionHandler.js:73:26)
    at process.processTicksAndRejections (node:internal/process/task_queues:95:5)
[29.7.2024 20:16:57] [WEB ERROR] Failed to fetch: Error: 504
[29.7.2024 20:16:57] [BUTTON INTERACTION EVENT ERROR] Button interaction: informatii-membru failed to execute by antiurss.
TypeError: Cannot read properties of undefined (reading 'data')
    at Object.isOnDuty (/home/halvapi/Dev/polfury/pulsar/src/web/functions/web.js:12:33)
    at process.processTicksAndRejections (node:internal/process/task_queues:95:5)
    at async Object.sendUserInfoEmbed (/home/halvapi/Dev/polfury/src/utils/functions/discord/embeds.js:68:20)
    at async Object.execute (/home/halvapi/Dev/polfury/discord/button-interactions/info-membru/informatii.js:13:5)
    at async Client.<anonymous> (/home/halvapi/Dev/polfury/discord/handlers/interaction-events/buttonInteractionHandler.js:47:13)
[29.7.2024 20:16:57] [BUTTON INTERACTION EVENT ERROR] Button interaction: informatii-membru failed to execute by antiurss.
Error [InteractionAlreadyReplied]: The reply to this interaction has already been sent or deferred.
    at ButtonInteraction.deferReply (/home/halvapi/Dev/polfury/node_modules/.pnpm/discord.js@14.15.2/node_modules/discord.js/src/structures/interfaces/InteractionResponses.js:69:46)
    at Object.execute (/home/halvapi/Dev/polfury/discord/button-interactions/info-membru/informatii.js:5:23)
    at Client.<anonymous> (/home/halvapi/Dev/polfury/discord/handlers/interaction-events/buttonInteractionHandler.js:73:26)
    at process.processTicksAndRejections (node:internal/process/task_queues:95:5)
[29.7.2024 20:30:20] [WEB ERROR] Failed to fetch: Error: 504
[29.7.2024 20:30:20] [BUTTON INTERACTION EVENT ERROR] Button interaction: informatii-membru failed to execute by .stefancj.
TypeError: Cannot read properties of undefined (reading 'data')
    at Object.isOnDuty (/home/halvapi/Dev/polfury/pulsar/src/web/functions/web.js:12:33)
    at process.processTicksAndRejections (node:internal/process/task_queues:95:5)
    at async Object.sendUserInfoEmbed (/home/halvapi/Dev/polfury/src/utils/functions/discord/embeds.js:68:20)
    at async Object.execute (/home/halvapi/Dev/polfury/discord/button-interactions/info-membru/informatii.js:13:5)
    at async Client.<anonymous> (/home/halvapi/Dev/polfury/discord/handlers/interaction-events/buttonInteractionHandler.js:47:13)
[29.7.2024 20:30:20] [BUTTON INTERACTION EVENT ERROR] Button interaction: informatii-membru failed to execute by .stefancj.
Error [InteractionAlreadyReplied]: The reply to this interaction has already been sent or deferred.
    at ButtonInteraction.deferReply (/home/halvapi/Dev/polfury/node_modules/.pnpm/discord.js@14.15.2/node_modules/discord.js/src/structures/interfaces/InteractionResponses.js:69:46)
    at Object.execute (/home/halvapi/Dev/polfury/discord/button-interactions/info-membru/informatii.js:5:23)
    at Client.<anonymous> (/home/halvapi/Dev/polfury/discord/handlers/interaction-events/buttonInteractionHandler.js:73:26)
    at process.processTicksAndRejections (node:internal/process/task_queues:95:5)
[29.7.2024 20:48:23] [WEB ERROR] Failed to fetch: Error: 504
[29.7.2024 20:48:23] [BUTTON INTERACTION EVENT ERROR] Button interaction: informatii-membru failed to execute by _jupanu
TypeError: Cannot read properties of undefined (reading 'data')
    at Object.isOnDuty (/home/halvapi/Dev/polfury/pulsar/src/web/functions/web.js:12:33)
    at process.processTicksAndRejections (node:internal/process/task_queues:95:5)
    at async Object.sendUserInfoEmbed (/home/halvapi/Dev/polfury/src/utils/functions/discord/embeds.js:68:20)
    at async Object.execute (/home/halvapi/Dev/polfury/discord/button-interactions/info-membru/informatii.js:13:5)
    at async Client.<anonymous> (/home/halvapi/Dev/polfury/discord/handlers/interaction-events/buttonInteractionHandler.js:47:13)
[29.7.2024 20:48:23] [BUTTON INTERACTION EVENT ERROR] Button interaction: informatii-membru failed to execute by _jupanu
Error [InteractionAlreadyReplied]: The reply to this interaction has already been sent or deferred.
    at ButtonInteraction.deferReply (/home/halvapi/Dev/polfury/node_modules/.pnpm/discord.js@14.15.2/node_modules/discord.js/src/structures/interfaces/InteractionResponses.js:69:46)
    at Object.execute (/home/halvapi/Dev/polfury/discord/button-interactions/info-membru/informatii.js:5:23)
    at Client.<anonymous> (/home/halvapi/Dev/polfury/discord/handlers/interaction-events/buttonInteractionHandler.js:73:26)
    at process.processTicksAndRejections (node:internal/process/task_queues:95:5)
[29.7.2024 21:01:00] [WEB ERROR] Failed to fetch: Error: 504
[29.7.2024 21:12:39] [WEB ERROR] Failed to fetch: Error: 504
[29.7.2024 21:12:39] [BUTTON INTERACTION EVENT ERROR] Button interaction: informatii failed to execute by dariusss1337
TypeError: Cannot read properties of undefined (reading 'data')
    at Object.isOnDuty (/home/halvapi/Dev/polfury/pulsar/src/web/functions/web.js:12:33)
    at process.processTicksAndRejections (node:internal/process/task_queues:95:5)
    at async Object.sendUserInfoEmbed (/home/halvapi/Dev/polfury/src/utils/functions/discord/embeds.js:68:20)
    at async Object.execute (/home/halvapi/Dev/polfury/discord/button-interactions/meniu-conducere/infoMembru.js:9:5)
    at async Client.<anonymous> (/home/halvapi/Dev/polfury/discord/handlers/interaction-events/buttonInteractionHandler.js:73:13)
[29.7.2024 22:05:37] [WEB ERROR] Failed to fetch: Error: 504
[29.7.2024 22:05:37] [BUTTON INTERACTION EVENT ERROR] Button interaction: informatii-membru failed to execute by .badan.
TypeError: Cannot read properties of undefined (reading 'data')
    at Object.isOnDuty (/home/halvapi/Dev/polfury/pulsar/src/web/functions/web.js:12:33)
    at process.processTicksAndRejections (node:internal/process/task_queues:95:5)
    at async Object.sendUserInfoEmbed (/home/halvapi/Dev/polfury/src/utils/functions/discord/embeds.js:68:20)
    at async Object.execute (/home/halvapi/Dev/polfury/discord/button-interactions/info-membru/informatii.js:13:5)
    at async Client.<anonymous> (/home/halvapi/Dev/polfury/discord/handlers/interaction-events/buttonInteractionHandler.js:47:13)
[29.7.2024 22:05:37] [BUTTON INTERACTION EVENT ERROR] Button interaction: informatii-membru failed to execute by .badan.
Error [InteractionAlreadyReplied]: The reply to this interaction has already been sent or deferred.
    at ButtonInteraction.deferReply (/home/halvapi/Dev/polfury/node_modules/.pnpm/discord.js@14.15.2/node_modules/discord.js/src/structures/interfaces/InteractionResponses.js:69:46)
    at Object.execute (/home/halvapi/Dev/polfury/discord/button-interactions/info-membru/informatii.js:5:23)
    at Client.<anonymous> (/home/halvapi/Dev/polfury/discord/handlers/interaction-events/buttonInteractionHandler.js:73:26)
    at process.processTicksAndRejections (node:internal/process/task_queues:95:5)
[29.7.2024 23:25:45] [WEB ERROR] Failed to fetch: Error: 504
[29.7.2024 23:25:45] [BUTTON INTERACTION EVENT ERROR] Button interaction: informatii-membru failed to execute by comeata
TypeError: Cannot read properties of undefined (reading 'data')
    at Object.isOnDuty (/home/halvapi/Dev/polfury/pulsar/src/web/functions/web.js:12:33)
    at process.processTicksAndRejections (node:internal/process/task_queues:95:5)
    at async Object.sendUserInfoEmbed (/home/halvapi/Dev/polfury/src/utils/functions/discord/embeds.js:68:20)
    at async Object.execute (/home/halvapi/Dev/polfury/discord/button-interactions/info-membru/informatii.js:13:5)
    at async Client.<anonymous> (/home/halvapi/Dev/polfury/discord/handlers/interaction-events/buttonInteractionHandler.js:47:13)
[29.7.2024 23:25:45] [BUTTON INTERACTION EVENT ERROR] Button interaction: informatii-membru failed to execute by comeata
Error [InteractionAlreadyReplied]: The reply to this interaction has already been sent or deferred.
    at ButtonInteraction.deferReply (/home/halvapi/Dev/polfury/node_modules/.pnpm/discord.js@14.15.2/node_modules/discord.js/src/structures/interfaces/InteractionResponses.js:69:46)
    at Object.execute (/home/halvapi/Dev/polfury/discord/button-interactions/info-membru/informatii.js:5:23)
    at Client.<anonymous> (/home/halvapi/Dev/polfury/discord/handlers/interaction-events/buttonInteractionHandler.js:73:26)
    at process.processTicksAndRejections (node:internal/process/task_queues:95:5)
[29.7.2024 23:28:53] [WEB ERROR] Failed to fetch: Error: 504
[29.7.2024 23:28:53] [BUTTON INTERACTION EVENT ERROR] Button interaction: informatii-membru failed to execute by comeata
TypeError: Cannot read properties of undefined (reading 'data')
    at Object.isOnDuty (/home/halvapi/Dev/polfury/pulsar/src/web/functions/web.js:12:33)
    at process.processTicksAndRejections (node:internal/process/task_queues:95:5)
    at async Object.sendUserInfoEmbed (/home/halvapi/Dev/polfury/src/utils/functions/discord/embeds.js:68:20)
    at async Object.execute (/home/halvapi/Dev/polfury/discord/button-interactions/info-membru/informatii.js:13:5)
    at async Client.<anonymous> (/home/halvapi/Dev/polfury/discord/handlers/interaction-events/buttonInteractionHandler.js:47:13)
[29.7.2024 23:28:53] [BUTTON INTERACTION EVENT ERROR] Button interaction: informatii-membru failed to execute by comeata
Error [InteractionAlreadyReplied]: The reply to this interaction has already been sent or deferred.
    at ButtonInteraction.deferReply (/home/halvapi/Dev/polfury/node_modules/.pnpm/discord.js@14.15.2/node_modules/discord.js/src/structures/interfaces/InteractionResponses.js:69:46)
    at Object.execute (/home/halvapi/Dev/polfury/discord/button-interactions/info-membru/informatii.js:5:23)
    at Client.<anonymous> (/home/halvapi/Dev/polfury/discord/handlers/interaction-events/buttonInteractionHandler.js:73:26)
    at process.processTicksAndRejections (node:internal/process/task_queues:95:5)
[29.7.2024 23:32:54] [WEB ERROR] Failed to fetch: Error: 504
[29.7.2024 23:32:54] [BUTTON INTERACTION EVENT ERROR] Button interaction: informatii-membru failed to execute by .vlad.albanezu.
TypeError: Cannot read properties of undefined (reading 'data')
    at Object.isOnDuty (/home/halvapi/Dev/polfury/pulsar/src/web/functions/web.js:12:33)
    at process.processTicksAndRejections (node:internal/process/task_queues:95:5)
    at async Object.sendUserInfoEmbed (/home/halvapi/Dev/polfury/src/utils/functions/discord/embeds.js:68:20)
    at async Object.execute (/home/halvapi/Dev/polfury/discord/button-interactions/info-membru/informatii.js:13:5)
    at async Client.<anonymous> (/home/halvapi/Dev/polfury/discord/handlers/interaction-events/buttonInteractionHandler.js:47:13)
[29.7.2024 23:32:54] [BUTTON INTERACTION EVENT ERROR] Button interaction: informatii-membru failed to execute by .vlad.albanezu.
Error [InteractionAlreadyReplied]: The reply to this interaction has already been sent or deferred.
    at ButtonInteraction.deferReply (/home/halvapi/Dev/polfury/node_modules/.pnpm/discord.js@14.15.2/node_modules/discord.js/src/structures/interfaces/InteractionResponses.js:69:46)
    at Object.execute (/home/halvapi/Dev/polfury/discord/button-interactions/info-membru/informatii.js:5:23)
    at Client.<anonymous> (/home/halvapi/Dev/polfury/discord/handlers/interaction-events/buttonInteractionHandler.js:73:26)
    at process.processTicksAndRejections (node:internal/process/task_queues:95:5)
[29.7.2024 23:58:35] [WEB ERROR] Failed to fetch: Error: 504
[29.7.2024 23:58:35] [BUTTON INTERACTION EVENT ERROR] Button interaction: informatii-membru failed to execute by _jupanu
TypeError: Cannot read properties of undefined (reading 'data')
    at Object.isOnDuty (/home/halvapi/Dev/polfury/pulsar/src/web/functions/web.js:12:33)
    at process.processTicksAndRejections (node:internal/process/task_queues:95:5)
    at async Object.sendUserInfoEmbed (/home/halvapi/Dev/polfury/src/utils/functions/discord/embeds.js:68:20)
    at async Object.execute (/home/halvapi/Dev/polfury/discord/button-interactions/info-membru/informatii.js:13:5)
    at async Client.<anonymous> (/home/halvapi/Dev/polfury/discord/handlers/interaction-events/buttonInteractionHandler.js:47:13)
[29.7.2024 23:58:35] [BUTTON INTERACTION EVENT ERROR] Button interaction: informatii-membru failed to execute by _jupanu
Error [InteractionAlreadyReplied]: The reply to this interaction has already been sent or deferred.
    at ButtonInteraction.deferReply (/home/halvapi/Dev/polfury/node_modules/.pnpm/discord.js@14.15.2/node_modules/discord.js/src/structures/interfaces/InteractionResponses.js:69:46)
    at Object.execute (/home/halvapi/Dev/polfury/discord/button-interactions/info-membru/informatii.js:5:23)
    at Client.<anonymous> (/home/halvapi/Dev/polfury/discord/handlers/interaction-events/buttonInteractionHandler.js:73:26)
    at process.processTicksAndRejections (node:internal/process/task_queues:95:5)
[30.7.2024 00:41:13] [WEB ERROR] Failed to fetch: Error: 504
[30.7.2024 00:41:13] [BUTTON INTERACTION EVENT ERROR] Button interaction: informatii-membru failed to execute by .stefancj.
TypeError: Cannot read properties of undefined (reading 'data')
    at Object.isOnDuty (/home/halvapi/Dev/polfury/pulsar/src/web/functions/web.js:12:33)
    at process.processTicksAndRejections (node:internal/process/task_queues:95:5)
    at async Object.sendUserInfoEmbed (/home/halvapi/Dev/polfury/src/utils/functions/discord/embeds.js:68:20)
    at async Object.execute (/home/halvapi/Dev/polfury/discord/button-interactions/info-membru/informatii.js:13:5)
    at async Client.<anonymous> (/home/halvapi/Dev/polfury/discord/handlers/interaction-events/buttonInteractionHandler.js:47:13)
[30.7.2024 00:41:13] [BUTTON INTERACTION EVENT ERROR] Button interaction: informatii-membru failed to execute by .stefancj.
Error [InteractionAlreadyReplied]: The reply to this interaction has already been sent or deferred.
    at ButtonInteraction.deferReply (/home/halvapi/Dev/polfury/node_modules/.pnpm/discord.js@14.15.2/node_modules/discord.js/src/structures/interfaces/InteractionResponses.js:69:46)
    at Object.execute (/home/halvapi/Dev/polfury/discord/button-interactions/info-membru/informatii.js:5:23)
    at Client.<anonymous> (/home/halvapi/Dev/polfury/discord/handlers/interaction-events/buttonInteractionHandler.js:73:26)
    at process.processTicksAndRejections (node:internal/process/task_queues:95:5)
[30.7.2024 01:28:58] [WEB ERROR] Failed to fetch: Error: 504
[30.7.2024 01:28:58] [BUTTON INTERACTION EVENT ERROR] Button interaction: informatii-membru failed to execute by comeata
TypeError: Cannot read properties of undefined (reading 'data')
    at Object.isOnDuty (/home/halvapi/Dev/polfury/pulsar/src/web/functions/web.js:12:33)
    at process.processTicksAndRejections (node:internal/process/task_queues:95:5)
    at async Object.sendUserInfoEmbed (/home/halvapi/Dev/polfury/src/utils/functions/discord/embeds.js:68:20)
    at async Object.execute (/home/halvapi/Dev/polfury/discord/button-interactions/info-membru/informatii.js:13:5)
    at async Client.<anonymous> (/home/halvapi/Dev/polfury/discord/handlers/interaction-events/buttonInteractionHandler.js:47:13)
[30.7.2024 01:28:58] [BUTTON INTERACTION EVENT ERROR] Button interaction: informatii-membru failed to execute by comeata
Error [InteractionAlreadyReplied]: The reply to this interaction has already been sent or deferred.
    at ButtonInteraction.deferReply (/home/halvapi/Dev/polfury/node_modules/.pnpm/discord.js@14.15.2/node_modules/discord.js/src/structures/interfaces/InteractionResponses.js:69:46)
    at Object.execute (/home/halvapi/Dev/polfury/discord/button-interactions/info-membru/informatii.js:5:23)
    at Client.<anonymous> (/home/halvapi/Dev/polfury/discord/handlers/interaction-events/buttonInteractionHandler.js:73:26)
    at process.processTicksAndRejections (node:internal/process/task_queues:95:5)
[30.7.2024 04:42:25] [WEB ERROR] Failed to fetch: Error: 504
[30.7.2024 04:42:25] [BUTTON INTERACTION EVENT ERROR] Button interaction: informatii-membru failed to execute by lucaciobo
TypeError: Cannot read properties of undefined (reading 'data')
    at Object.isOnDuty (/home/halvapi/Dev/polfury/pulsar/src/web/functions/web.js:12:33)
    at process.processTicksAndRejections (node:internal/process/task_queues:95:5)
    at async Object.sendUserInfoEmbed (/home/halvapi/Dev/polfury/src/utils/functions/discord/embeds.js:68:20)
    at async Object.execute (/home/halvapi/Dev/polfury/discord/button-interactions/info-membru/informatii.js:13:5)
    at async Client.<anonymous> (/home/halvapi/Dev/polfury/discord/handlers/interaction-events/buttonInteractionHandler.js:47:13)
[30.7.2024 04:42:25] [BUTTON INTERACTION EVENT ERROR] Button interaction: informatii-membru failed to execute by lucaciobo
Error [InteractionAlreadyReplied]: The reply to this interaction has already been sent or deferred.
    at ButtonInteraction.deferReply (/home/halvapi/Dev/polfury/node_modules/.pnpm/discord.js@14.15.2/node_modules/discord.js/src/structures/interfaces/InteractionResponses.js:69:46)
    at Object.execute (/home/halvapi/Dev/polfury/discord/button-interactions/info-membru/informatii.js:5:23)
    at Client.<anonymous> (/home/halvapi/Dev/polfury/discord/handlers/interaction-events/buttonInteractionHandler.js:73:26)
    at process.processTicksAndRejections (node:internal/process/task_queues:95:5)
[30.7.2024 08:01:00] [WEB ERROR] Failed to fetch: Error: 504
[30.7.2024 08:13:33] [WEB ERROR] Failed to fetch: Error: 504
[30.7.2024 08:13:33] [BUTTON INTERACTION EVENT ERROR] Button interaction: informatii-membru failed to execute by lucaciobo
TypeError: Cannot read properties of undefined (reading 'data')
    at Object.isOnDuty (/home/halvapi/Dev/polfury/pulsar/src/web/functions/web.js:12:33)
    at process.processTicksAndRejections (node:internal/process/task_queues:95:5)
    at async Object.sendUserInfoEmbed (/home/halvapi/Dev/polfury/src/utils/functions/discord/embeds.js:68:20)
    at async Object.execute (/home/halvapi/Dev/polfury/discord/button-interactions/info-membru/informatii.js:13:5)
    at async Client.<anonymous> (/home/halvapi/Dev/polfury/discord/handlers/interaction-events/buttonInteractionHandler.js:47:13)
[30.7.2024 08:13:33] [BUTTON INTERACTION EVENT ERROR] Button interaction: informatii-membru failed to execute by lucaciobo
Error [InteractionAlreadyReplied]: The reply to this interaction has already been sent or deferred.
    at ButtonInteraction.deferReply (/home/halvapi/Dev/polfury/node_modules/.pnpm/discord.js@14.15.2/node_modules/discord.js/src/structures/interfaces/InteractionResponses.js:69:46)
    at Object.execute (/home/halvapi/Dev/polfury/discord/button-interactions/info-membru/informatii.js:5:23)
    at Client.<anonymous> (/home/halvapi/Dev/polfury/discord/handlers/interaction-events/buttonInteractionHandler.js:73:26)
    at process.processTicksAndRejections (node:internal/process/task_queues:95:5)
[30.7.2024 10:20:31] [WEB ERROR] Failed to fetch: Error: 504
[30.7.2024 10:20:31] [BUTTON INTERACTION EVENT ERROR] Button interaction: informatii-membru failed to execute by raulica224
TypeError: Cannot read properties of undefined (reading 'data')
    at Object.isOnDuty (/home/halvapi/Dev/polfury/pulsar/src/web/functions/web.js:12:33)
    at process.processTicksAndRejections (node:internal/process/task_queues:95:5)
    at async Object.sendUserInfoEmbed (/home/halvapi/Dev/polfury/src/utils/functions/discord/embeds.js:68:20)
    at async Object.execute (/home/halvapi/Dev/polfury/discord/button-interactions/info-membru/informatii.js:13:5)
    at async Client.<anonymous> (/home/halvapi/Dev/polfury/discord/handlers/interaction-events/buttonInteractionHandler.js:47:13)
[30.7.2024 10:20:31] [BUTTON INTERACTION EVENT ERROR] Button interaction: informatii-membru failed to execute by raulica224
Error [InteractionAlreadyReplied]: The reply to this interaction has already been sent or deferred.
    at ButtonInteraction.deferReply (/home/halvapi/Dev/polfury/node_modules/.pnpm/discord.js@14.15.2/node_modules/discord.js/src/structures/interfaces/InteractionResponses.js:69:46)
    at Object.execute (/home/halvapi/Dev/polfury/discord/button-interactions/info-membru/informatii.js:5:23)
    at Client.<anonymous> (/home/halvapi/Dev/polfury/discord/handlers/interaction-events/buttonInteractionHandler.js:73:26)
    at process.processTicksAndRejections (node:internal/process/task_queues:95:5)
[30.7.2024 11:01:00] [WEB ERROR] Failed to fetch: Error: 504
[30.7.2024 11:37:26] [WEB ERROR] Failed to fetch: Error: 504
[30.7.2024 11:37:26] [BUTTON INTERACTION EVENT ERROR] Button interaction: informatii-membru failed to execute by lucaciobo
TypeError: Cannot read properties of undefined (reading 'data')
    at Object.isOnDuty (/home/halvapi/Dev/polfury/pulsar/src/web/functions/web.js:12:33)
    at process.processTicksAndRejections (node:internal/process/task_queues:95:5)
    at async Object.sendUserInfoEmbed (/home/halvapi/Dev/polfury/src/utils/functions/discord/embeds.js:68:20)
    at async Object.execute (/home/halvapi/Dev/polfury/discord/button-interactions/info-membru/informatii.js:13:5)
    at async Client.<anonymous> (/home/halvapi/Dev/polfury/discord/handlers/interaction-events/buttonInteractionHandler.js:47:13)
[30.7.2024 11:37:26] [BUTTON INTERACTION EVENT ERROR] Button interaction: informatii-membru failed to execute by lucaciobo
Error [InteractionAlreadyReplied]: The reply to this interaction has already been sent or deferred.
    at ButtonInteraction.deferReply (/home/halvapi/Dev/polfury/node_modules/.pnpm/discord.js@14.15.2/node_modules/discord.js/src/structures/interfaces/InteractionResponses.js:69:46)
    at Object.execute (/home/halvapi/Dev/polfury/discord/button-interactions/info-membru/informatii.js:5:23)
    at Client.<anonymous> (/home/halvapi/Dev/polfury/discord/handlers/interaction-events/buttonInteractionHandler.js:73:26)
    at process.processTicksAndRejections (node:internal/process/task_queues:95:5)
[30.7.2024 11:54:49] [WEB ERROR] Failed to fetch: Error: 504
[30.7.2024 11:54:49] [BUTTON INTERACTION EVENT ERROR] Button interaction: informatii-membru failed to execute by lucaciobo
TypeError: Cannot read properties of undefined (reading 'data')
    at Object.isOnDuty (/home/halvapi/Dev/polfury/pulsar/src/web/functions/web.js:12:33)
    at process.processTicksAndRejections (node:internal/process/task_queues:95:5)
    at async Object.sendUserInfoEmbed (/home/halvapi/Dev/polfury/src/utils/functions/discord/embeds.js:68:20)
    at async Object.execute (/home/halvapi/Dev/polfury/discord/button-interactions/info-membru/informatii.js:13:5)
    at async Client.<anonymous> (/home/halvapi/Dev/polfury/discord/handlers/interaction-events/buttonInteractionHandler.js:47:13)
[30.7.2024 11:54:49] [BUTTON INTERACTION EVENT ERROR] Button interaction: informatii-membru failed to execute by lucaciobo
Error [InteractionAlreadyReplied]: The reply to this interaction has already been sent or deferred.
    at ButtonInteraction.deferReply (/home/halvapi/Dev/polfury/node_modules/.pnpm/discord.js@14.15.2/node_modules/discord.js/src/structures/interfaces/InteractionResponses.js:69:46)
    at Object.execute (/home/halvapi/Dev/polfury/discord/button-interactions/info-membru/informatii.js:5:23)
    at Client.<anonymous> (/home/halvapi/Dev/polfury/discord/handlers/interaction-events/buttonInteractionHandler.js:73:26)
    at process.processTicksAndRejections (node:internal/process/task_queues:95:5)
[30.7.2024 13:18:49] [WEB ERROR] Failed to fetch: Error: 504
[30.7.2024 13:18:49] [BUTTON INTERACTION EVENT ERROR] Button interaction: informatii-membru failed to execute by theayeshaero
TypeError: Cannot read properties of undefined (reading 'data')
    at Object.isOnDuty (/home/halvapi/Dev/polfury/pulsar/src/web/functions/web.js:12:33)
    at process.processTicksAndRejections (node:internal/process/task_queues:95:5)
    at async Object.sendUserInfoEmbed (/home/halvapi/Dev/polfury/src/utils/functions/discord/embeds.js:68:20)
    at async Object.execute (/home/halvapi/Dev/polfury/discord/button-interactions/info-membru/informatii.js:13:5)
    at async Client.<anonymous> (/home/halvapi/Dev/polfury/discord/handlers/interaction-events/buttonInteractionHandler.js:47:13)
[30.7.2024 13:18:49] [BUTTON INTERACTION EVENT ERROR] Button interaction: informatii-membru failed to execute by theayeshaero
Error [InteractionAlreadyReplied]: The reply to this interaction has already been sent or deferred.
    at ButtonInteraction.deferReply (/home/halvapi/Dev/polfury/node_modules/.pnpm/discord.js@14.15.2/node_modules/discord.js/src/structures/interfaces/InteractionResponses.js:69:46)
    at Object.execute (/home/halvapi/Dev/polfury/discord/button-interactions/info-membru/informatii.js:5:23)
    at Client.<anonymous> (/home/halvapi/Dev/polfury/discord/handlers/interaction-events/buttonInteractionHandler.js:73:26)
    at process.processTicksAndRejections (node:internal/process/task_queues:95:5)
[30.7.2024 13:23:34] [WEB ERROR] Failed to fetch: Error: 504
[30.7.2024 13:23:34] [BUTTON INTERACTION EVENT ERROR] Button interaction: informatii-membru failed to execute by aka.wxy_
TypeError: Cannot read properties of undefined (reading 'data')
    at Object.isOnDuty (/home/halvapi/Dev/polfury/pulsar/src/web/functions/web.js:12:33)
    at process.processTicksAndRejections (node:internal/process/task_queues:95:5)
    at async Object.sendUserInfoEmbed (/home/halvapi/Dev/polfury/src/utils/functions/discord/embeds.js:68:20)
    at async Object.execute (/home/halvapi/Dev/polfury/discord/button-interactions/info-membru/informatii.js:13:5)
    at async Client.<anonymous> (/home/halvapi/Dev/polfury/discord/handlers/interaction-events/buttonInteractionHandler.js:47:13)
[30.7.2024 13:23:34] [BUTTON INTERACTION EVENT ERROR] Button interaction: informatii-membru failed to execute by aka.wxy_
Error [InteractionAlreadyReplied]: The reply to this interaction has already been sent or deferred.
    at ButtonInteraction.deferReply (/home/halvapi/Dev/polfury/node_modules/.pnpm/discord.js@14.15.2/node_modules/discord.js/src/structures/interfaces/InteractionResponses.js:69:46)
    at Object.execute (/home/halvapi/Dev/polfury/discord/button-interactions/info-membru/informatii.js:5:23)
    at Client.<anonymous> (/home/halvapi/Dev/polfury/discord/handlers/interaction-events/buttonInteractionHandler.js:73:26)
    at process.processTicksAndRejections (node:internal/process/task_queues:95:5)
[30.7.2024 13:38:36] [WEB ERROR] Failed to fetch: Error: 504
[30.7.2024 13:38:36] [BUTTON INTERACTION EVENT ERROR] Button interaction: informatii-membru failed to execute by ionutss12
TypeError: Cannot read properties of undefined (reading 'data')
    at Object.isOnDuty (/home/halvapi/Dev/polfury/pulsar/src/web/functions/web.js:12:33)
    at process.processTicksAndRejections (node:internal/process/task_queues:95:5)
    at async Object.sendUserInfoEmbed (/home/halvapi/Dev/polfury/src/utils/functions/discord/embeds.js:68:20)
    at async Object.execute (/home/halvapi/Dev/polfury/discord/button-interactions/info-membru/informatii.js:13:5)
    at async Client.<anonymous> (/home/halvapi/Dev/polfury/discord/handlers/interaction-events/buttonInteractionHandler.js:47:13)
[30.7.2024 13:38:36] [BUTTON INTERACTION EVENT ERROR] Button interaction: informatii-membru failed to execute by ionutss12
Error [InteractionAlreadyReplied]: The reply to this interaction has already been sent or deferred.
    at ButtonInteraction.deferReply (/home/halvapi/Dev/polfury/node_modules/.pnpm/discord.js@14.15.2/node_modules/discord.js/src/structures/interfaces/InteractionResponses.js:69:46)
    at Object.execute (/home/halvapi/Dev/polfury/discord/button-interactions/info-membru/informatii.js:5:23)
    at Client.<anonymous> (/home/halvapi/Dev/polfury/discord/handlers/interaction-events/buttonInteractionHandler.js:73:26)
    at process.processTicksAndRejections (node:internal/process/task_queues:95:5)
[30.7.2024 14:01:00] [WEB ERROR] Failed to fetch: Error: 504
[30.7.2024 15:05:37] [WEB ERROR] Failed to fetch: Error: 504
[30.7.2024 15:05:37] [BUTTON INTERACTION EVENT ERROR] Button interaction: informatii failed to execute by vlogarulmascat
TypeError: Cannot read properties of undefined (reading 'data')
    at Object.isOnDuty (/home/halvapi/Dev/polfury/pulsar/src/web/functions/web.js:12:33)
    at process.processTicksAndRejections (node:internal/process/task_queues:95:5)
    at async Object.sendUserInfoEmbed (/home/halvapi/Dev/polfury/src/utils/functions/discord/embeds.js:68:20)
    at async Object.execute (/home/halvapi/Dev/polfury/discord/button-interactions/meniu-conducere/infoMembru.js:9:5)
    at async Client.<anonymous> (/home/halvapi/Dev/polfury/discord/handlers/interaction-events/buttonInteractionHandler.js:73:13)
[30.7.2024 15:54:20] [WEB ERROR] Failed to fetch: TypeError: fetch failed
[30.7.2024 15:54:20] [BUTTON INTERACTION EVENT ERROR] Button interaction: informatii-membru failed to execute by comeata
TypeError: Cannot read properties of undefined (reading 'data')
    at Object.isOnDuty (/home/halvapi/Dev/polfury/pulsar/src/web/functions/web.js:12:33)
    at process.processTicksAndRejections (node:internal/process/task_queues:95:5)
    at async Object.sendUserInfoEmbed (/home/halvapi/Dev/polfury/src/utils/functions/discord/embeds.js:68:20)
    at async Object.execute (/home/halvapi/Dev/polfury/discord/button-interactions/info-membru/informatii.js:13:5)
    at async Client.<anonymous> (/home/halvapi/Dev/polfury/discord/handlers/interaction-events/buttonInteractionHandler.js:47:13)
[30.7.2024 15:54:20] [BUTTON INTERACTION EVENT ERROR] Button interaction: informatii-membru failed to execute by comeata
Error [InteractionAlreadyReplied]: The reply to this interaction has already been sent or deferred.
    at ButtonInteraction.deferReply (/home/halvapi/Dev/polfury/node_modules/.pnpm/discord.js@14.15.2/node_modules/discord.js/src/structures/interfaces/InteractionResponses.js:69:46)
    at Object.execute (/home/halvapi/Dev/polfury/discord/button-interactions/info-membru/informatii.js:5:23)
    at Client.<anonymous> (/home/halvapi/Dev/polfury/discord/handlers/interaction-events/buttonInteractionHandler.js:73:26)
    at process.processTicksAndRejections (node:internal/process/task_queues:95:5)
[30.7.2024 17:01:00] [WEB ERROR] Failed to fetch: Error: 504
[30.7.2024 19:01:00] [WEB ERROR] Failed to fetch: Error: 504
[30.7.2024 19:11:13] [WEB ERROR] Failed to fetch: Error: 504
[30.7.2024 19:11:13] [BUTTON INTERACTION EVENT ERROR] Button interaction: informatii-membru failed to execute by aka.wxy_
TypeError: Cannot read properties of undefined (reading 'data')
    at Object.isOnDuty (/home/halvapi/Dev/polfury/pulsar/src/web/functions/web.js:12:33)
    at process.processTicksAndRejections (node:internal/process/task_queues:95:5)
    at async Object.sendUserInfoEmbed (/home/halvapi/Dev/polfury/src/utils/functions/discord/embeds.js:68:20)
    at async Object.execute (/home/halvapi/Dev/polfury/discord/button-interactions/info-membru/informatii.js:13:5)
    at async Client.<anonymous> (/home/halvapi/Dev/polfury/discord/handlers/interaction-events/buttonInteractionHandler.js:47:13)
[30.7.2024 19:11:13] [BUTTON INTERACTION EVENT ERROR] Button interaction: informatii-membru failed to execute by aka.wxy_
Error [InteractionAlreadyReplied]: The reply to this interaction has already been sent or deferred.
    at ButtonInteraction.deferReply (/home/halvapi/Dev/polfury/node_modules/.pnpm/discord.js@14.15.2/node_modules/discord.js/src/structures/interfaces/InteractionResponses.js:69:46)
    at Object.execute (/home/halvapi/Dev/polfury/discord/button-interactions/info-membru/informatii.js:5:23)
    at Client.<anonymous> (/home/halvapi/Dev/polfury/discord/handlers/interaction-events/buttonInteractionHandler.js:73:26)
    at process.processTicksAndRejections (node:internal/process/task_queues:95:5)
[30.7.2024 21:01:00] [WEB ERROR] Failed to fetch: Error: 504
[31.7.2024 02:01:00] [WEB ERROR] Failed to fetch: Error: 504
[31.7.2024 05:01:00] [WEB ERROR] Failed to fetch: Error: 504
[31.7.2024 05:35:22] [WEB ERROR] Failed to fetch: Error: 504
[31.7.2024 05:35:22] [BUTTON INTERACTION EVENT ERROR] Button interaction: informatii-membru failed to execute by comeata
TypeError: Cannot read properties of undefined (reading 'data')
    at Object.isOnDuty (/home/halvapi/Dev/polfury/pulsar/src/web/functions/web.js:12:33)
    at process.processTicksAndRejections (node:internal/process/task_queues:95:5)
    at async Object.sendUserInfoEmbed (/home/halvapi/Dev/polfury/src/utils/functions/discord/embeds.js:68:20)
    at async Object.execute (/home/halvapi/Dev/polfury/discord/button-interactions/info-membru/informatii.js:13:5)
    at async Client.<anonymous> (/home/halvapi/Dev/polfury/discord/handlers/interaction-events/buttonInteractionHandler.js:47:13)
[31.7.2024 05:35:22] [BUTTON INTERACTION EVENT ERROR] Button interaction: informatii-membru failed to execute by comeata
Error [InteractionAlreadyReplied]: The reply to this interaction has already been sent or deferred.
    at ButtonInteraction.deferReply (/home/halvapi/Dev/polfury/node_modules/.pnpm/discord.js@14.15.2/node_modules/discord.js/src/structures/interfaces/InteractionResponses.js:69:46)
    at Object.execute (/home/halvapi/Dev/polfury/discord/button-interactions/info-membru/informatii.js:5:23)
    at Client.<anonymous> (/home/halvapi/Dev/polfury/discord/handlers/interaction-events/buttonInteractionHandler.js:73:26)
    at process.processTicksAndRejections (node:internal/process/task_queues:95:5)
[31.7.2024 06:45:22] [WEB ERROR] Failed to fetch: Error: 504
[31.7.2024 06:45:22] [BUTTON INTERACTION EVENT ERROR] Button interaction: informatii-membru failed to execute by fabiandinuro
TypeError: Cannot read properties of undefined (reading 'data')
    at Object.isOnDuty (/home/halvapi/Dev/polfury/pulsar/src/web/functions/web.js:12:33)
    at process.processTicksAndRejections (node:internal/process/task_queues:95:5)
    at async Object.sendUserInfoEmbed (/home/halvapi/Dev/polfury/src/utils/functions/discord/embeds.js:68:20)
    at async Object.execute (/home/halvapi/Dev/polfury/discord/button-interactions/info-membru/informatii.js:13:5)
    at async Client.<anonymous> (/home/halvapi/Dev/polfury/discord/handlers/interaction-events/buttonInteractionHandler.js:47:13)
[31.7.2024 06:45:22] [BUTTON INTERACTION EVENT ERROR] Button interaction: informatii-membru failed to execute by fabiandinuro
Error [InteractionAlreadyReplied]: The reply to this interaction has already been sent or deferred.
    at ButtonInteraction.deferReply (/home/halvapi/Dev/polfury/node_modules/.pnpm/discord.js@14.15.2/node_modules/discord.js/src/structures/interfaces/InteractionResponses.js:69:46)
    at Object.execute (/home/halvapi/Dev/polfury/discord/button-interactions/info-membru/informatii.js:5:23)
    at Client.<anonymous> (/home/halvapi/Dev/polfury/discord/handlers/interaction-events/buttonInteractionHandler.js:73:26)
    at process.processTicksAndRejections (node:internal/process/task_queues:95:5)
[31.7.2024 08:01:00] [WEB ERROR] Failed to fetch: Error: 504
[31.7.2024 11:01:00] [WEB ERROR] Failed to fetch: Error: 504
