[21.7.2024 14:01:00] [WEB ERROR] Failed to fetch: Error: 504
[21.7.2024 14:04:40] [WEB ERROR] Failed to fetch: Error: 504
[21.7.2024 14:04:40] [BUTTON INTERACTION EVENT ERROR] Button interaction: informatii-membru failed to execute by conjureh1m
TypeError: Cannot read properties of undefined (reading 'data')
    at Object.isOnDuty (/home/halvapi/Dev/polfury/pulsar/src/web/functions/web.js:12:33)
    at process.processTicksAndRejections (node:internal/process/task_queues:95:5)
    at async Object.sendUserInfoEmbed (/home/halvapi/Dev/polfury/src/utils/functions/discord/embeds.js:68:20)
    at async Object.execute (/home/halvapi/Dev/polfury/discord/button-interactions/info-membru/informatii.js:13:5)
    at async Client.<anonymous> (/home/halvapi/Dev/polfury/discord/handlers/interaction-events/buttonInteractionHandler.js:47:13)
[21.7.2024 14:04:40] [BUTTON INTERACTION EVENT ERROR] Button interaction: informatii-membru failed to execute by conjureh1m
Error [InteractionAlreadyReplied]: The reply to this interaction has already been sent or deferred.
    at ButtonInteraction.deferReply (/home/halvapi/Dev/polfury/node_modules/.pnpm/discord.js@14.15.2/node_modules/discord.js/src/structures/interfaces/InteractionResponses.js:69:46)
    at Object.execute (/home/halvapi/Dev/polfury/discord/button-interactions/info-membru/informatii.js:5:23)
    at Client.<anonymous> (/home/halvapi/Dev/polfury/discord/handlers/interaction-events/buttonInteractionHandler.js:73:26)
    at process.processTicksAndRejections (node:internal/process/task_queues:95:5)
[21.7.2024 15:41:19] [WEB ERROR] Failed to fetch: Error: 504
[21.7.2024 15:41:19] [BUTTON INTERACTION EVENT ERROR] Button interaction: informatii-membru failed to execute by porcea
TypeError: Cannot read properties of undefined (reading 'data')
    at Object.isOnDuty (/home/halvapi/Dev/polfury/pulsar/src/web/functions/web.js:12:33)
    at process.processTicksAndRejections (node:internal/process/task_queues:95:5)
    at async Object.sendUserInfoEmbed (/home/halvapi/Dev/polfury/src/utils/functions/discord/embeds.js:68:20)
    at async Object.execute (/home/halvapi/Dev/polfury/discord/button-interactions/info-membru/informatii.js:13:5)
    at async Client.<anonymous> (/home/halvapi/Dev/polfury/discord/handlers/interaction-events/buttonInteractionHandler.js:47:13)
[21.7.2024 15:41:19] [BUTTON INTERACTION EVENT ERROR] Button interaction: informatii-membru failed to execute by porcea
Error [InteractionAlreadyReplied]: The reply to this interaction has already been sent or deferred.
    at ButtonInteraction.deferReply (/home/halvapi/Dev/polfury/node_modules/.pnpm/discord.js@14.15.2/node_modules/discord.js/src/structures/interfaces/InteractionResponses.js:69:46)
    at Object.execute (/home/halvapi/Dev/polfury/discord/button-interactions/info-membru/informatii.js:5:23)
    at Client.<anonymous> (/home/halvapi/Dev/polfury/discord/handlers/interaction-events/buttonInteractionHandler.js:73:26)
    at process.processTicksAndRejections (node:internal/process/task_queues:95:5)
[21.7.2024 17:01:00] [WEB ERROR] Failed to fetch: Error: 504
[21.7.2024 19:01:00] [WEB ERROR] Failed to fetch: Error: 504
[21.7.2024 21:01:00] [WEB ERROR] Failed to fetch: Error: 504
[21.7.2024 22:20:54] [WEB ERROR] Failed to fetch: Error: 504
[21.7.2024 22:20:54] [BUTTON INTERACTION EVENT ERROR] Button interaction: informatii-membru failed to execute by vld01
TypeError: Cannot read properties of undefined (reading 'data')
    at Object.isOnDuty (/home/halvapi/Dev/polfury/pulsar/src/web/functions/web.js:12:33)
    at process.processTicksAndRejections (node:internal/process/task_queues:95:5)
    at async Object.sendUserInfoEmbed (/home/halvapi/Dev/polfury/src/utils/functions/discord/embeds.js:68:20)
    at async Object.execute (/home/halvapi/Dev/polfury/discord/button-interactions/info-membru/informatii.js:13:5)
    at async Client.<anonymous> (/home/halvapi/Dev/polfury/discord/handlers/interaction-events/buttonInteractionHandler.js:47:13)
[21.7.2024 22:20:54] [BUTTON INTERACTION EVENT ERROR] Button interaction: informatii-membru failed to execute by vld01
Error [InteractionAlreadyReplied]: The reply to this interaction has already been sent or deferred.
    at ButtonInteraction.deferReply (/home/halvapi/Dev/polfury/node_modules/.pnpm/discord.js@14.15.2/node_modules/discord.js/src/structures/interfaces/InteractionResponses.js:69:46)
    at Object.execute (/home/halvapi/Dev/polfury/discord/button-interactions/info-membru/informatii.js:5:23)
    at Client.<anonymous> (/home/halvapi/Dev/polfury/discord/handlers/interaction-events/buttonInteractionHandler.js:73:26)
    at process.processTicksAndRejections (node:internal/process/task_queues:95:5)
[21.7.2024 23:27:16] [WEB ERROR] Failed to fetch: Error: 504
[21.7.2024 23:27:16] [BUTTON INTERACTION EVENT ERROR] Button interaction: informatii-membru failed to execute by blea_
TypeError: Cannot read properties of undefined (reading 'data')
    at Object.isOnDuty (/home/halvapi/Dev/polfury/pulsar/src/web/functions/web.js:12:33)
    at process.processTicksAndRejections (node:internal/process/task_queues:95:5)
    at async Object.sendUserInfoEmbed (/home/halvapi/Dev/polfury/src/utils/functions/discord/embeds.js:68:20)
    at async Object.execute (/home/halvapi/Dev/polfury/discord/button-interactions/info-membru/informatii.js:13:5)
    at async Client.<anonymous> (/home/halvapi/Dev/polfury/discord/handlers/interaction-events/buttonInteractionHandler.js:47:13)
[21.7.2024 23:27:16] [BUTTON INTERACTION EVENT ERROR] Button interaction: informatii-membru failed to execute by blea_
Error [InteractionAlreadyReplied]: The reply to this interaction has already been sent or deferred.
    at ButtonInteraction.deferReply (/home/halvapi/Dev/polfury/node_modules/.pnpm/discord.js@14.15.2/node_modules/discord.js/src/structures/interfaces/InteractionResponses.js:69:46)
    at Object.execute (/home/halvapi/Dev/polfury/discord/button-interactions/info-membru/informatii.js:5:23)
    at Client.<anonymous> (/home/halvapi/Dev/polfury/discord/handlers/interaction-events/buttonInteractionHandler.js:73:26)
    at process.processTicksAndRejections (node:internal/process/task_queues:95:5)
[22.7.2024 02:01:00] [WEB ERROR] Failed to fetch: Error: 504
[22.7.2024 02:22:08] [WEB ERROR] Failed to fetch: Error: 504
[22.7.2024 02:22:08] [BUTTON INTERACTION EVENT ERROR] Button interaction: informatii-membru failed to execute by antiurss.
TypeError: Cannot read properties of undefined (reading 'data')
    at Object.isOnDuty (/home/halvapi/Dev/polfury/pulsar/src/web/functions/web.js:12:33)
    at process.processTicksAndRejections (node:internal/process/task_queues:95:5)
    at async Object.sendUserInfoEmbed (/home/halvapi/Dev/polfury/src/utils/functions/discord/embeds.js:68:20)
    at async Object.execute (/home/halvapi/Dev/polfury/discord/button-interactions/info-membru/informatii.js:13:5)
    at async Client.<anonymous> (/home/halvapi/Dev/polfury/discord/handlers/interaction-events/buttonInteractionHandler.js:47:13)
[22.7.2024 02:22:08] [BUTTON INTERACTION EVENT ERROR] Button interaction: informatii-membru failed to execute by antiurss.
Error [InteractionAlreadyReplied]: The reply to this interaction has already been sent or deferred.
    at ButtonInteraction.deferReply (/home/halvapi/Dev/polfury/node_modules/.pnpm/discord.js@14.15.2/node_modules/discord.js/src/structures/interfaces/InteractionResponses.js:69:46)
    at Object.execute (/home/halvapi/Dev/polfury/discord/button-interactions/info-membru/informatii.js:5:23)
    at Client.<anonymous> (/home/halvapi/Dev/polfury/discord/handlers/interaction-events/buttonInteractionHandler.js:73:26)
    at process.processTicksAndRejections (node:internal/process/task_queues:95:5)
[22.7.2024 05:01:00] [WEB ERROR] Failed to fetch: Error: 504
[22.7.2024 08:01:00] [WEB ERROR] Failed to fetch: Error: 504
[22.7.2024 09:36:38] [WEB ERROR] Failed to fetch: Error: 504
[22.7.2024 09:36:38] [BUTTON INTERACTION EVENT ERROR] Button interaction: informatii-membru failed to execute by porcea
TypeError: Cannot read properties of undefined (reading 'data')
    at Object.isOnDuty (/home/halvapi/Dev/polfury/pulsar/src/web/functions/web.js:12:33)
    at process.processTicksAndRejections (node:internal/process/task_queues:95:5)
    at async Object.sendUserInfoEmbed (/home/halvapi/Dev/polfury/src/utils/functions/discord/embeds.js:68:20)
    at async Object.execute (/home/halvapi/Dev/polfury/discord/button-interactions/info-membru/informatii.js:13:5)
    at async Client.<anonymous> (/home/halvapi/Dev/polfury/discord/handlers/interaction-events/buttonInteractionHandler.js:47:13)
[22.7.2024 09:36:38] [BUTTON INTERACTION EVENT ERROR] Button interaction: informatii-membru failed to execute by porcea
Error [InteractionAlreadyReplied]: The reply to this interaction has already been sent or deferred.
    at ButtonInteraction.deferReply (/home/halvapi/Dev/polfury/node_modules/.pnpm/discord.js@14.15.2/node_modules/discord.js/src/structures/interfaces/InteractionResponses.js:69:46)
    at Object.execute (/home/halvapi/Dev/polfury/discord/button-interactions/info-membru/informatii.js:5:23)
    at Client.<anonymous> (/home/halvapi/Dev/polfury/discord/handlers/interaction-events/buttonInteractionHandler.js:73:26)
    at process.processTicksAndRejections (node:internal/process/task_queues:95:5)
[22.7.2024 09:59:20] [WEB ERROR] Failed to fetch: Error: 504
[22.7.2024 09:59:20] [BUTTON INTERACTION EVENT ERROR] Button interaction: informatii-membru failed to execute by bogdan140825
TypeError: Cannot read properties of undefined (reading 'data')
    at Object.isOnDuty (/home/halvapi/Dev/polfury/pulsar/src/web/functions/web.js:12:33)
    at process.processTicksAndRejections (node:internal/process/task_queues:95:5)
    at async Object.sendUserInfoEmbed (/home/halvapi/Dev/polfury/src/utils/functions/discord/embeds.js:68:20)
    at async Object.execute (/home/halvapi/Dev/polfury/discord/button-interactions/info-membru/informatii.js:13:5)
    at async Client.<anonymous> (/home/halvapi/Dev/polfury/discord/handlers/interaction-events/buttonInteractionHandler.js:47:13)
[22.7.2024 09:59:20] [BUTTON INTERACTION EVENT ERROR] Button interaction: informatii-membru failed to execute by bogdan140825
Error [InteractionAlreadyReplied]: The reply to this interaction has already been sent or deferred.
    at ButtonInteraction.deferReply (/home/halvapi/Dev/polfury/node_modules/.pnpm/discord.js@14.15.2/node_modules/discord.js/src/structures/interfaces/InteractionResponses.js:69:46)
    at Object.execute (/home/halvapi/Dev/polfury/discord/button-interactions/info-membru/informatii.js:5:23)
    at Client.<anonymous> (/home/halvapi/Dev/polfury/discord/handlers/interaction-events/buttonInteractionHandler.js:73:26)
    at process.processTicksAndRejections (node:internal/process/task_queues:95:5)
[22.7.2024 10:36:01] [WEB ERROR] Failed to fetch: Error: 504
[22.7.2024 10:36:01] [BUTTON INTERACTION EVENT ERROR] Button interaction: informatii-membru failed to execute by albert26p
TypeError: Cannot read properties of undefined (reading 'data')
    at Object.isOnDuty (/home/halvapi/Dev/polfury/pulsar/src/web/functions/web.js:12:33)
    at process.processTicksAndRejections (node:internal/process/task_queues:95:5)
    at async Object.sendUserInfoEmbed (/home/halvapi/Dev/polfury/src/utils/functions/discord/embeds.js:68:20)
    at async Object.execute (/home/halvapi/Dev/polfury/discord/button-interactions/info-membru/informatii.js:13:5)
    at async Client.<anonymous> (/home/halvapi/Dev/polfury/discord/handlers/interaction-events/buttonInteractionHandler.js:47:13)
[22.7.2024 10:36:01] [BUTTON INTERACTION EVENT ERROR] Button interaction: informatii-membru failed to execute by albert26p
Error [InteractionAlreadyReplied]: The reply to this interaction has already been sent or deferred.
    at ButtonInteraction.deferReply (/home/halvapi/Dev/polfury/node_modules/.pnpm/discord.js@14.15.2/node_modules/discord.js/src/structures/interfaces/InteractionResponses.js:69:46)
    at Object.execute (/home/halvapi/Dev/polfury/discord/button-interactions/info-membru/informatii.js:5:23)
    at Client.<anonymous> (/home/halvapi/Dev/polfury/discord/handlers/interaction-events/buttonInteractionHandler.js:73:26)
    at process.processTicksAndRejections (node:internal/process/task_queues:95:5)
[22.7.2024 11:01:00] [WEB ERROR] Failed to fetch: Error: 504
[22.7.2024 11:10:30] [WEB ERROR] Failed to fetch: Error: 504
[22.7.2024 11:10:30] [BUTTON INTERACTION EVENT ERROR] Button interaction: informatii-membru failed to execute by antiurss.
TypeError: Cannot read properties of undefined (reading 'data')
    at Object.isOnDuty (/home/halvapi/Dev/polfury/pulsar/src/web/functions/web.js:12:33)
    at process.processTicksAndRejections (node:internal/process/task_queues:95:5)
    at async Object.sendUserInfoEmbed (/home/halvapi/Dev/polfury/src/utils/functions/discord/embeds.js:68:20)
    at async Object.execute (/home/halvapi/Dev/polfury/discord/button-interactions/info-membru/informatii.js:13:5)
    at async Client.<anonymous> (/home/halvapi/Dev/polfury/discord/handlers/interaction-events/buttonInteractionHandler.js:47:13)
[22.7.2024 11:10:30] [BUTTON INTERACTION EVENT ERROR] Button interaction: informatii-membru failed to execute by antiurss.
Error [InteractionAlreadyReplied]: The reply to this interaction has already been sent or deferred.
    at ButtonInteraction.deferReply (/home/halvapi/Dev/polfury/node_modules/.pnpm/discord.js@14.15.2/node_modules/discord.js/src/structures/interfaces/InteractionResponses.js:69:46)
    at Object.execute (/home/halvapi/Dev/polfury/discord/button-interactions/info-membru/informatii.js:5:23)
    at Client.<anonymous> (/home/halvapi/Dev/polfury/discord/handlers/interaction-events/buttonInteractionHandler.js:73:26)
    at process.processTicksAndRejections (node:internal/process/task_queues:95:5)
[22.7.2024 13:08:36] [WEB ERROR] Failed to fetch: Error: 504
[22.7.2024 13:08:36] [BUTTON INTERACTION EVENT ERROR] Button interaction: informatii-membru failed to execute by stan_3010
TypeError: Cannot read properties of undefined (reading 'data')
    at Object.isOnDuty (/home/halvapi/Dev/polfury/pulsar/src/web/functions/web.js:12:33)
    at process.processTicksAndRejections (node:internal/process/task_queues:95:5)
    at async Object.sendUserInfoEmbed (/home/halvapi/Dev/polfury/src/utils/functions/discord/embeds.js:68:20)
    at async Object.execute (/home/halvapi/Dev/polfury/discord/button-interactions/info-membru/informatii.js:13:5)
    at async Client.<anonymous> (/home/halvapi/Dev/polfury/discord/handlers/interaction-events/buttonInteractionHandler.js:47:13)
[22.7.2024 13:08:36] [BUTTON INTERACTION EVENT ERROR] Button interaction: informatii-membru failed to execute by stan_3010
Error [InteractionAlreadyReplied]: The reply to this interaction has already been sent or deferred.
    at ButtonInteraction.deferReply (/home/halvapi/Dev/polfury/node_modules/.pnpm/discord.js@14.15.2/node_modules/discord.js/src/structures/interfaces/InteractionResponses.js:69:46)
    at Object.execute (/home/halvapi/Dev/polfury/discord/button-interactions/info-membru/informatii.js:5:23)
    at Client.<anonymous> (/home/halvapi/Dev/polfury/discord/handlers/interaction-events/buttonInteractionHandler.js:73:26)
    at process.processTicksAndRejections (node:internal/process/task_queues:95:5)
[22.7.2024 13:15:15] [WEB ERROR] Failed to fetch: Error: 504
[22.7.2024 13:17:39] [WEB ERROR] Failed to fetch: Error: 504
[22.7.2024 13:36:40] [WEB ERROR] Failed to fetch: Error: 504
[22.7.2024 13:36:40] [BUTTON INTERACTION EVENT ERROR] Button interaction: informatii-membru failed to execute by clempibossmanele
TypeError: Cannot read properties of undefined (reading 'data')
    at Object.isOnDuty (/home/halvapi/Dev/polfury/pulsar/src/web/functions/web.js:12:33)
    at process.processTicksAndRejections (node:internal/process/task_queues:95:5)
    at async Object.sendUserInfoEmbed (/home/halvapi/Dev/polfury/src/utils/functions/discord/embeds.js:68:20)
    at async Object.execute (/home/halvapi/Dev/polfury/discord/button-interactions/info-membru/informatii.js:13:5)
    at async Client.<anonymous> (/home/halvapi/Dev/polfury/discord/handlers/interaction-events/buttonInteractionHandler.js:47:13)
[22.7.2024 13:36:40] [BUTTON INTERACTION EVENT ERROR] Button interaction: informatii-membru failed to execute by clempibossmanele
Error [InteractionAlreadyReplied]: The reply to this interaction has already been sent or deferred.
    at ButtonInteraction.deferReply (/home/halvapi/Dev/polfury/node_modules/.pnpm/discord.js@14.15.2/node_modules/discord.js/src/structures/interfaces/InteractionResponses.js:69:46)
    at Object.execute (/home/halvapi/Dev/polfury/discord/button-interactions/info-membru/informatii.js:5:23)
    at Client.<anonymous> (/home/halvapi/Dev/polfury/discord/handlers/interaction-events/buttonInteractionHandler.js:73:26)
    at process.processTicksAndRejections (node:internal/process/task_queues:95:5)
[22.7.2024 13:43:21] [WEB ERROR] Failed to fetch: Error: 504
[22.7.2024 13:43:21] [BUTTON INTERACTION EVENT ERROR] Button interaction: informatii-membru failed to execute by bulgaru_
TypeError: Cannot read properties of undefined (reading 'data')
    at Object.isOnDuty (/home/halvapi/Dev/polfury/pulsar/src/web/functions/web.js:12:33)
    at process.processTicksAndRejections (node:internal/process/task_queues:95:5)
    at async Object.sendUserInfoEmbed (/home/halvapi/Dev/polfury/src/utils/functions/discord/embeds.js:68:20)
    at async Object.execute (/home/halvapi/Dev/polfury/discord/button-interactions/info-membru/informatii.js:13:5)
    at async Client.<anonymous> (/home/halvapi/Dev/polfury/discord/handlers/interaction-events/buttonInteractionHandler.js:47:13)
[22.7.2024 13:43:21] [BUTTON INTERACTION EVENT ERROR] Button interaction: informatii-membru failed to execute by bulgaru_
Error [InteractionAlreadyReplied]: The reply to this interaction has already been sent or deferred.
    at ButtonInteraction.deferReply (/home/halvapi/Dev/polfury/node_modules/.pnpm/discord.js@14.15.2/node_modules/discord.js/src/structures/interfaces/InteractionResponses.js:69:46)
    at Object.execute (/home/halvapi/Dev/polfury/discord/button-interactions/info-membru/informatii.js:5:23)
    at Client.<anonymous> (/home/halvapi/Dev/polfury/discord/handlers/interaction-events/buttonInteractionHandler.js:73:26)
    at process.processTicksAndRejections (node:internal/process/task_queues:95:5)
[22.7.2024 14:01:00] [WEB ERROR] Failed to fetch: Error: 504
[22.7.2024 15:47:06] [WEB ERROR] Failed to fetch: Error: 504
[22.7.2024 15:47:06] [BUTTON INTERACTION EVENT ERROR] Button interaction: informatii-membru failed to execute by albert26p
TypeError: Cannot read properties of undefined (reading 'data')
    at Object.isOnDuty (/home/halvapi/Dev/polfury/pulsar/src/web/functions/web.js:12:33)
    at process.processTicksAndRejections (node:internal/process/task_queues:95:5)
    at async Object.sendUserInfoEmbed (/home/halvapi/Dev/polfury/src/utils/functions/discord/embeds.js:68:20)
    at async Object.execute (/home/halvapi/Dev/polfury/discord/button-interactions/info-membru/informatii.js:13:5)
    at async Client.<anonymous> (/home/halvapi/Dev/polfury/discord/handlers/interaction-events/buttonInteractionHandler.js:47:13)
[22.7.2024 15:47:06] [BUTTON INTERACTION EVENT ERROR] Button interaction: informatii-membru failed to execute by albert26p
Error [InteractionAlreadyReplied]: The reply to this interaction has already been sent or deferred.
    at ButtonInteraction.deferReply (/home/halvapi/Dev/polfury/node_modules/.pnpm/discord.js@14.15.2/node_modules/discord.js/src/structures/interfaces/InteractionResponses.js:69:46)
    at Object.execute (/home/halvapi/Dev/polfury/discord/button-interactions/info-membru/informatii.js:5:23)
    at Client.<anonymous> (/home/halvapi/Dev/polfury/discord/handlers/interaction-events/buttonInteractionHandler.js:73:26)
    at process.processTicksAndRejections (node:internal/process/task_queues:95:5)
[22.7.2024 16:13:46] [WEB ERROR] Failed to fetch: Error: 504
[22.7.2024 16:13:46] [BUTTON INTERACTION EVENT ERROR] Button interaction: informatii-membru failed to execute by davinskyro
TypeError: Cannot read properties of undefined (reading 'data')
    at Object.isOnDuty (/home/halvapi/Dev/polfury/pulsar/src/web/functions/web.js:12:33)
    at process.processTicksAndRejections (node:internal/process/task_queues:95:5)
    at async Object.sendUserInfoEmbed (/home/halvapi/Dev/polfury/src/utils/functions/discord/embeds.js:68:20)
    at async Object.execute (/home/halvapi/Dev/polfury/discord/button-interactions/info-membru/informatii.js:13:5)
    at async Client.<anonymous> (/home/halvapi/Dev/polfury/discord/handlers/interaction-events/buttonInteractionHandler.js:47:13)
[22.7.2024 16:13:46] [BUTTON INTERACTION EVENT ERROR] Button interaction: informatii-membru failed to execute by davinskyro
Error [InteractionAlreadyReplied]: The reply to this interaction has already been sent or deferred.
    at ButtonInteraction.deferReply (/home/halvapi/Dev/polfury/node_modules/.pnpm/discord.js@14.15.2/node_modules/discord.js/src/structures/interfaces/InteractionResponses.js:69:46)
    at Object.execute (/home/halvapi/Dev/polfury/discord/button-interactions/info-membru/informatii.js:5:23)
    at Client.<anonymous> (/home/halvapi/Dev/polfury/discord/handlers/interaction-events/buttonInteractionHandler.js:73:26)
    at process.processTicksAndRejections (node:internal/process/task_queues:95:5)
[22.7.2024 17:01:00] [WEB ERROR] Failed to fetch: Error: 504
[22.7.2024 18:06:06] [WEB ERROR] Failed to fetch: Error: 504
[22.7.2024 18:06:06] [BUTTON INTERACTION EVENT ERROR] Button interaction: informatii-membru failed to execute by albert26p
TypeError: Cannot read properties of undefined (reading 'data')
    at Object.isOnDuty (/home/halvapi/Dev/polfury/pulsar/src/web/functions/web.js:12:33)
    at process.processTicksAndRejections (node:internal/process/task_queues:95:5)
    at async Object.sendUserInfoEmbed (/home/halvapi/Dev/polfury/src/utils/functions/discord/embeds.js:68:20)
    at async Object.execute (/home/halvapi/Dev/polfury/discord/button-interactions/info-membru/informatii.js:13:5)
    at async Client.<anonymous> (/home/halvapi/Dev/polfury/discord/handlers/interaction-events/buttonInteractionHandler.js:47:13)
[22.7.2024 18:06:06] [BUTTON INTERACTION EVENT ERROR] Button interaction: informatii-membru failed to execute by albert26p
Error [InteractionAlreadyReplied]: The reply to this interaction has already been sent or deferred.
    at ButtonInteraction.deferReply (/home/halvapi/Dev/polfury/node_modules/.pnpm/discord.js@14.15.2/node_modules/discord.js/src/structures/interfaces/InteractionResponses.js:69:46)
    at Object.execute (/home/halvapi/Dev/polfury/discord/button-interactions/info-membru/informatii.js:5:23)
    at Client.<anonymous> (/home/halvapi/Dev/polfury/discord/handlers/interaction-events/buttonInteractionHandler.js:73:26)
    at process.processTicksAndRejections (node:internal/process/task_queues:95:5)
[22.7.2024 18:27:39] [WEB ERROR] Failed to fetch: Error: 504
[22.7.2024 18:27:39] [BUTTON INTERACTION EVENT ERROR] Button interaction: informatii-membru failed to execute by antiurss.
TypeError: Cannot read properties of undefined (reading 'data')
    at Object.isOnDuty (/home/halvapi/Dev/polfury/pulsar/src/web/functions/web.js:12:33)
    at process.processTicksAndRejections (node:internal/process/task_queues:95:5)
    at async Object.sendUserInfoEmbed (/home/halvapi/Dev/polfury/src/utils/functions/discord/embeds.js:68:20)
    at async Object.execute (/home/halvapi/Dev/polfury/discord/button-interactions/info-membru/informatii.js:13:5)
    at async Client.<anonymous> (/home/halvapi/Dev/polfury/discord/handlers/interaction-events/buttonInteractionHandler.js:47:13)
[22.7.2024 18:27:39] [BUTTON INTERACTION EVENT ERROR] Button interaction: informatii-membru failed to execute by antiurss.
Error [InteractionAlreadyReplied]: The reply to this interaction has already been sent or deferred.
    at ButtonInteraction.deferReply (/home/halvapi/Dev/polfury/node_modules/.pnpm/discord.js@14.15.2/node_modules/discord.js/src/structures/interfaces/InteractionResponses.js:69:46)
    at Object.execute (/home/halvapi/Dev/polfury/discord/button-interactions/info-membru/informatii.js:5:23)
    at Client.<anonymous> (/home/halvapi/Dev/polfury/discord/handlers/interaction-events/buttonInteractionHandler.js:73:26)
    at process.processTicksAndRejections (node:internal/process/task_queues:95:5)
[22.7.2024 18:36:16] [WEB ERROR] Failed to fetch: Error: 504
[22.7.2024 18:36:16] [BUTTON INTERACTION EVENT ERROR] Button interaction: informatii-membru failed to execute by thepunisher001
TypeError: Cannot read properties of undefined (reading 'data')
    at Object.isOnDuty (/home/halvapi/Dev/polfury/pulsar/src/web/functions/web.js:12:33)
    at process.processTicksAndRejections (node:internal/process/task_queues:95:5)
    at async Object.sendUserInfoEmbed (/home/halvapi/Dev/polfury/src/utils/functions/discord/embeds.js:68:20)
    at async Object.execute (/home/halvapi/Dev/polfury/discord/button-interactions/info-membru/informatii.js:13:5)
    at async Client.<anonymous> (/home/halvapi/Dev/polfury/discord/handlers/interaction-events/buttonInteractionHandler.js:47:13)
[22.7.2024 18:36:16] [BUTTON INTERACTION EVENT ERROR] Button interaction: informatii-membru failed to execute by thepunisher001
Error [InteractionAlreadyReplied]: The reply to this interaction has already been sent or deferred.
    at ButtonInteraction.deferReply (/home/halvapi/Dev/polfury/node_modules/.pnpm/discord.js@14.15.2/node_modules/discord.js/src/structures/interfaces/InteractionResponses.js:69:46)
    at Object.execute (/home/halvapi/Dev/polfury/discord/button-interactions/info-membru/informatii.js:5:23)
    at Client.<anonymous> (/home/halvapi/Dev/polfury/discord/handlers/interaction-events/buttonInteractionHandler.js:73:26)
    at process.processTicksAndRejections (node:internal/process/task_queues:95:5)
[22.7.2024 18:39:55] [WEB ERROR] Failed to fetch: Error: 504
[22.7.2024 18:39:55] [BUTTON INTERACTION EVENT ERROR] Button interaction: informatii-membru failed to execute by ionutss12
TypeError: Cannot read properties of undefined (reading 'data')
    at Object.isOnDuty (/home/halvapi/Dev/polfury/pulsar/src/web/functions/web.js:12:33)
    at process.processTicksAndRejections (node:internal/process/task_queues:95:5)
    at async Object.sendUserInfoEmbed (/home/halvapi/Dev/polfury/src/utils/functions/discord/embeds.js:68:20)
    at async Object.execute (/home/halvapi/Dev/polfury/discord/button-interactions/info-membru/informatii.js:13:5)
    at async Client.<anonymous> (/home/halvapi/Dev/polfury/discord/handlers/interaction-events/buttonInteractionHandler.js:47:13)
[22.7.2024 18:39:55] [BUTTON INTERACTION EVENT ERROR] Button interaction: informatii-membru failed to execute by ionutss12
Error [InteractionAlreadyReplied]: The reply to this interaction has already been sent or deferred.
    at ButtonInteraction.deferReply (/home/halvapi/Dev/polfury/node_modules/.pnpm/discord.js@14.15.2/node_modules/discord.js/src/structures/interfaces/InteractionResponses.js:69:46)
    at Object.execute (/home/halvapi/Dev/polfury/discord/button-interactions/info-membru/informatii.js:5:23)
    at Client.<anonymous> (/home/halvapi/Dev/polfury/discord/handlers/interaction-events/buttonInteractionHandler.js:73:26)
    at process.processTicksAndRejections (node:internal/process/task_queues:95:5)
[22.7.2024 19:01:00] [WEB ERROR] Failed to fetch: Error: 504
[22.7.2024 19:38:46] [WEB ERROR] Failed to fetch: Error: 504
[22.7.2024 19:38:46] [BUTTON INTERACTION EVENT ERROR] Button interaction: informatii-membru failed to execute by f0rest
TypeError: Cannot read properties of undefined (reading 'data')
    at Object.isOnDuty (/home/halvapi/Dev/polfury/pulsar/src/web/functions/web.js:12:33)
    at process.processTicksAndRejections (node:internal/process/task_queues:95:5)
    at async Object.sendUserInfoEmbed (/home/halvapi/Dev/polfury/src/utils/functions/discord/embeds.js:68:20)
    at async Object.execute (/home/halvapi/Dev/polfury/discord/button-interactions/info-membru/informatii.js:13:5)
    at async Client.<anonymous> (/home/halvapi/Dev/polfury/discord/handlers/interaction-events/buttonInteractionHandler.js:47:13)
[22.7.2024 19:38:46] [BUTTON INTERACTION EVENT ERROR] Button interaction: informatii-membru failed to execute by f0rest
Error [InteractionAlreadyReplied]: The reply to this interaction has already been sent or deferred.
    at ButtonInteraction.deferReply (/home/halvapi/Dev/polfury/node_modules/.pnpm/discord.js@14.15.2/node_modules/discord.js/src/structures/interfaces/InteractionResponses.js:69:46)
    at Object.execute (/home/halvapi/Dev/polfury/discord/button-interactions/info-membru/informatii.js:5:23)
    at Client.<anonymous> (/home/halvapi/Dev/polfury/discord/handlers/interaction-events/buttonInteractionHandler.js:73:26)
    at process.processTicksAndRejections (node:internal/process/task_queues:95:5)
[22.7.2024 21:01:00] [WEB ERROR] Failed to fetch: Error: 504
