[20.7.2024 22:31:07] [SYSTEM] Error handler deployed.
[20.7.2024 22:31:07] [MONGO] Connected to MongoDB
[20.7.2024 22:31:07] [FILESYSTEM] Loading filesystem...
[20.7.2024 22:31:07] â”Œâ”€â”€â”€â”€â”€â”€â”€â”€â”€â”€â”€â”€â”€â”€â”€â”€â”€â”€â”€â”€â”€â”€â”€â”€â”€â”€â”€â”€â”€â”€â”€â”€â”€â”€â”€â”€â”€â”¬â”€â”€â”€â”€â”€â”€â”€â”€â”€â”€â”€â”€â”€â”€â”€â”€â”€â”€â”€â”€â”€â”€â”€â”€â”€â”€â”€â”€â”€â”€â”€â”€â”¬â”€â”€â”€â”€â”€â”€â”€â”€â”
â”‚[37m [0m[01m                               name[0m â”‚[37m [0m[01m                          type[0m â”‚[37m [0m[01mloaded[0m â”‚
â”œâ”€â”€â”€â”€â”€â”€â”€â”€â”€â”€â”€â”€â”€â”€â”€â”€â”€â”€â”€â”€â”€â”€â”€â”€â”€â”€â”€â”€â”€â”€â”€â”€â”€â”€â”€â”€â”€â”¼â”€â”€â”€â”€â”€â”€â”€â”€â”€â”€â”€â”€â”€â”€â”€â”€â”€â”€â”€â”€â”€â”€â”€â”€â”€â”€â”€â”€â”€â”€â”€â”€â”¼â”€â”€â”€â”€â”€â”€â”€â”€â”¤
â”‚[37m [0m[37m      buttonInteractionEventHandler[0m â”‚[37m [0m[37m                       Handler[0m â”‚[37m [0m[37m     âœ…[0m â”‚
â”‚[37m [0m[37m                 contextMenuHandler[0m â”‚[37m [0m[37m                       Handler[0m â”‚[37m [0m[37m     âœ…[0m â”‚
â”‚[37m [0m[37m      buttonInteractionEventHandler[0m â”‚[37m [0m[37m                       Handler[0m â”‚[37m [0m[37m     âœ…[0m â”‚
â”‚[37m [0m[37m                slashCommandHandler[0m â”‚[37m [0m[37m                       Handler[0m â”‚[37m [0m[37m     âœ…[0m â”‚
â”‚[37m [0m[37m stringSelectMenuInteractionHandler[0m â”‚[37m [0m[37m                       Handler[0m â”‚[37m [0m[37m     âœ…[0m â”‚
â”‚[37m [0m[37m                   activitySchedule[0m â”‚[37m [0m[37m                         Event[0m â”‚[37m [0m[37m     âœ…[0m â”‚
â”‚[37m [0m[37m                   scheduleShutdown[0m â”‚[37m [0m[37m                         Event[0m â”‚[37m [0m[37m     âœ…[0m â”‚
â”‚[37m [0m[37m                            onLogin[0m â”‚[37m [0m[37m                         Event[0m â”‚[37m [0m[37m     âœ…[0m â”‚
â”‚[37m [0m[37m                          gen-token[0m â”‚[37m [0m[37m                 Slash Command[0m â”‚[37m [0m[37m     âœ…[0m â”‚
â”‚[37m [0m[37m                            botinfo[0m â”‚[37m [0m[37m                 Slash Command[0m â”‚[37m [0m[37m     âœ…[0m â”‚
â”‚[37m [0m[37m                               eval[0m â”‚[37m [0m[37m                 Slash Command[0m â”‚[37m [0m[37m     âœ…[0m â”‚
â”‚[37m [0m[37m                               exec[0m â”‚[37m [0m[37m                 Slash Command[0m â”‚[37m [0m[37m     âœ…[0m â”‚
â”‚[37m [0m[37m                        subdep-menu[0m â”‚[37m [0m[37m                 Slash Command[0m â”‚[37m [0m[37m     âœ…[0m â”‚
â”‚[37m [0m[37m                           Demitere[0m â”‚[37m [0m[37m                  Context Menu[0m â”‚[37m [0m[37m     âœ…[0m â”‚
â”‚[37m [0m[37m                      Meniu Chestor[0m â”‚[37m [0m[37m                  Context Menu[0m â”‚[37m [0m[37m     âœ…[0m â”‚
â”‚[37m [0m[37m                    Meniu Conducere[0m â”‚[37m [0m[37m                  Context Menu[0m â”‚[37m [0m[37m     âœ…[0m â”‚
â”‚[37m [0m[37m                   Meniu Instructor[0m â”‚[37m [0m[37m                  Context Menu[0m â”‚[37m [0m[37m     âœ…[0m â”‚
â”‚[37m [0m[37m                   formular-demisie[0m â”‚[37m [0m[37m            Button Interaction[0m â”‚[37m [0m[37m     âœ…[0m â”‚
â”‚[37m [0m[37m              formular-trecere-test[0m â”‚[37m [0m[37m            Button Interaction[0m â”‚[37m [0m[37m     âœ…[0m â”‚
â”‚[37m [0m[37m                   formular-intrare[0m â”‚[37m [0m[37m            Button Interaction[0m â”‚[37m [0m[37m     âœ…[0m â”‚
â”‚[37m [0m[37m                  activitate-membru[0m â”‚[37m [0m[37m            Button Interaction[0m â”‚[37m [0m[37m     âœ…[0m â”‚
â”‚[37m [0m[37m                  informatii-membru[0m â”‚[37m [0m[37m            Button Interaction[0m â”‚[37m [0m[37m     âœ…[0m â”‚
â”‚[37m [0m[37m               chestor-creare-lista[0m â”‚[37m [0m[37m            Button Interaction[0m â”‚[37m [0m[37m     âœ…[0m â”‚
â”‚[37m [0m[37m                  update-activitate[0m â”‚[37m [0m[37m            Button Interaction[0m â”‚[37m [0m[37m     âœ…[0m â”‚
â”‚[37m [0m[37m                           concediu[0m â”‚[37m [0m[37m            Button Interaction[0m â”‚[37m [0m[37m     âœ…[0m â”‚
â”‚[37m [0m[37m            adaugare-motiv-concediu[0m â”‚[37m [0m[37m            Button Interaction[0m â”‚[37m [0m[37m     âœ…[0m â”‚
â”‚[37m [0m[37m                     meniu-concediu[0m â”‚[37m [0m[37m            Button Interaction[0m â”‚[37m [0m[37m     âœ…[0m â”‚
â”‚[37m [0m[37m                         activitate[0m â”‚[37m [0m[37m            Button Interaction[0m â”‚[37m [0m[37m     âœ…[0m â”‚
â”‚[37m [0m[37m                         informatii[0m â”‚[37m [0m[37m            Button Interaction[0m â”‚[37m [0m[37m     âœ…[0m â”‚
â”‚[37m [0m[37m                     schimbare-grad[0m â”‚[37m [0m[37m            Button Interaction[0m â”‚[37m [0m[37m     âœ…[0m â”‚
â”‚[37m [0m[37m                      menu-demitere[0m â”‚[37m [0m[37m            Button Interaction[0m â”‚[37m [0m[37m     âœ…[0m â”‚
â”‚[37m [0m[37m           highspeed-menu-add-instr[0m â”‚[37m [0m[37m            Button Interaction[0m â”‚[37m [0m[37m     âœ…[0m â”‚
â”‚[37m [0m[37m         highspeed-menu-instructori[0m â”‚[37m [0m[37m            Button Interaction[0m â”‚[37m [0m[37m     âœ…[0m â”‚
â”‚[37m [0m[37m        highspeed-menu-remove-instr[0m â”‚[37m [0m[37m            Button Interaction[0m â”‚[37m [0m[37m     âœ…[0m â”‚
â”‚[37m [0m[37m                adaugare-certificat[0m â”‚[37m [0m[37m            Button Interaction[0m â”‚[37m [0m[37m     âœ…[0m â”‚
â”‚[37m [0m[37m                  adaugare-cooldown[0m â”‚[37m [0m[37m            Button Interaction[0m â”‚[37m [0m[37m     âœ…[0m â”‚
â”‚[37m [0m[37m                    lista-cooldowns[0m â”‚[37m [0m[37m            Button Interaction[0m â”‚[37m [0m[37m     âœ…[0m â”‚
â”‚[37m [0m[37m                stergere-certificat[0m â”‚[37m [0m[37m            Button Interaction[0m â”‚[37m [0m[37m     âœ…[0m â”‚
â”‚[37m [0m[37m                 mdt-menu-add-instr[0m â”‚[37m [0m[37m            Button Interaction[0m â”‚[37m [0m[37m     âœ…[0m â”‚
â”‚[37m [0m[37m               mdt-menu-instructori[0m â”‚[37m [0m[37m            Button Interaction[0m â”‚[37m [0m[37m     âœ…[0m â”‚
â”‚[37m [0m[37m              mdt-menu-remove-instr[0m â”‚[37m [0m[37m            Button Interaction[0m â”‚[37m [0m[37m     âœ…[0m â”‚
â”‚[37m [0m[37m                moto-menu-add-instr[0m â”‚[37m [0m[37m            Button Interaction[0m â”‚[37m [0m[37m     âœ…[0m â”‚
â”‚[37m [0m[37m              moto-menu-instructori[0m â”‚[37m [0m[37m            Button Interaction[0m â”‚[37m [0m[37m     âœ…[0m â”‚
â”‚[37m [0m[37m             moto-menu-remove-instr[0m â”‚[37m [0m[37m            Button Interaction[0m â”‚[37m [0m[37m     âœ…[0m â”‚
â”‚[37m [0m[37m               pilot-menu-add-instr[0m â”‚[37m [0m[37m            Button Interaction[0m â”‚[37m [0m[37m     âœ…[0m â”‚
â”‚[37m [0m[37m             pilot-menu-instructori[0m â”‚[37m [0m[37m            Button Interaction[0m â”‚[37m [0m[37m     âœ…[0m â”‚
â”‚[37m [0m[37m            pilot-menu-remove-instr[0m â”‚[37m [0m[37m            Button Interaction[0m â”‚[37m [0m[37m     âœ…[0m â”‚
â”‚[37m [0m[37m               radio-menu-add-instr[0m â”‚[37m [0m[37m            Button Interaction[0m â”‚[37m [0m[37m     âœ…[0m â”‚
â”‚[37m [0m[37m             radio-menu-instructori[0m â”‚[37m [0m[37m            Button Interaction[0m â”‚[37m [0m[37m     âœ…[0m â”‚
â”‚[37m [0m[37m            radio-menu-remove-instr[0m â”‚[37m [0m[37m            Button Interaction[0m â”‚[37m [0m[37m     âœ…[0m â”‚
â”‚[37m [0m[37m               open-sanction-thread[0m â”‚[37m [0m[37m            Button Interaction[0m â”‚[37m [0m[37m     âœ…[0m â”‚
â”‚[37m [0m[37m                   sanction-confirm[0m â”‚[37m [0m[37m            Button Interaction[0m â”‚[37m [0m[37m     âœ…[0m â”‚
â”‚[37m [0m[37m                    sanction-select[0m â”‚[37m [0m[37m            Button Interaction[0m â”‚[37m [0m[37m     âœ…[0m â”‚
â”‚[37m [0m[37m                     highspeed-menu[0m â”‚[37m [0m[37m            Button Interaction[0m â”‚[37m [0m[37m     âœ…[0m â”‚
â”‚[37m [0m[37m                           mdt-menu[0m â”‚[37m [0m[37m            Button Interaction[0m â”‚[37m [0m[37m     âœ…[0m â”‚
â”‚[37m [0m[37m                          moto-menu[0m â”‚[37m [0m[37m            Button Interaction[0m â”‚[37m [0m[37m     âœ…[0m â”‚
â”‚[37m [0m[37m                         pilot-menu[0m â”‚[37m [0m[37m            Button Interaction[0m â”‚[37m [0m[37m     âœ…[0m â”‚
â”‚[37m [0m[37m                         radio-menu[0m â”‚[37m [0m[37m            Button Interaction[0m â”‚[37m [0m[37m     âœ…[0m â”‚
â”‚[37m [0m[37m                        tester-menu[0m â”‚[37m [0m[37m            Button Interaction[0m â”‚[37m [0m[37m     âœ…[0m â”‚
â”‚[37m [0m[37m              tester-menu-add-instr[0m â”‚[37m [0m[37m            Button Interaction[0m â”‚[37m [0m[37m     âœ…[0m â”‚
â”‚[37m [0m[37m            tester-menu-instructori[0m â”‚[37m [0m[37m            Button Interaction[0m â”‚[37m [0m[37m     âœ…[0m â”‚
â”‚[37m [0m[37m           tester-menu-remove-instr[0m â”‚[37m [0m[37m            Button Interaction[0m â”‚[37m [0m[37m     âœ…[0m â”‚
â”‚[37m [0m[37m             sanction-thread-cancel[0m â”‚[37m [0m[37m            Button Interaction[0m â”‚[37m [0m[37m     âœ…[0m â”‚
â”‚[37m [0m[37m               sanction-thread-send[0m â”‚[37m [0m[37m            Button Interaction[0m â”‚[37m [0m[37m     âœ…[0m â”‚
â”‚[37m [0m[37m               modal-motiv-concediu[0m â”‚[37m [0m[37m             Modal Interaction[0m â”‚[37m [0m[37m     âœ…[0m â”‚
â”‚[37m [0m[37m             modal-formular-demisie[0m â”‚[37m [0m[37m             Modal Interaction[0m â”‚[37m [0m[37m     âœ…[0m â”‚
â”‚[37m [0m[37m             modal-formular-intrare[0m â”‚[37m [0m[37m             Modal Interaction[0m â”‚[37m [0m[37m     âœ…[0m â”‚
â”‚[37m [0m[37m     modal-highspeed-instr-adaugare[0m â”‚[37m [0m[37m             Modal Interaction[0m â”‚[37m [0m[37m     âœ…[0m â”‚
â”‚[37m [0m[37m     modal-highspeed-instr-scoatere[0m â”‚[37m [0m[37m             Modal Interaction[0m â”‚[37m [0m[37m     âœ…[0m â”‚
â”‚[37m [0m[37m           modal-mdt-instr-adaugare[0m â”‚[37m [0m[37m             Modal Interaction[0m â”‚[37m [0m[37m     âœ…[0m â”‚
â”‚[37m [0m[37m           modal-mdt-instr-scoatere[0m â”‚[37m [0m[37m             Modal Interaction[0m â”‚[37m [0m[37m     âœ…[0m â”‚
â”‚[37m [0m[37m          modal-moto-instr-adaugare[0m â”‚[37m [0m[37m             Modal Interaction[0m â”‚[37m [0m[37m     âœ…[0m â”‚
â”‚[37m [0m[37m          modal-moto-instr-scoatere[0m â”‚[37m [0m[37m             Modal Interaction[0m â”‚[37m [0m[37m     âœ…[0m â”‚
â”‚[37m [0m[37m         modal-pilot-instr-adaugare[0m â”‚[37m [0m[37m             Modal Interaction[0m â”‚[37m [0m[37m     âœ…[0m â”‚
â”‚[37m [0m[37m         modal-pilot-instr-scoatere[0m â”‚[37m [0m[37m             Modal Interaction[0m â”‚[37m [0m[37m     âœ…[0m â”‚
â”‚[37m [0m[37m         modal-radio-instr-adaugare[0m â”‚[37m [0m[37m             Modal Interaction[0m â”‚[37m [0m[37m     âœ…[0m â”‚
â”‚[37m [0m[37m         modal-radio-instr-scoatere[0m â”‚[37m [0m[37m             Modal Interaction[0m â”‚[37m [0m[37m     âœ…[0m â”‚
â”‚[37m [0m[37m      modal-sanction-callsign-input[0m â”‚[37m [0m[37m             Modal Interaction[0m â”‚[37m [0m[37m     âœ…[0m â”‚
â”‚[37m [0m[37m        modal-sanction-reason-input[0m â”‚[37m [0m[37m             Modal Interaction[0m â”‚[37m [0m[37m     âœ…[0m â”‚
â”‚[37m [0m[37m        modal-tester-instr-adaugare[0m â”‚[37m [0m[37m             Modal Interaction[0m â”‚[37m [0m[37m     âœ…[0m â”‚
â”‚[37m [0m[37m        modal-tester-instr-scoatere[0m â”‚[37m [0m[37m             Modal Interaction[0m â”‚[37m [0m[37m     âœ…[0m â”‚
â”‚[37m [0m[37m        modal-formular-trecere-test[0m â”‚[37m [0m[37m             Modal Interaction[0m â”‚[37m [0m[37m     âœ…[0m â”‚
â”‚[37m [0m[37m                  activitate-select[0m â”‚[37m [0m[37mString Select Menu Interaction[0m â”‚[37m [0m[37m     âœ…[0m â”‚
â”‚[37m [0m[37m           creare-lista-week-select[0m â”‚[37m [0m[37mString Select Menu Interaction[0m â”‚[37m [0m[37m     âœ…[0m â”‚
â”‚[37m [0m[37m              schimbare-grad-select[0m â”‚[37m [0m[37mString Select Menu Interaction[0m â”‚[37m [0m[37m     âœ…[0m â”‚
â”‚[37m [0m[37m         adaugare-certificat-select[0m â”‚[37m [0m[37mString Select Menu Interaction[0m â”‚[37m [0m[37m     âœ…[0m â”‚
â”‚[37m [0m[37m         certificat-cooldown-select[0m â”‚[37m [0m[37mString Select Menu Interaction[0m â”‚[37m [0m[37m     âœ…[0m â”‚
â”‚[37m [0m[37mcooldown-certificat-duration-select[0m â”‚[37m [0m[37mString Select Menu Interaction[0m â”‚[37m [0m[37m     âœ…[0m â”‚
â”‚[37m [0m[37m         stergere-certificat-select[0m â”‚[37m [0m[37mString Select Menu Interaction[0m â”‚[37m [0m[37m     âœ…[0m â”‚
â”‚[37m [0m[37m           sanction-duration-select[0m â”‚[37m [0m[37mString Select Menu Interaction[0m â”‚[37m [0m[37m     âœ…[0m â”‚
â””â”€â”€â”€â”€â”€â”€â”€â”€â”€â”€â”€â”€â”€â”€â”€â”€â”€â”€â”€â”€â”€â”€â”€â”€â”€â”€â”€â”€â”€â”€â”€â”€â”€â”€â”€â”€â”€â”´â”€â”€â”€â”€â”€â”€â”€â”€â”€â”€â”€â”€â”€â”€â”€â”€â”€â”€â”€â”€â”€â”€â”€â”€â”€â”€â”€â”€â”€â”€â”€â”€â”´â”€â”€â”€â”€â”€â”€â”€â”€â”˜
[20.7.2024 22:31:07] [FILESYSTEM] Filesystem has been loaded.
[20.7.2024 22:31:08] [DISCORD API] Connected to Discord API.
[20.7.2024 22:31:08] [DISCORD API] Started refreshing application (/) commands.
[20.7.2024 22:31:08] [SCHEDULER] Activity update schedules have been deployed.
[20.7.2024 22:31:08] [DISCORD API] Successfully reloaded application (/) commands.
[20.7.2024 22:31:12] [CONTEXT MENU EVENT] User context menu command: Meniu Chestor executed by dariusss1337 on user clempibossmanele
[20.7.2024 22:35:40] [BUTTON INTERACTION EVENT] Button interaction: activitate-membru executed by thebeast3517
[20.7.2024 23:37:57] [BUTTON INTERACTION EVENT] Button interaction: activitate-membru executed by antiurss.
[20.7.2024 23:38:03] [BUTTON INTERACTION EVENT] Button interaction: informatii-membru executed by ionutss12
[20.7.2024 23:45:20] [BUTTON INTERACTION EVENT] Button interaction: activitate-membru executed by matei184
[20.7.2024 23:45:23] [BUTTON INTERACTION EVENT] Button interaction: activitate-membru executed by theayeshaero
[20.7.2024 23:50:02] [BUTTON INTERACTION EVENT] Button interaction: formular-trecere-test executed by stephanie0509
[20.7.2024 23:50:18] [MODAL INTERACTION EVENT] Modal interaction: modal-formular-trecere-test executed by stephanie0509
[20.7.2024 23:56:20] [BUTTON INTERACTION EVENT] Button interaction: activitate-membru executed by stephanie0509
[20.7.2024 23:59:13] [CONTEXT MENU EVENT] User context menu command: Meniu Instructor executed by ionuut.dominikan. on user alexshababs
[20.7.2024 23:59:16] [BUTTON INTERACTION EVENT] Button interaction: adaugare-certificat executed by ionuut.dominikan.
[21.7.2024 00:07:58] [BUTTON INTERACTION EVENT] Button interaction: activitate-membru executed by justdexter
[21.7.2024 00:08:08] [BUTTON INTERACTION EVENT] Button interaction: activitate-membru executed by stephanie0509
[21.7.2024 00:10:33] [CONTEXT MENU EVENT] User context menu command: Meniu Instructor executed by ionuut.dominikan. on user alexshababs
[21.7.2024 00:10:38] [BUTTON INTERACTION EVENT] Button interaction: adaugare-certificat executed by ionuut.dominikan.
[21.7.2024 00:14:55] [BUTTON INTERACTION EVENT] Button interaction: activitate-membru executed by spooky4096
[21.7.2024 00:29:58] [BUTTON INTERACTION EVENT] Button interaction: activitate-membru executed by vlady.dev
[21.7.2024 00:30:00] [BUTTON INTERACTION EVENT] Button interaction: activitate-membru executed by vlady.dev
[21.7.2024 01:06:05] [BUTTON INTERACTION EVENT] Button interaction: activitate-membru executed by prntcl
[21.7.2024 01:06:13] [BUTTON INTERACTION EVENT] Button interaction: informatii-membru executed by justdexter
[21.7.2024 01:07:39] [BUTTON INTERACTION EVENT] Button interaction: activitate-membru executed by matei184
[21.7.2024 01:23:02] [BUTTON INTERACTION EVENT] Button interaction: activitate-membru executed by davinskyro
[21.7.2024 01:23:19] [BUTTON INTERACTION EVENT] Button interaction: activitate-membru executed by antiurss.
[21.7.2024 01:36:49] [BUTTON INTERACTION EVENT] Button interaction: activitate-membru executed by thepunisher001
[21.7.2024 02:01:00] [SCHEDULER] An error occured while trying to execute activity update schedule.
[21.7.2024 02:01:15] [SCHEDULER] Succesfully executed activity update schedule.
[21.7.2024 02:02:53] [BUTTON INTERACTION EVENT] Button interaction: activitate-membru executed by eldosunosiempre
[21.7.2024 02:15:29] [BUTTON INTERACTION EVENT] Button interaction: activitate-membru executed by matei184
[21.7.2024 02:15:51] [BUTTON INTERACTION EVENT] Button interaction: formular-trecere-test executed by stephanie0509
[21.7.2024 02:16:07] [MODAL INTERACTION EVENT] Modal interaction: modal-formular-trecere-test executed by stephanie0509
[21.7.2024 02:19:14] [BUTTON INTERACTION EVENT] Button interaction: activitate-membru executed by saityzxc
[21.7.2024 02:35:17] [BUTTON INTERACTION EVENT] Button interaction: activitate-membru executed by zeno8737
[21.7.2024 02:42:09] [BUTTON INTERACTION EVENT] Button interaction: activitate-membru executed by eldosunosiempre
[21.7.2024 02:47:25] [BUTTON INTERACTION EVENT] Button interaction: activitate-membru executed by saityzxc
[21.7.2024 02:47:31] [BUTTON INTERACTION EVENT] Button interaction: activitate-membru executed by saityzxc
[21.7.2024 02:47:41] [BUTTON INTERACTION EVENT] Button interaction: activitate-membru executed by saityzxc
[21.7.2024 03:13:40] [BUTTON INTERACTION EVENT] Button interaction: activitate-membru executed by matei184
[21.7.2024 04:41:49] [BUTTON INTERACTION EVENT] Button interaction: activitate-membru executed by thepunisher001
[21.7.2024 05:01:00] [SCHEDULER] An error occured while trying to execute activity update schedule.
[21.7.2024 05:01:16] [SCHEDULER] Succesfully executed activity update schedule.
[21.7.2024 05:12:20] [BUTTON INTERACTION EVENT] Button interaction: activitate-membru executed by mixai
[21.7.2024 07:34:25] [BUTTON INTERACTION EVENT] Button interaction: activitate-membru executed by .badan.
[21.7.2024 07:50:52] [BUTTON INTERACTION EVENT] Button interaction: activitate-membru executed by mendez8504
[21.7.2024 07:51:01] [BUTTON INTERACTION EVENT] Button interaction: informatii-membru executed by blea_
[21.7.2024 07:51:15] [BUTTON INTERACTION EVENT] Button interaction: activitate-membru executed by blea_
[21.7.2024 07:51:39] [BUTTON INTERACTION EVENT] Button interaction: meniu-concediu executed by mendez8504
[21.7.2024 07:52:42] [BUTTON INTERACTION EVENT] Button interaction: adaugare-motiv-concediu executed by mendez8504
[21.7.2024 08:01:00] [SCHEDULER] An error occured while trying to execute activity update schedule.
[21.7.2024 08:01:14] [SCHEDULER] Succesfully executed activity update schedule.
[21.7.2024 08:20:37] [BUTTON INTERACTION EVENT] Button interaction: formular-demisie executed by dravensef
[21.7.2024 08:20:56] [MODAL INTERACTION EVENT] Modal interaction: modal-formular-demisie/1098304167413551115 executed by dravensef
[21.7.2024 08:25:09] [BUTTON INTERACTION EVENT] Button interaction: activitate-membru executed by ciotoi
[21.7.2024 08:55:21] [BUTTON INTERACTION EVENT] Button interaction: activitate-membru executed by vlady.dev
[21.7.2024 08:58:44] [CONTEXT MENU EVENT] User context menu command: Meniu Instructor executed by antiurss. on user f0rest
[21.7.2024 09:00:20] [BUTTON INTERACTION EVENT] Button interaction: activitate-membru executed by f0rest
[21.7.2024 09:00:22] [BUTTON INTERACTION EVENT] Button interaction: activitate-membru executed by deniss23
[21.7.2024 09:00:29] [BUTTON INTERACTION EVENT] Button interaction: informatii-membru executed by bulgaru_
[21.7.2024 09:00:41] [BUTTON INTERACTION EVENT] Button interaction: informatii-membru executed by f0rest
[21.7.2024 09:00:44] [BUTTON INTERACTION EVENT] Button interaction: activitate-membru executed by antiurss.
[21.7.2024 09:00:51] [BUTTON INTERACTION EVENT] Button interaction: activitate-membru executed by bogdan140825
[21.7.2024 09:01:08] [BUTTON INTERACTION EVENT] Button interaction: informatii-membru executed by antiurss.
[21.7.2024 09:01:18] [BUTTON INTERACTION EVENT] Button interaction: activitate-membru executed by antiurss.
[21.7.2024 09:01:26] [BUTTON INTERACTION EVENT] Button interaction: informatii-membru executed by antiurss.
[21.7.2024 09:02:10] [BUTTON INTERACTION EVENT] Button interaction: informatii-membru executed by bogdan140825
[21.7.2024 09:20:19] [BUTTON INTERACTION EVENT] Button interaction: activitate-membru executed by antiurss.
[21.7.2024 09:21:26] [BUTTON INTERACTION EVENT] Button interaction: activitate-membru executed by matei184
[21.7.2024 09:28:29] [BUTTON INTERACTION EVENT] Button interaction: activitate-membru executed by xenn654
[21.7.2024 09:29:24] [BUTTON INTERACTION EVENT] Button interaction: meniu-concediu executed by nostradamus.info
[21.7.2024 09:29:46] [BUTTON INTERACTION EVENT] Button interaction: activitate-membru executed by nostradamus.info
[21.7.2024 09:32:35] [BUTTON INTERACTION EVENT] Button interaction: activitate-membru executed by akarolex
[21.7.2024 09:34:05] [BUTTON INTERACTION EVENT] Button interaction: activitate-membru executed by antiurss.
[21.7.2024 09:38:56] [BUTTON INTERACTION EVENT] Button interaction: activitate-membru executed by ciotoi
[21.7.2024 09:38:56] [BUTTON INTERACTION EVENT] Button interaction: activitate-membru executed by berrt69
[21.7.2024 09:49:15] [CONTEXT MENU EVENT] User context menu command: Meniu Conducere executed by vlogarulmascat on user akarolex
[21.7.2024 09:49:28] [CONTEXT MENU EVENT] User context menu command: Meniu Instructor executed by vlogarulmascat on user akarolex
[21.7.2024 09:49:32] [BUTTON INTERACTION EVENT] Button interaction: adaugare-certificat executed by vlogarulmascat
[21.7.2024 09:51:43] [BUTTON INTERACTION EVENT] Button interaction: concediu executed by nostradamus.info
[21.7.2024 09:51:46] [BUTTON INTERACTION EVENT] Button interaction: adaugare-motiv-concediu executed by nostradamus.info
[21.7.2024 09:51:51] [MODAL INTERACTION EVENT] Modal interaction: modal-motiv-concediu/557862554475429888 executed by nostradamus.info
[21.7.2024 09:52:01] [BUTTON INTERACTION EVENT] Button interaction: activitate-membru executed by nostradamus.info
[21.7.2024 09:55:50] [BUTTON INTERACTION EVENT] Button interaction: activitate-membru executed by conjureh1m
[21.7.2024 10:18:05] [CONTEXT MENU EVENT] User context menu command: Meniu Instructor executed by antiurss. on user bogdan140825
[21.7.2024 10:18:07] [BUTTON INTERACTION EVENT] Button interaction: adaugare-certificat executed by antiurss.
[21.7.2024 10:28:14] [BUTTON INTERACTION EVENT] Button interaction: activitate-membru executed by vlady.dev
[21.7.2024 10:28:15] [BUTTON INTERACTION EVENT] Button interaction: activitate-membru executed by vlady.dev
[21.7.2024 10:33:10] [BUTTON INTERACTION EVENT] Button interaction: adaugare-certificat executed by antiurss.
[21.7.2024 10:34:50] [BUTTON INTERACTION EVENT] Button interaction: activitate-membru executed by vlady.dev
[21.7.2024 10:37:54] [BUTTON INTERACTION EVENT] Button interaction: activitate-membru executed by blea_
[21.7.2024 10:39:16] [BUTTON INTERACTION EVENT] Button interaction: activitate-membru executed by 7nelu
[21.7.2024 10:45:00] [BUTTON INTERACTION EVENT] Button interaction: activitate-membru executed by neasonic.
[21.7.2024 11:01:00] [SCHEDULER] An error occured while trying to execute activity update schedule.
[21.7.2024 11:01:16] [SCHEDULER] Succesfully executed activity update schedule.
[21.7.2024 11:02:50] [BUTTON INTERACTION EVENT] Button interaction: activitate-membru executed by matei184
[21.7.2024 11:04:03] [BUTTON INTERACTION EVENT] Button interaction: informatii-membru executed by targoviste_
[21.7.2024 11:04:07] [BUTTON INTERACTION EVENT] Button interaction: activitate-membru executed by targoviste_
[21.7.2024 11:11:18] [BUTTON INTERACTION EVENT] Button interaction: activitate-membru executed by clempibossmanele
[21.7.2024 11:39:36] [BUTTON INTERACTION EVENT] Button interaction: activitate-membru executed by 7nelu
[21.7.2024 12:08:10] [BUTTON INTERACTION EVENT] Button interaction: activitate-membru executed by porcea
[21.7.2024 12:12:45] [BUTTON INTERACTION EVENT] Button interaction: activitate-membru executed by antiurss.
[21.7.2024 12:15:28] [BUTTON INTERACTION EVENT] Button interaction: activitate-membru executed by vlady.dev
[21.7.2024 12:20:14] [BUTTON INTERACTION EVENT] Button interaction: activitate-membru executed by ciotoi
[21.7.2024 12:25:36] [BUTTON INTERACTION EVENT] Button interaction: activitate-membru executed by porcea
[21.7.2024 12:25:56] [CONTEXT MENU EVENT] User context menu command: Meniu Conducere executed by dariusss1337 on user vlady.dev
[21.7.2024 12:25:58] [BUTTON INTERACTION EVENT] Button interaction: activitate executed by dariusss1337
[21.7.2024 12:26:39] [CONTEXT MENU EVENT] User context menu command: Meniu Conducere executed by dariusss1337 on user vlady.dev
[21.7.2024 12:26:41] [BUTTON INTERACTION EVENT] Button interaction: activitate executed by dariusss1337
[21.7.2024 12:28:07] [SLASH COMMANDS] Command subdep-menu was executed by dariusss1337
[21.7.2024 12:28:11] [BUTTON INTERACTION EVENT] Button interaction: radio-menu executed by dariusss1337
[21.7.2024 12:28:13] [BUTTON INTERACTION EVENT] Button interaction: radio-menu-instructori executed by dariusss1337
[21.7.2024 12:41:04] [BUTTON INTERACTION EVENT] Button interaction: activitate-membru executed by neasonic.
[21.7.2024 12:41:15] [BUTTON INTERACTION EVENT] Button interaction: activitate-membru executed by matei.0505
