[29.7.2024 12:50:10] [SYSTEM] Error handler deployed.
[29.7.2024 12:50:11] [MONGO] Connected to MongoDB
[29.7.2024 12:50:11] [FILESYSTEM] Loading filesystem...
[29.7.2024 12:50:11] ┌─────────────────────────────────────┬────────────────────────────────┬────────┐
│[37m [0m[01m                               name[0m │[37m [0m[01m                          type[0m │[37m [0m[01mloaded[0m │
├─────────────────────────────────────┼────────────────────────────────┼────────┤
│[37m [0m[37m      buttonInteractionEventHandler[0m │[37m [0m[37m                       Handler[0m │[37m [0m[37m     ✅[0m │
│[37m [0m[37m                 contextMenuHandler[0m │[37m [0m[37m                       Handler[0m │[37m [0m[37m     ✅[0m │
│[37m [0m[37m      buttonInteractionEventHandler[0m │[37m [0m[37m                       Handler[0m │[37m [0m[37m     ✅[0m │
│[37m [0m[37m                slashCommandHandler[0m │[37m [0m[37m                       Handler[0m │[37m [0m[37m     ✅[0m │
│[37m [0m[37m stringSelectMenuInteractionHandler[0m │[37m [0m[37m                       Handler[0m │[37m [0m[37m     ✅[0m │
│[37m [0m[37m                   activitySchedule[0m │[37m [0m[37m                         Event[0m │[37m [0m[37m     ✅[0m │
│[37m [0m[37m                   scheduleShutdown[0m │[37m [0m[37m                         Event[0m │[37m [0m[37m     ✅[0m │
│[37m [0m[37m                            onLogin[0m │[37m [0m[37m                         Event[0m │[37m [0m[37m     ✅[0m │
│[37m [0m[37m                          gen-token[0m │[37m [0m[37m                 Slash Command[0m │[37m [0m[37m     ✅[0m │
│[37m [0m[37m                            botinfo[0m │[37m [0m[37m                 Slash Command[0m │[37m [0m[37m     ✅[0m │
│[37m [0m[37m                               eval[0m │[37m [0m[37m                 Slash Command[0m │[37m [0m[37m     ✅[0m │
│[37m [0m[37m                               exec[0m │[37m [0m[37m                 Slash Command[0m │[37m [0m[37m     ✅[0m │
│[37m [0m[37m                        subdep-menu[0m │[37m [0m[37m                 Slash Command[0m │[37m [0m[37m     ✅[0m │
│[37m [0m[37m                           Demitere[0m │[37m [0m[37m                  Context Menu[0m │[37m [0m[37m     ✅[0m │
│[37m [0m[37m                      Meniu Chestor[0m │[37m [0m[37m                  Context Menu[0m │[37m [0m[37m     ✅[0m │
│[37m [0m[37m                    Meniu Conducere[0m │[37m [0m[37m                  Context Menu[0m │[37m [0m[37m     ✅[0m │
│[37m [0m[37m                   Meniu Instructor[0m │[37m [0m[37m                  Context Menu[0m │[37m [0m[37m     ✅[0m │
│[37m [0m[37m                   formular-demisie[0m │[37m [0m[37m            Button Interaction[0m │[37m [0m[37m     ✅[0m │
│[37m [0m[37m              formular-trecere-test[0m │[37m [0m[37m            Button Interaction[0m │[37m [0m[37m     ✅[0m │
│[37m [0m[37m                   formular-intrare[0m │[37m [0m[37m            Button Interaction[0m │[37m [0m[37m     ✅[0m │
│[37m [0m[37m                  activitate-membru[0m │[37m [0m[37m            Button Interaction[0m │[37m [0m[37m     ✅[0m │
│[37m [0m[37m                  informatii-membru[0m │[37m [0m[37m            Button Interaction[0m │[37m [0m[37m     ✅[0m │
│[37m [0m[37m               chestor-creare-lista[0m │[37m [0m[37m            Button Interaction[0m │[37m [0m[37m     ✅[0m │
│[37m [0m[37m                  update-activitate[0m │[37m [0m[37m            Button Interaction[0m │[37m [0m[37m     ✅[0m │
│[37m [0m[37m                           concediu[0m │[37m [0m[37m            Button Interaction[0m │[37m [0m[37m     ✅[0m │
│[37m [0m[37m            adaugare-motiv-concediu[0m │[37m [0m[37m            Button Interaction[0m │[37m [0m[37m     ✅[0m │
│[37m [0m[37m                     meniu-concediu[0m │[37m [0m[37m            Button Interaction[0m │[37m [0m[37m     ✅[0m │
│[37m [0m[37m                         activitate[0m │[37m [0m[37m            Button Interaction[0m │[37m [0m[37m     ✅[0m │
│[37m [0m[37m                         informatii[0m │[37m [0m[37m            Button Interaction[0m │[37m [0m[37m     ✅[0m │
│[37m [0m[37m                     schimbare-grad[0m │[37m [0m[37m            Button Interaction[0m │[37m [0m[37m     ✅[0m │
│[37m [0m[37m                      menu-demitere[0m │[37m [0m[37m            Button Interaction[0m │[37m [0m[37m     ✅[0m │
│[37m [0m[37m           highspeed-menu-add-instr[0m │[37m [0m[37m            Button Interaction[0m │[37m [0m[37m     ✅[0m │
│[37m [0m[37m       highspeed-menu-user-activity[0m │[37m [0m[37m            Button Interaction[0m │[37m [0m[37m     ✅[0m │
│[37m [0m[37m         highspeed-menu-instructori[0m │[37m [0m[37m            Button Interaction[0m │[37m [0m[37m     ✅[0m │
│[37m [0m[37m        highspeed-menu-remove-instr[0m │[37m [0m[37m            Button Interaction[0m │[37m [0m[37m     ✅[0m │
│[37m [0m[37m                adaugare-certificat[0m │[37m [0m[37m            Button Interaction[0m │[37m [0m[37m     ✅[0m │
│[37m [0m[37m                  adaugare-cooldown[0m │[37m [0m[37m            Button Interaction[0m │[37m [0m[37m     ✅[0m │
│[37m [0m[37m                    lista-cooldowns[0m │[37m [0m[37m            Button Interaction[0m │[37m [0m[37m     ✅[0m │
│[37m [0m[37m                stergere-certificat[0m │[37m [0m[37m            Button Interaction[0m │[37m [0m[37m     ✅[0m │
│[37m [0m[37m                 mdt-menu-add-instr[0m │[37m [0m[37m            Button Interaction[0m │[37m [0m[37m     ✅[0m │
│[37m [0m[37m               mdt-menu-instructori[0m │[37m [0m[37m            Button Interaction[0m │[37m [0m[37m     ✅[0m │
│[37m [0m[37m             mdt-menu-user-activity[0m │[37m [0m[37m            Button Interaction[0m │[37m [0m[37m     ✅[0m │
│[37m [0m[37m              mdt-menu-remove-instr[0m │[37m [0m[37m            Button Interaction[0m │[37m [0m[37m     ✅[0m │
│[37m [0m[37m                moto-menu-add-instr[0m │[37m [0m[37m            Button Interaction[0m │[37m [0m[37m     ✅[0m │
│[37m [0m[37m              moto-menu-instructori[0m │[37m [0m[37m            Button Interaction[0m │[37m [0m[37m     ✅[0m │
│[37m [0m[37m            moto-menu-user-activity[0m │[37m [0m[37m            Button Interaction[0m │[37m [0m[37m     ✅[0m │
│[37m [0m[37m             moto-menu-remove-instr[0m │[37m [0m[37m            Button Interaction[0m │[37m [0m[37m     ✅[0m │
│[37m [0m[37m               pilot-menu-add-instr[0m │[37m [0m[37m            Button Interaction[0m │[37m [0m[37m     ✅[0m │
│[37m [0m[37m             pilot-menu-instructori[0m │[37m [0m[37m            Button Interaction[0m │[37m [0m[37m     ✅[0m │
│[37m [0m[37m           pilot-menu-user-activity[0m │[37m [0m[37m            Button Interaction[0m │[37m [0m[37m     ✅[0m │
│[37m [0m[37m            pilot-menu-remove-instr[0m │[37m [0m[37m            Button Interaction[0m │[37m [0m[37m     ✅[0m │
│[37m [0m[37m               radio-menu-add-instr[0m │[37m [0m[37m            Button Interaction[0m │[37m [0m[37m     ✅[0m │
│[37m [0m[37m             radio-menu-instructori[0m │[37m [0m[37m            Button Interaction[0m │[37m [0m[37m     ✅[0m │
│[37m [0m[37m           radio-menu-user-activity[0m │[37m [0m[37m            Button Interaction[0m │[37m [0m[37m     ✅[0m │
│[37m [0m[37m            radio-menu-remove-instr[0m │[37m [0m[37m            Button Interaction[0m │[37m [0m[37m     ✅[0m │
│[37m [0m[37m               open-sanction-thread[0m │[37m [0m[37m            Button Interaction[0m │[37m [0m[37m     ✅[0m │
│[37m [0m[37m                   sanction-confirm[0m │[37m [0m[37m            Button Interaction[0m │[37m [0m[37m     ✅[0m │
│[37m [0m[37m                    sanction-select[0m │[37m [0m[37m            Button Interaction[0m │[37m [0m[37m     ✅[0m │
│[37m [0m[37m                     highspeed-menu[0m │[37m [0m[37m            Button Interaction[0m │[37m [0m[37m     ✅[0m │
│[37m [0m[37m                           mdt-menu[0m │[37m [0m[37m            Button Interaction[0m │[37m [0m[37m     ✅[0m │
│[37m [0m[37m                          moto-menu[0m │[37m [0m[37m            Button Interaction[0m │[37m [0m[37m     ✅[0m │
│[37m [0m[37m                         pilot-menu[0m │[37m [0m[37m            Button Interaction[0m │[37m [0m[37m     ✅[0m │
│[37m [0m[37m                         radio-menu[0m │[37m [0m[37m            Button Interaction[0m │[37m [0m[37m     ✅[0m │
│[37m [0m[37m                        tester-menu[0m │[37m [0m[37m            Button Interaction[0m │[37m [0m[37m     ✅[0m │
│[37m [0m[37m              tester-menu-add-instr[0m │[37m [0m[37m            Button Interaction[0m │[37m [0m[37m     ✅[0m │
│[37m [0m[37m            tester-menu-instructori[0m │[37m [0m[37m            Button Interaction[0m │[37m [0m[37m     ✅[0m │
│[37m [0m[37m           tester-menu-remove-instr[0m │[37m [0m[37m            Button Interaction[0m │[37m [0m[37m     ✅[0m │
│[37m [0m[37m          tester-menu-user-activity[0m │[37m [0m[37m            Button Interaction[0m │[37m [0m[37m     ✅[0m │
│[37m [0m[37m             sanction-thread-cancel[0m │[37m [0m[37m            Button Interaction[0m │[37m [0m[37m     ✅[0m │
│[37m [0m[37m               sanction-thread-send[0m │[37m [0m[37m            Button Interaction[0m │[37m [0m[37m     ✅[0m │
│[37m [0m[37m               modal-motiv-concediu[0m │[37m [0m[37m             Modal Interaction[0m │[37m [0m[37m     ✅[0m │
│[37m [0m[37m             modal-formular-demisie[0m │[37m [0m[37m             Modal Interaction[0m │[37m [0m[37m     ✅[0m │
│[37m [0m[37m             modal-formular-intrare[0m │[37m [0m[37m             Modal Interaction[0m │[37m [0m[37m     ✅[0m │
│[37m [0m[37m     modal-highspeed-instr-adaugare[0m │[37m [0m[37m             Modal Interaction[0m │[37m [0m[37m     ✅[0m │
│[37m [0m[37m     modal-highspeed-instr-activity[0m │[37m [0m[37m             Modal Interaction[0m │[37m [0m[37m     ✅[0m │
│[37m [0m[37m     modal-highspeed-instr-scoatere[0m │[37m [0m[37m             Modal Interaction[0m │[37m [0m[37m     ✅[0m │
│[37m [0m[37m           modal-mdt-instr-adaugare[0m │[37m [0m[37m             Modal Interaction[0m │[37m [0m[37m     ✅[0m │
│[37m [0m[37m           modal-mdt-instr-activity[0m │[37m [0m[37m             Modal Interaction[0m │[37m [0m[37m     ✅[0m │
│[37m [0m[37m           modal-mdt-instr-scoatere[0m │[37m [0m[37m             Modal Interaction[0m │[37m [0m[37m     ✅[0m │
│[37m [0m[37m          modal-moto-instr-adaugare[0m │[37m [0m[37m             Modal Interaction[0m │[37m [0m[37m     ✅[0m │
│[37m [0m[37m          modal-moto-instr-activity[0m │[37m [0m[37m             Modal Interaction[0m │[37m [0m[37m     ✅[0m │
│[37m [0m[37m          modal-moto-instr-scoatere[0m │[37m [0m[37m             Modal Interaction[0m │[37m [0m[37m     ✅[0m │
│[37m [0m[37m         modal-pilot-instr-adaugare[0m │[37m [0m[37m             Modal Interaction[0m │[37m [0m[37m     ✅[0m │
│[37m [0m[37m         modal-pilot-instr-activity[0m │[37m [0m[37m             Modal Interaction[0m │[37m [0m[37m     ✅[0m │
│[37m [0m[37m         modal-pilot-instr-scoatere[0m │[37m [0m[37m             Modal Interaction[0m │[37m [0m[37m     ✅[0m │
│[37m [0m[37m         modal-radio-instr-adaugare[0m │[37m [0m[37m             Modal Interaction[0m │[37m [0m[37m     ✅[0m │
│[37m [0m[37m         modal-radio-instr-activity[0m │[37m [0m[37m             Modal Interaction[0m │[37m [0m[37m     ✅[0m │
│[37m [0m[37m         modal-radio-instr-scoatere[0m │[37m [0m[37m             Modal Interaction[0m │[37m [0m[37m     ✅[0m │
│[37m [0m[37m      modal-sanction-callsign-input[0m │[37m [0m[37m             Modal Interaction[0m │[37m [0m[37m     ✅[0m │
│[37m [0m[37m        modal-sanction-reason-input[0m │[37m [0m[37m             Modal Interaction[0m │[37m [0m[37m     ✅[0m │
│[37m [0m[37m        modal-tester-instr-adaugare[0m │[37m [0m[37m             Modal Interaction[0m │[37m [0m[37m     ✅[0m │
│[37m [0m[37m        modal-tester-instr-scoatere[0m │[37m [0m[37m             Modal Interaction[0m │[37m [0m[37m     ✅[0m │
│[37m [0m[37m        modal-tester-instr-activity[0m │[37m [0m[37m             Modal Interaction[0m │[37m [0m[37m     ✅[0m │
│[37m [0m[37m        modal-formular-trecere-test[0m │[37m [0m[37m             Modal Interaction[0m │[37m [0m[37m     ✅[0m │
│[37m [0m[37m                  activitate-select[0m │[37m [0m[37mString Select Menu Interaction[0m │[37m [0m[37m     ✅[0m │
│[37m [0m[37m           creare-lista-week-select[0m │[37m [0m[37mString Select Menu Interaction[0m │[37m [0m[37m     ✅[0m │
│[37m [0m[37m              schimbare-grad-select[0m │[37m [0m[37mString Select Menu Interaction[0m │[37m [0m[37m     ✅[0m │
│[37m [0m[37m         adaugare-certificat-select[0m │[37m [0m[37mString Select Menu Interaction[0m │[37m [0m[37m     ✅[0m │
│[37m [0m[37m         certificat-cooldown-select[0m │[37m [0m[37mString Select Menu Interaction[0m │[37m [0m[37m     ✅[0m │
│[37m [0m[37mcooldown-certificat-duration-select[0m │[37m [0m[37mString Select Menu Interaction[0m │[37m [0m[37m     ✅[0m │
│[37m [0m[37m         stergere-certificat-select[0m │[37m [0m[37mString Select Menu Interaction[0m │[37m [0m[37m     ✅[0m │
│[37m [0m[37m           sanction-duration-select[0m │[37m [0m[37mString Select Menu Interaction[0m │[37m [0m[37m     ✅[0m │
└─────────────────────────────────────┴────────────────────────────────┴────────┘
[29.7.2024 12:50:11] [FILESYSTEM] Filesystem has been loaded.
[29.7.2024 12:50:12] [DISCORD API] Connected to Discord API.
[29.7.2024 12:50:12] [DISCORD API] Started refreshing application (/) commands.
[29.7.2024 12:50:12] [SCHEDULER] Activity update schedules have been deployed.
[29.7.2024 12:50:12] [DISCORD API] Successfully reloaded application (/) commands.
[29.7.2024 12:50:18] [SLASH COMMANDS] Command botinfo was executed by dariusss1337
[29.7.2024 12:56:01] [BUTTON INTERACTION EVENT] Button interaction: activitate-membru executed by fabiandinuro
[29.7.2024 12:56:09] [BUTTON INTERACTION EVENT] Button interaction: activitate-membru executed by .sea.bass.
[29.7.2024 12:56:13] [BUTTON INTERACTION EVENT] Button interaction: activitate-membru executed by akarolex
[29.7.2024 12:56:14] [BUTTON INTERACTION EVENT] Button interaction: activitate-membru executed by coxsefu
[29.7.2024 12:56:50] [BUTTON INTERACTION EVENT] Button interaction: activitate-membru executed by bogdx
[29.7.2024 12:57:05] [BUTTON INTERACTION EVENT] Button interaction: activitate-membru executed by .tweez
[29.7.2024 12:57:24] [BUTTON INTERACTION EVENT] Button interaction: activitate-membru executed by eduardirm
[29.7.2024 12:57:30] [BUTTON INTERACTION EVENT] Button interaction: activitate-membru executed by ivampyy
[29.7.2024 12:57:30] [BUTTON INTERACTION EVENT] Button interaction: activitate-membru executed by saityzxc
[29.7.2024 12:57:36] [BUTTON INTERACTION EVENT] Button interaction: activitate-membru executed by saityzxc
[29.7.2024 12:57:39] [BUTTON INTERACTION EVENT] Button interaction: activitate-membru executed by matei.0505
[29.7.2024 12:57:41] [BUTTON INTERACTION EVENT] Button interaction: activitate-membru executed by justdexter
[29.7.2024 12:57:43] [BUTTON INTERACTION EVENT] Button interaction: activitate-membru executed by beculetul
[29.7.2024 12:57:50] [BUTTON INTERACTION EVENT] Button interaction: activitate-membru executed by 7nelu
[29.7.2024 12:57:58] [BUTTON INTERACTION EVENT] Button interaction: informatii-membru executed by matei.0505
[29.7.2024 12:58:00] [CONTEXT MENU EVENT] User context menu command: Meniu Conducere executed by justdexter on user .tweez
[29.7.2024 12:58:03] [BUTTON INTERACTION EVENT] Button interaction: activitate executed by justdexter
[29.7.2024 12:58:25] [BUTTON INTERACTION EVENT] Button interaction: activitate-membru executed by alexxnsjs
[29.7.2024 12:58:53] [CONTEXT MENU EVENT] User context menu command: Meniu Conducere executed by dariusss1337 on user ionutss12
[29.7.2024 12:58:55] [BUTTON INTERACTION EVENT] Button interaction: activitate executed by dariusss1337
[29.7.2024 13:00:52] [CONTEXT MENU EVENT] User context menu command: Meniu Conducere executed by justdexter on user alexxnsjs
[29.7.2024 13:00:54] [BUTTON INTERACTION EVENT] Button interaction: activitate executed by justdexter
[29.7.2024 13:01:54] [BUTTON INTERACTION EVENT] Button interaction: activitate-membru executed by conjureh1m
[29.7.2024 13:03:44] [BUTTON INTERACTION EVENT] Button interaction: activitate-membru executed by .sili
[29.7.2024 13:06:02] [BUTTON INTERACTION EVENT] Button interaction: activitate-membru executed by ionutss12
[29.7.2024 13:07:38] [BUTTON INTERACTION EVENT] Button interaction: activitate-membru executed by matei9670
[29.7.2024 13:07:56] [BUTTON INTERACTION EVENT] Button interaction: activitate-membru executed by saityzxc
[29.7.2024 13:08:01] [BUTTON INTERACTION EVENT] Button interaction: activitate-membru executed by saityzxc
[29.7.2024 13:08:24] [BUTTON INTERACTION EVENT] Button interaction: activitate-membru executed by cheptanstate
[29.7.2024 13:09:50] [BUTTON INTERACTION EVENT] Button interaction: sanction-thread-cancel executed by dariusss1337
[29.7.2024 13:09:53] [BUTTON INTERACTION EVENT] Button interaction: sanction-thread-send executed by dariusss1337
[29.7.2024 13:11:42] [BUTTON INTERACTION EVENT] Button interaction: meniu-concediu executed by stapinu
[29.7.2024 13:11:59] [BUTTON INTERACTION EVENT] Button interaction: concediu executed by stapinu
[29.7.2024 13:12:02] [BUTTON INTERACTION EVENT] Button interaction: concediu executed by stapinu
[29.7.2024 13:12:06] [BUTTON INTERACTION EVENT] Button interaction: concediu executed by stapinu
[29.7.2024 13:12:07] [BUTTON INTERACTION EVENT] Button interaction: concediu executed by stapinu
[29.7.2024 13:12:10] [BUTTON INTERACTION EVENT] Button interaction: adaugare-motiv-concediu executed by stapinu
[29.7.2024 13:12:22] [MODAL INTERACTION EVENT] Modal interaction: modal-motiv-concediu/539755429266456576 executed by stapinu
[29.7.2024 13:12:51] [BUTTON INTERACTION EVENT] Button interaction: activitate-membru executed by stapinu
[29.7.2024 13:13:55] [BUTTON INTERACTION EVENT] Button interaction: activitate-membru executed by eldosunosiempre
[29.7.2024 13:14:07] [BUTTON INTERACTION EVENT] Button interaction: activitate-membru executed by stan_3010
[29.7.2024 13:14:51] [BUTTON INTERACTION EVENT] Button interaction: activitate-membru executed by ionutss12
[29.7.2024 13:15:25] [BUTTON INTERACTION EVENT] Button interaction: activitate-membru executed by _mr.luca_
[29.7.2024 13:28:19] [CONTEXT MENU EVENT] User context menu command: Demitere executed by vlogarulmascat on user andrewskys_22566
[29.7.2024 13:28:22] [BUTTON INTERACTION EVENT] Button interaction: menu-demitere executed by vlogarulmascat
[29.7.2024 13:32:58] [BUTTON INTERACTION EVENT] Button interaction: activitate-membru executed by xenn654
[29.7.2024 13:33:09] [BUTTON INTERACTION EVENT] Button interaction: activitate-membru executed by hellblademax
[29.7.2024 13:36:22] Roman Tsepov not found anymore
[29.7.2024 13:36:26] Luca Luca not found anymore
[29.7.2024 13:36:27] Eduard Molomfalean not found anymore
[29.7.2024 13:36:28] Espuente Santiago not found anymore
[29.7.2024 13:36:31] Marinel Cocean not found anymore
[29.7.2024 13:36:32] [BUTTON INTERACTION EVENT] Button interaction: activitate-membru executed by berrt69
[29.7.2024 13:36:33] Andrei Cataracta not found anymore
[29.7.2024 13:36:34] Pluta Costel not found anymore
[29.7.2024 13:36:39] [SLASH COMMANDS] Command exec was executed by dariusss1337
[29.7.2024 13:37:34] [BUTTON INTERACTION EVENT] Button interaction: activitate-membru executed by comeata
[29.7.2024 13:43:39] [BUTTON INTERACTION EVENT] Button interaction: activitate-membru executed by comeata
[29.7.2024 13:56:07] [BUTTON INTERACTION EVENT] Button interaction: activitate-membru executed by pandi1234
[29.7.2024 13:56:30] [BUTTON INTERACTION EVENT] Button interaction: activitate-membru executed by reyae.
[29.7.2024 13:57:41] [BUTTON INTERACTION EVENT] Button interaction: informatii-membru executed by comeata
[29.7.2024 13:58:18] [BUTTON INTERACTION EVENT] Button interaction: informatii-membru executed by clempibossmanele
[29.7.2024 14:00:19] [SCHEDULER] Succesfully executed activity update schedule.
[29.7.2024 14:00:34] [BUTTON INTERACTION EVENT] Button interaction: informatii-membru executed by comeata
[29.7.2024 14:00:36] [SCHEDULER] Succesfully executed activity update schedule.
[29.7.2024 14:00:41] [BUTTON INTERACTION EVENT] Button interaction: activitate-membru executed by comeata
[29.7.2024 14:04:39] [BUTTON INTERACTION EVENT] Button interaction: activitate-membru executed by antiurss.
[29.7.2024 14:16:43] [BUTTON INTERACTION EVENT] Button interaction: activitate-membru executed by mecla.
[29.7.2024 14:27:20] [BUTTON INTERACTION EVENT] Button interaction: activitate-membru executed by ionutss12
[29.7.2024 14:31:11] [BUTTON INTERACTION EVENT] Button interaction: activitate-membru executed by bengalezu5464
[29.7.2024 14:34:29] [BUTTON INTERACTION EVENT] Button interaction: activitate-membru executed by comeata
[29.7.2024 14:35:54] [BUTTON INTERACTION EVENT] Button interaction: activitate-membru executed by eldosunosiempre
[29.7.2024 14:36:56] [BUTTON INTERACTION EVENT] Button interaction: activitate-membru executed by vlady.dev
[29.7.2024 14:42:00] [BUTTON INTERACTION EVENT] Button interaction: activitate-membru executed by ionutjr
[29.7.2024 14:44:18] [BUTTON INTERACTION EVENT] Button interaction: activitate-membru executed by comeata
[29.7.2024 14:52:25] [BUTTON INTERACTION EVENT] Button interaction: open-sanction-thread executed by zeno8737
[29.7.2024 14:54:52] [BUTTON INTERACTION EVENT] Button interaction: activitate-membru executed by saityzxc
[29.7.2024 14:58:43] [BUTTON INTERACTION EVENT] Button interaction: activitate-membru executed by _mr.luca_
[29.7.2024 15:05:16] [BUTTON INTERACTION EVENT] Button interaction: activitate-membru executed by mihaiweed
[29.7.2024 15:08:10] [BUTTON INTERACTION EVENT] Button interaction: activitate-membru executed by mendez8504
[29.7.2024 15:08:58] [BUTTON INTERACTION EVENT] Button interaction: activitate-membru executed by mihaiweed
[29.7.2024 15:18:30] [BUTTON INTERACTION EVENT] Button interaction: activitate-membru executed by .stefancj.
[29.7.2024 15:24:24] [BUTTON INTERACTION EVENT] Button interaction: activitate-membru executed by m1n3ru
[29.7.2024 15:31:02] [BUTTON INTERACTION EVENT] Button interaction: activitate-membru executed by mihaiweed
[29.7.2024 15:35:09] [BUTTON INTERACTION EVENT] Button interaction: activitate-membru executed by 7nelu
[29.7.2024 15:56:00] [BUTTON INTERACTION EVENT] Button interaction: activitate-membru executed by antiurss.
[29.7.2024 16:06:39] [BUTTON INTERACTION EVENT] Button interaction: activitate-membru executed by nostradamus.info
[29.7.2024 16:36:59] [CONTEXT MENU EVENT] User context menu command: Meniu Instructor executed by justdexter on user mihaiweed
[29.7.2024 16:37:02] [BUTTON INTERACTION EVENT] Button interaction: adaugare-certificat executed by justdexter
[29.7.2024 16:48:20] [CONTEXT MENU EVENT] User context menu command: Meniu Instructor executed by dominik.1818 on user bo0787
[29.7.2024 16:48:22] [BUTTON INTERACTION EVENT] Button interaction: adaugare-certificat executed by dominik.1818
[29.7.2024 16:48:50] [CONTEXT MENU EVENT] User context menu command: Meniu Instructor executed by dominik.1818 on user mihaiweed
[29.7.2024 16:48:52] [BUTTON INTERACTION EVENT] Button interaction: adaugare-certificat executed by dominik.1818
[29.7.2024 16:49:19] [CONTEXT MENU EVENT] User context menu command: Meniu Instructor executed by dominik.1818 on user covritm
[29.7.2024 16:49:21] [BUTTON INTERACTION EVENT] Button interaction: adaugare-certificat executed by dominik.1818
[29.7.2024 16:54:28] [BUTTON INTERACTION EVENT] Button interaction: activitate-membru executed by antiurss.
[29.7.2024 16:57:08] [BUTTON INTERACTION EVENT] Button interaction: activitate-membru executed by porcea
[29.7.2024 16:59:08] [BUTTON INTERACTION EVENT] Button interaction: activitate-membru executed by mendez8504
[29.7.2024 17:00:44] [BUTTON INTERACTION EVENT] Button interaction: activitate-membru executed by nostradamus.info
[29.7.2024 17:01:00] [SCHEDULER] An error occured while trying to execute activity update schedule.
[29.7.2024 17:01:11] [BUTTON INTERACTION EVENT] Button interaction: meniu-concediu executed by nostradamus.info
[29.7.2024 17:01:16] [BUTTON INTERACTION EVENT] Button interaction: concediu executed by nostradamus.info
[29.7.2024 17:01:17] [BUTTON INTERACTION EVENT] Button interaction: adaugare-motiv-concediu executed by nostradamus.info
[29.7.2024 17:01:18] [SCHEDULER] Succesfully executed activity update schedule.
[29.7.2024 17:01:22] [MODAL INTERACTION EVENT] Modal interaction: modal-motiv-concediu/557862554475429888 executed by nostradamus.info
[29.7.2024 17:01:29] [BUTTON INTERACTION EVENT] Button interaction: activitate-membru executed by nostradamus.info
[29.7.2024 17:02:44] [CONTEXT MENU EVENT] User context menu command: Meniu Instructor executed by dominik.1818 on user alexgg10
[29.7.2024 17:02:46] [BUTTON INTERACTION EVENT] Button interaction: adaugare-certificat executed by dominik.1818
[29.7.2024 17:07:12] [BUTTON INTERACTION EVENT] Button interaction: activitate-membru executed by mixai
[29.7.2024 17:15:31] [BUTTON INTERACTION EVENT] Button interaction: informatii-membru executed by 21.yanis
[29.7.2024 17:20:35] [BUTTON INTERACTION EVENT] Button interaction: activitate-membru executed by stapinu
[29.7.2024 17:20:39] [BUTTON INTERACTION EVENT] Button interaction: activitate-membru executed by comeata
[29.7.2024 17:22:10] [BUTTON INTERACTION EVENT] Button interaction: activitate-membru executed by comeata
[29.7.2024 17:38:20] [BUTTON INTERACTION EVENT] Button interaction: formular-demisie executed by ionutjr
[29.7.2024 17:38:34] [MODAL INTERACTION EVENT] Modal interaction: modal-formular-demisie/879408180147413042 executed by ionutjr
[29.7.2024 17:44:20] [BUTTON INTERACTION EVENT] Button interaction: informatii-membru executed by mixai
[29.7.2024 17:57:27] [CONTEXT MENU EVENT] User context menu command: Meniu Conducere executed by neasonic. on user saityzxc
[29.7.2024 17:57:29] [BUTTON INTERACTION EVENT] Button interaction: schimbare-grad executed by neasonic.
[29.7.2024 17:57:38] [CONTEXT MENU EVENT] User context menu command: Meniu Conducere executed by neasonic. on user vlady.dev
[29.7.2024 17:57:39] [BUTTON INTERACTION EVENT] Button interaction: schimbare-grad executed by neasonic.
[29.7.2024 17:57:49] [CONTEXT MENU EVENT] User context menu command: Meniu Conducere executed by neasonic. on user mixai
[29.7.2024 17:57:50] [BUTTON INTERACTION EVENT] Button interaction: schimbare-grad executed by neasonic.
[29.7.2024 17:57:59] [CONTEXT MENU EVENT] User context menu command: Meniu Conducere executed by neasonic. on user aka.wxy_
[29.7.2024 17:58:02] [BUTTON INTERACTION EVENT] Button interaction: schimbare-grad executed by neasonic.
[29.7.2024 17:58:19] [CONTEXT MENU EVENT] User context menu command: Meniu Conducere executed by neasonic. on user .badan.
[29.7.2024 17:58:20] [BUTTON INTERACTION EVENT] Button interaction: schimbare-grad executed by neasonic.
[29.7.2024 17:58:30] [CONTEXT MENU EVENT] User context menu command: Meniu Conducere executed by neasonic. on user .sea.bass.
[29.7.2024 17:58:32] [BUTTON INTERACTION EVENT] Button interaction: schimbare-grad executed by neasonic.
[29.7.2024 17:58:39] [CONTEXT MENU EVENT] User context menu command: Meniu Conducere executed by neasonic. on user _mr.luca_
[29.7.2024 17:58:41] [BUTTON INTERACTION EVENT] Button interaction: schimbare-grad executed by neasonic.
[29.7.2024 17:58:50] [CONTEXT MENU EVENT] User context menu command: Meniu Conducere executed by neasonic. on user davinskyro
[29.7.2024 17:58:51] [BUTTON INTERACTION EVENT] Button interaction: schimbare-grad executed by neasonic.
[29.7.2024 17:59:00] [CONTEXT MENU EVENT] User context menu command: Meniu Conducere executed by neasonic. on user blea_
[29.7.2024 17:59:01] [BUTTON INTERACTION EVENT] Button interaction: schimbare-grad executed by neasonic.
[29.7.2024 17:59:11] [CONTEXT MENU EVENT] User context menu command: Meniu Conducere executed by neasonic. on user porcea
[29.7.2024 17:59:12] [BUTTON INTERACTION EVENT] Button interaction: schimbare-grad executed by neasonic.
[29.7.2024 17:59:22] [CONTEXT MENU EVENT] User context menu command: Meniu Conducere executed by neasonic. on user cadaru.
[29.7.2024 17:59:23] [BUTTON INTERACTION EVENT] Button interaction: schimbare-grad executed by neasonic.
[29.7.2024 17:59:32] [CONTEXT MENU EVENT] User context menu command: Meniu Conducere executed by neasonic. on user duinea
[29.7.2024 17:59:33] [BUTTON INTERACTION EVENT] Button interaction: schimbare-grad executed by neasonic.
[29.7.2024 17:59:41] [CONTEXT MENU EVENT] User context menu command: Meniu Conducere executed by neasonic. on user bogdan140825
[29.7.2024 17:59:42] [BUTTON INTERACTION EVENT] Button interaction: schimbare-grad executed by neasonic.
[29.7.2024 17:59:51] [CONTEXT MENU EVENT] User context menu command: Meniu Conducere executed by neasonic. on user 30andrei
[29.7.2024 17:59:52] [BUTTON INTERACTION EVENT] Button interaction: schimbare-grad executed by neasonic.
[29.7.2024 18:00:02] [CONTEXT MENU EVENT] User context menu command: Meniu Conducere executed by neasonic. on user exe4299
[29.7.2024 18:00:04] [BUTTON INTERACTION EVENT] Button interaction: schimbare-grad executed by neasonic.
[29.7.2024 18:00:14] [CONTEXT MENU EVENT] User context menu command: Meniu Conducere executed by neasonic. on user bengalezu5464
[29.7.2024 18:00:15] [BUTTON INTERACTION EVENT] Button interaction: schimbare-grad executed by neasonic.
[29.7.2024 18:00:25] [CONTEXT MENU EVENT] User context menu command: Meniu Conducere executed by neasonic. on user beculetul
[29.7.2024 18:00:26] [BUTTON INTERACTION EVENT] Button interaction: schimbare-grad executed by neasonic.
[29.7.2024 18:00:36] [CONTEXT MENU EVENT] User context menu command: Meniu Conducere executed by neasonic. on user cr1stian53
[29.7.2024 18:00:37] [BUTTON INTERACTION EVENT] Button interaction: schimbare-grad executed by neasonic.
[29.7.2024 18:00:49] [CONTEXT MENU EVENT] User context menu command: Meniu Conducere executed by neasonic. on user kamzy26
[29.7.2024 18:00:51] [BUTTON INTERACTION EVENT] Button interaction: schimbare-grad executed by neasonic.
[29.7.2024 18:02:42] [BUTTON INTERACTION EVENT] Button interaction: activitate-membru executed by trolecs
[29.7.2024 18:02:45] [BUTTON INTERACTION EVENT] Button interaction: informatii-membru executed by pandi1234
[29.7.2024 18:02:55] [BUTTON INTERACTION EVENT] Button interaction: informatii-membru executed by comeata
[29.7.2024 18:03:32] [BUTTON INTERACTION EVENT] Button interaction: informatii-membru executed by pandi1234
[29.7.2024 18:03:39] [BUTTON INTERACTION EVENT] Button interaction: activitate-membru executed by pandi1234
[29.7.2024 18:05:39] [BUTTON INTERACTION EVENT] Button interaction: formular-intrare executed by ad_riderr
[29.7.2024 18:06:15] [SLASH COMMANDS] Command gen-token was executed by neasonic.
[29.7.2024 18:06:42] [BUTTON INTERACTION EVENT] Button interaction: formular-intrare executed by ad_riderr
[29.7.2024 18:06:47] [BUTTON INTERACTION EVENT] Button interaction: formular-intrare executed by ad_riderr
[29.7.2024 18:16:12] [CONTEXT MENU EVENT] User context menu command: Meniu Instructor executed by pastilatu on user ad_riderr
[29.7.2024 18:16:15] [BUTTON INTERACTION EVENT] Button interaction: adaugare-certificat executed by pastilatu
[29.7.2024 18:24:15] [CONTEXT MENU EVENT] User context menu command: Meniu Instructor executed by dominik.1818 on user aleczzz23
[29.7.2024 18:24:17] [BUTTON INTERACTION EVENT] Button interaction: adaugare-certificat executed by dominik.1818
[29.7.2024 18:29:24] [BUTTON INTERACTION EVENT] Button interaction: activitate-membru executed by nostradamus.info
[29.7.2024 18:29:34] [BUTTON INTERACTION EVENT] Button interaction: informatii-membru executed by nostradamus.info
[29.7.2024 18:42:35] [BUTTON INTERACTION EVENT] Button interaction: activitate-membru executed by mixai
[29.7.2024 18:48:28] [BUTTON INTERACTION EVENT] Button interaction: formular-demisie executed by f0rest
[29.7.2024 18:48:40] [MODAL INTERACTION EVENT] Modal interaction: modal-formular-demisie/488744275505446912 executed by f0rest
[29.7.2024 18:50:23] [BUTTON INTERACTION EVENT] Button interaction: activitate-membru executed by 7nelu
[29.7.2024 19:01:00] [SCHEDULER] An error occured while trying to execute activity update schedule.
[29.7.2024 19:01:18] [SCHEDULER] Succesfully executed activity update schedule.
[29.7.2024 19:08:54] [BUTTON INTERACTION EVENT] Button interaction: activitate-membru executed by robert38374
[29.7.2024 19:09:48] [BUTTON INTERACTION EVENT] Button interaction: activitate-membru executed by davinskyro
[29.7.2024 19:12:02] [BUTTON INTERACTION EVENT] Button interaction: activitate-membru executed by bogdan140825
[29.7.2024 19:14:27] [BUTTON INTERACTION EVENT] Button interaction: activitate-membru executed by cadaru.
[29.7.2024 19:18:42] [BUTTON INTERACTION EVENT] Button interaction: formular-trecere-test executed by fabiandinuro
[29.7.2024 19:18:51] [MODAL INTERACTION EVENT] Modal interaction: modal-formular-trecere-test executed by fabiandinuro
[29.7.2024 19:26:31] [BUTTON INTERACTION EVENT] Button interaction: activitate-membru executed by covritm
[29.7.2024 19:39:54] [BUTTON INTERACTION EVENT] Button interaction: activitate-membru executed by mendez8504
[29.7.2024 19:45:45] [BUTTON INTERACTION EVENT] Button interaction: activitate-membru executed by xenn654
[29.7.2024 20:09:55] [BUTTON INTERACTION EVENT] Button interaction: activitate-membru executed by bulgaru_
[29.7.2024 20:16:04] [BUTTON INTERACTION EVENT] Button interaction: informatii-membru executed by antiurss.
[29.7.2024 20:16:04] [BUTTON INTERACTION EVENT] Button interaction: activitate-membru executed by bengalezu5464
[29.7.2024 20:16:25] [BUTTON INTERACTION EVENT] Button interaction: activitate-membru executed by antiurss.
[29.7.2024 20:16:28] [BUTTON INTERACTION EVENT] Button interaction: activitate-membru executed by kamzy26
[29.7.2024 20:16:42] [BUTTON INTERACTION EVENT] Button interaction: informatii-membru executed by antiurss.
[29.7.2024 20:19:05] [CONTEXT MENU EVENT] User context menu command: Meniu Instructor executed by pastilatu on user edy0866
[29.7.2024 20:19:07] [BUTTON INTERACTION EVENT] Button interaction: stergere-certificat executed by pastilatu
[29.7.2024 20:27:12] [BUTTON INTERACTION EVENT] Button interaction: activitate-membru executed by ionutss12
[29.7.2024 20:27:39] [BUTTON INTERACTION EVENT] Button interaction: activitate-membru executed by .stefancj.
[29.7.2024 20:29:16] [BUTTON INTERACTION EVENT] Button interaction: activitate-membru executed by .vlad.albanezu.
[29.7.2024 20:46:45] [CONTEXT MENU EVENT] User context menu command: Meniu Instructor executed by dominik.1818 on user bogdx
[29.7.2024 20:46:47] [BUTTON INTERACTION EVENT] Button interaction: adaugare-certificat executed by dominik.1818
[29.7.2024 20:47:04] [CONTEXT MENU EVENT] User context menu command: Meniu Instructor executed by dominik.1818 on user _jupanu
[29.7.2024 20:47:06] [BUTTON INTERACTION EVENT] Button interaction: adaugare-certificat executed by dominik.1818
[29.7.2024 20:47:28] [BUTTON INTERACTION EVENT] Button interaction: informatii-membru executed by bogdx
[29.7.2024 20:47:40] [BUTTON INTERACTION EVENT] Button interaction: informatii-membru executed by _jupanu
[29.7.2024 20:50:12] [CONTEXT MENU EVENT] User context menu command: Demitere executed by xmarvil on user darkangel1288
[29.7.2024 20:56:33] [CONTEXT MENU EVENT] User context menu command: Meniu Chestor executed by vlogarulmascat on user mixai
[29.7.2024 20:58:45] [CONTEXT MENU EVENT] User context menu command: Meniu Instructor executed by dominik.1818 on user mirai_170
[29.7.2024 20:58:47] [BUTTON INTERACTION EVENT] Button interaction: adaugare-certificat executed by dominik.1818
[29.7.2024 21:01:00] [SCHEDULER] An error occured while trying to execute activity update schedule.
[29.7.2024 21:01:21] [SCHEDULER] Succesfully executed activity update schedule.
[29.7.2024 21:02:00] [BUTTON INTERACTION EVENT] Button interaction: activitate-membru executed by aka.wxy_
[29.7.2024 21:02:19] [BUTTON INTERACTION EVENT] Button interaction: activitate-membru executed by aka.wxy_
[29.7.2024 21:05:05] [BUTTON INTERACTION EVENT] Button interaction: activitate-membru executed by aka.wxy_
[29.7.2024 21:10:51] [BUTTON INTERACTION EVENT] Button interaction: open-sanction-thread executed by dariusss1337
[29.7.2024 21:10:55] [MODAL INTERACTION EVENT] Modal interaction: modal-sanction-callsign-input executed by dariusss1337
[29.7.2024 21:10:58] [BUTTON INTERACTION EVENT] Button interaction: sanction-select executed by dariusss1337
[29.7.2024 21:11:10] [BUTTON INTERACTION EVENT] Button interaction: sanction-select executed by dariusss1337
[29.7.2024 21:11:15] [BUTTON INTERACTION EVENT] Button interaction: sanction-confirm executed by dariusss1337
[29.7.2024 21:11:19] [MODAL INTERACTION EVENT] Modal interaction: modal-sanction-reason-input/17222802551333088955 executed by dariusss1337
[29.7.2024 21:11:29] [BUTTON INTERACTION EVENT] Button interaction: sanction-thread-send executed by dariusss1337
[29.7.2024 21:11:38] [CONTEXT MENU EVENT] User context menu command: Meniu Conducere executed by dariusss1337 on user zeno8737
[29.7.2024 21:11:55] [BUTTON INTERACTION EVENT] Button interaction: informatii executed by dariusss1337
[29.7.2024 21:16:40] [BUTTON INTERACTION EVENT] Button interaction: activitate-membru executed by _mr.luca_
[29.7.2024 21:20:19] [BUTTON INTERACTION EVENT] Button interaction: meniu-concediu executed by dariusss1337
[29.7.2024 21:21:07] [BUTTON INTERACTION EVENT] Button interaction: activitate-membru executed by aka.wxy_
[29.7.2024 21:21:30] [BUTTON INTERACTION EVENT] Button interaction: meniu-concediu executed by dariusss1337
[29.7.2024 21:22:09] [BUTTON INTERACTION EVENT] Button interaction: concediu executed by dariusss1337
[29.7.2024 21:22:10] [BUTTON INTERACTION EVENT] Button interaction: concediu executed by dariusss1337
[29.7.2024 21:22:13] [BUTTON INTERACTION EVENT] Button interaction: adaugare-motiv-concediu executed by dariusss1337
[29.7.2024 21:22:18] [BUTTON INTERACTION EVENT] Button interaction: meniu-concediu executed by dariusss1337
[29.7.2024 21:25:18] [BUTTON INTERACTION EVENT] Button interaction: meniu-concediu executed by dariusss1337
[29.7.2024 21:25:35] [CONTEXT MENU EVENT] User context menu command: Meniu Conducere executed by dariusss1337 on user matei184
[29.7.2024 21:25:36] [BUTTON INTERACTION EVENT] Button interaction: activitate executed by dariusss1337
[29.7.2024 21:26:04] [CONTEXT MENU EVENT] User context menu command: Meniu Instructor executed by vlogarulmascat on user .vlad.albanezu.
[29.7.2024 21:26:07] [BUTTON INTERACTION EVENT] Button interaction: adaugare-certificat executed by vlogarulmascat
[29.7.2024 21:26:22] [CONTEXT MENU EVENT] User context menu command: Meniu Instructor executed by vlogarulmascat on user .stefancj.
[29.7.2024 21:26:24] [BUTTON INTERACTION EVENT] Button interaction: adaugare-certificat executed by vlogarulmascat
[29.7.2024 21:45:03] [CONTEXT MENU EVENT] User context menu command: Meniu Instructor executed by dominik.1818 on user .vlad.albanezu.
[29.7.2024 21:45:04] [BUTTON INTERACTION EVENT] Button interaction: adaugare-certificat executed by dominik.1818
[29.7.2024 21:45:12] [CONTEXT MENU EVENT] User context menu command: Meniu Instructor executed by dominik.1818 on user .stefancj.
[29.7.2024 21:45:14] [BUTTON INTERACTION EVENT] Button interaction: adaugare-certificat executed by dominik.1818
[29.7.2024 22:00:33] [BUTTON INTERACTION EVENT] Button interaction: activitate-membru executed by nostradamus.info
[29.7.2024 22:04:43] [BUTTON INTERACTION EVENT] Button interaction: informatii-membru executed by .badan.
[29.7.2024 22:12:02] [CONTEXT MENU EVENT] User context menu command: Meniu Conducere executed by vlogarulmascat on user mirai_170
[29.7.2024 22:12:07] [CONTEXT MENU EVENT] User context menu command: Meniu Instructor executed by vlogarulmascat on user mirai_170
[29.7.2024 22:12:09] [BUTTON INTERACTION EVENT] Button interaction: adaugare-certificat executed by vlogarulmascat
[29.7.2024 22:14:07] [BUTTON INTERACTION EVENT] Button interaction: activitate-membru executed by _mr.luca_
[29.7.2024 22:15:05] [BUTTON INTERACTION EVENT] Button interaction: formular-trecere-test executed by robert38374
[29.7.2024 22:15:15] [MODAL INTERACTION EVENT] Modal interaction: modal-formular-trecere-test executed by robert38374
[29.7.2024 22:20:16] [BUTTON INTERACTION EVENT] Button interaction: activitate-membru executed by bengalezu5464
[29.7.2024 22:30:51] [CONTEXT MENU EVENT] User context menu command: Meniu Instructor executed by dominik.1818 on user _bitzu
[29.7.2024 22:30:53] [BUTTON INTERACTION EVENT] Button interaction: adaugare-certificat executed by dominik.1818
[29.7.2024 22:31:49] [CONTEXT MENU EVENT] User context menu command: Meniu Instructor executed by vlogarulmascat on user george_p99
[29.7.2024 22:31:51] [BUTTON INTERACTION EVENT] Button interaction: adaugare-certificat executed by vlogarulmascat
[29.7.2024 22:37:17] [BUTTON INTERACTION EVENT] Button interaction: formular-demisie executed by alexgg10
[29.7.2024 22:37:25] [MODAL INTERACTION EVENT] Modal interaction: modal-formular-demisie/646777515330895919 executed by alexgg10
[29.7.2024 22:45:50] [BUTTON INTERACTION EVENT] Button interaction: activitate-membru executed by _mr.luca_
[29.7.2024 22:46:37] [CONTEXT MENU EVENT] User context menu command: Meniu Instructor executed by vlogarulmascat on user george_p99
[29.7.2024 22:46:39] [BUTTON INTERACTION EVENT] Button interaction: adaugare-certificat executed by vlogarulmascat
[29.7.2024 22:51:48] [CONTEXT MENU EVENT] User context menu command: Meniu Instructor executed by vlogarulmascat on user comeata
[29.7.2024 22:51:50] [BUTTON INTERACTION EVENT] Button interaction: adaugare-certificat executed by vlogarulmascat
[29.7.2024 22:57:19] [BUTTON INTERACTION EVENT] Button interaction: activitate-membru executed by _mr.luca_
[29.7.2024 23:05:17] [BUTTON INTERACTION EVENT] Button interaction: activitate-membru executed by _mr.luca_
[29.7.2024 23:06:08] [BUTTON INTERACTION EVENT] Button interaction: activitate-membru executed by stapinu
[29.7.2024 23:09:41] [BUTTON INTERACTION EVENT] Button interaction: activitate-membru executed by theayeshaero
[29.7.2024 23:10:15] [BUTTON INTERACTION EVENT] Button interaction: activitate-membru executed by theayeshaero
[29.7.2024 23:16:47] [CONTEXT MENU EVENT] User context menu command: Meniu Instructor executed by nostradamus.info on user clempibossmanele
[29.7.2024 23:16:54] [CONTEXT MENU EVENT] User context menu command: Meniu Instructor executed by ivampyy on user _bitzu
[29.7.2024 23:16:56] [BUTTON INTERACTION EVENT] Button interaction: adaugare-certificat executed by ivampyy
[29.7.2024 23:17:13] [BUTTON INTERACTION EVENT] Button interaction: activitate-membru executed by antiurss.
[29.7.2024 23:24:50] [BUTTON INTERACTION EVENT] Button interaction: activitate-membru executed by comeata
[29.7.2024 23:27:23] [CONTEXT MENU EVENT] User context menu command: Meniu Instructor executed by clempibossmanele on user comeata
[29.7.2024 23:27:26] [BUTTON INTERACTION EVENT] Button interaction: adaugare-certificat executed by clempibossmanele
[29.7.2024 23:28:01] [BUTTON INTERACTION EVENT] Button interaction: informatii-membru executed by lucaciobo
[29.7.2024 23:28:39] [BUTTON INTERACTION EVENT] Button interaction: activitate-membru executed by .stefancj.
[29.7.2024 23:29:14] [CONTEXT MENU EVENT] User context menu command: Meniu Instructor executed by robert38374 on user _bitzu
[29.7.2024 23:29:17] [BUTTON INTERACTION EVENT] Button interaction: adaugare-certificat executed by robert38374
[29.7.2024 23:30:49] [BUTTON INTERACTION EVENT] Button interaction: activitate-membru executed by .stefancj.
[29.7.2024 23:31:29] [BUTTON INTERACTION EVENT] Button interaction: activitate-membru executed by .vlad.albanezu.
[29.7.2024 23:31:46] [BUTTON INTERACTION EVENT] Button interaction: activitate-membru executed by .vlad.albanezu.
[29.7.2024 23:33:12] [BUTTON INTERACTION EVENT] Button interaction: activitate-membru executed by bengalezu5464
[29.7.2024 23:38:00] [CONTEXT MENU EVENT] User context menu command: Meniu Instructor executed by _mr.luca_ on user fabu69
[29.7.2024 23:54:56] [BUTTON INTERACTION EVENT] Button interaction: activitate-membru executed by _mr.luca_
[29.7.2024 23:56:42] [CONTEXT MENU EVENT] User context menu command: Meniu Instructor executed by robert38374 on user raudemic
[29.7.2024 23:56:46] [BUTTON INTERACTION EVENT] Button interaction: adaugare-certificat executed by robert38374
[29.7.2024 23:57:55] [BUTTON INTERACTION EVENT] Button interaction: informatii-membru executed by _jupanu
[30.7.2024 00:11:20] [CONTEXT MENU EVENT] User context menu command: Meniu Instructor executed by clempibossmanele on user lucaciobo
[30.7.2024 00:11:22] [BUTTON INTERACTION EVENT] Button interaction: adaugare-certificat executed by clempibossmanele
[30.7.2024 00:24:35] [BUTTON INTERACTION EVENT] Button interaction: activitate-membru executed by ivampyy
[30.7.2024 00:27:17] [BUTTON INTERACTION EVENT] Button interaction: activitate-membru executed by vld01
[30.7.2024 00:39:50] [BUTTON INTERACTION EVENT] Button interaction: activitate-membru executed by .stefancj.
[30.7.2024 00:40:12] [BUTTON INTERACTION EVENT] Button interaction: activitate-membru executed by .vlad.albanezu.
[30.7.2024 00:50:10] [BUTTON INTERACTION EVENT] Button interaction: activitate-membru executed by bengalezu5464
[30.7.2024 00:51:56] [BUTTON INTERACTION EVENT] Button interaction: activitate-membru executed by vld01
[30.7.2024 00:52:10] [BUTTON INTERACTION EVENT] Button interaction: activitate-membru executed by vld01
[30.7.2024 01:04:21] [BUTTON INTERACTION EVENT] Button interaction: activitate-membru executed by saityzxc
[30.7.2024 01:08:09] [BUTTON INTERACTION EVENT] Button interaction: activitate-membru executed by duinea
[30.7.2024 01:09:27] [BUTTON INTERACTION EVENT] Button interaction: activitate-membru executed by .sea.bass.
[30.7.2024 01:26:55] [BUTTON INTERACTION EVENT] Button interaction: activitate-membru executed by bengalezu5464
[30.7.2024 01:27:38] [BUTTON INTERACTION EVENT] Button interaction: activitate-membru executed by stapinu
[30.7.2024 01:27:44] [BUTTON INTERACTION EVENT] Button interaction: activitate-membru executed by comeata
[30.7.2024 01:33:53] [BUTTON INTERACTION EVENT] Button interaction: activitate-membru executed by eldosunosiempre
[30.7.2024 01:34:14] [BUTTON INTERACTION EVENT] Button interaction: activitate-membru executed by antiurss.
[30.7.2024 01:49:27] [BUTTON INTERACTION EVENT] Button interaction: activitate-membru executed by bengalezu5464
[30.7.2024 01:52:51] [BUTTON INTERACTION EVENT] Button interaction: activitate-membru executed by _mr.luca_
[30.7.2024 01:58:34] [BUTTON INTERACTION EVENT] Button interaction: activitate-membru executed by saityzxc
[30.7.2024 01:59:28] [BUTTON INTERACTION EVENT] Button interaction: activitate-membru executed by davinskyro
[30.7.2024 01:59:51] [BUTTON INTERACTION EVENT] Button interaction: activitate-membru executed by davinskyro
[30.7.2024 02:00:24] [SCHEDULER] Succesfully executed activity update schedule.
[30.7.2024 02:00:48] [SCHEDULER] Succesfully executed activity update schedule.
[30.7.2024 02:41:43] [BUTTON INTERACTION EVENT] Button interaction: activitate-membru executed by _mr.luca_
[30.7.2024 02:57:56] [BUTTON INTERACTION EVENT] Button interaction: activitate-membru executed by reyae.
[30.7.2024 03:06:42] [BUTTON INTERACTION EVENT] Button interaction: formular-intrare executed by h2ty4
[30.7.2024 03:07:12] [BUTTON INTERACTION EVENT] Button interaction: formular-intrare executed by h2ty4
[30.7.2024 03:07:14] [MODAL INTERACTION EVENT] Modal interaction: modal-formular-intrare/1154112479668998205 executed by h2ty4
[30.7.2024 05:00:18] [SCHEDULER] Succesfully executed activity update schedule.
[30.7.2024 05:00:36] [SCHEDULER] Succesfully executed activity update schedule.
[30.7.2024 05:58:00] [BUTTON INTERACTION EVENT] Button interaction: meniu-concediu executed by fabiandinuro
[30.7.2024 06:21:41] [BUTTON INTERACTION EVENT] Button interaction: activitate-membru executed by ionutss12
[30.7.2024 06:50:28] [BUTTON INTERACTION EVENT] Button interaction: activitate-membru executed by 7nelu
[30.7.2024 08:01:00] [SCHEDULER] An error occured while trying to execute activity update schedule.
[30.7.2024 08:01:19] [SCHEDULER] Succesfully executed activity update schedule.
[30.7.2024 08:18:55] [BUTTON INTERACTION EVENT] Button interaction: activitate-membru executed by antiurss.
[30.7.2024 08:52:47] [BUTTON INTERACTION EVENT] Button interaction: activitate-membru executed by 21.yanis
[30.7.2024 09:24:19] [CONTEXT MENU EVENT] User context menu command: Demitere executed by vlogarulmascat on user bo0787
[30.7.2024 09:24:21] [BUTTON INTERACTION EVENT] Button interaction: menu-demitere executed by vlogarulmascat
[30.7.2024 09:24:46] [CONTEXT MENU EVENT] User context menu command: Meniu Instructor executed by pastilatu on user clempibossmanele
[30.7.2024 09:24:49] [BUTTON INTERACTION EVENT] Button interaction: stergere-certificat executed by pastilatu
[30.7.2024 09:36:35] [BUTTON INTERACTION EVENT] Button interaction: activitate-membru executed by aka.wxy_
[30.7.2024 09:43:53] [BUTTON INTERACTION EVENT] Button interaction: activitate-membru executed by blea_
[30.7.2024 09:44:23] [BUTTON INTERACTION EVENT] Button interaction: meniu-concediu executed by blea_
[30.7.2024 09:46:34] [BUTTON INTERACTION EVENT] Button interaction: activitate-membru executed by trolecs
[30.7.2024 09:46:35] [BUTTON INTERACTION EVENT] Button interaction: activitate-membru executed by trolecs
[30.7.2024 09:58:33] [BUTTON INTERACTION EVENT] Button interaction: activitate-membru executed by .vlad.albanezu.
[30.7.2024 10:00:50] [BUTTON INTERACTION EVENT] Button interaction: activitate-membru executed by berrt69
[30.7.2024 10:16:03] [BUTTON INTERACTION EVENT] Button interaction: formular-demisie executed by luca777888
[30.7.2024 10:16:22] [MODAL INTERACTION EVENT] Modal interaction: modal-formular-demisie/912752606751907961 executed by luca777888
[30.7.2024 10:19:03] [CONTEXT MENU EVENT] User context menu command: Meniu Instructor executed by mixai on user raulica224
[30.7.2024 10:19:07] [BUTTON INTERACTION EVENT] Button interaction: adaugare-certificat executed by mixai
[30.7.2024 10:19:36] [BUTTON INTERACTION EVENT] Button interaction: informatii-membru executed by raulica224
[30.7.2024 10:20:09] [CONTEXT MENU EVENT] User context menu command: Demitere executed by vlogarulmascat on user aleczzz23
[30.7.2024 10:20:11] [BUTTON INTERACTION EVENT] Button interaction: menu-demitere executed by vlogarulmascat
[30.7.2024 10:30:29] [SLASH COMMANDS] Command subdep-menu was executed by justdexter
[30.7.2024 10:30:33] [BUTTON INTERACTION EVENT] Button interaction: radio-menu executed by justdexter
[30.7.2024 10:30:36] [BUTTON INTERACTION EVENT] Button interaction: radio-menu-instructori executed by justdexter
[30.7.2024 10:30:45] [BUTTON INTERACTION EVENT] Button interaction: radio-menu-user-activity executed by justdexter
[30.7.2024 10:30:50] [MODAL INTERACTION EVENT] Modal interaction: modal-radio-instr-activity executed by justdexter
[30.7.2024 10:31:05] [BUTTON INTERACTION EVENT] Button interaction: radio-menu-user-activity executed by justdexter
[30.7.2024 10:31:09] [MODAL INTERACTION EVENT] Modal interaction: modal-radio-instr-activity executed by justdexter
[30.7.2024 10:53:23] [BUTTON INTERACTION EVENT] Button interaction: activitate-membru executed by .sea.bass.
[30.7.2024 10:57:39] [BUTTON INTERACTION EVENT] Button interaction: activitate-membru executed by bengalezu5464
[30.7.2024 11:01:00] [SCHEDULER] An error occured while trying to execute activity update schedule.
[30.7.2024 11:01:18] [SCHEDULER] Succesfully executed activity update schedule.
[30.7.2024 11:01:58] [BUTTON INTERACTION EVENT] Button interaction: activitate-membru executed by mihaiweed
[30.7.2024 11:46:36] [BUTTON INTERACTION EVENT] Button interaction: activitate-membru executed by 21.yanis
[30.7.2024 11:54:13] [BUTTON INTERACTION EVENT] Button interaction: activitate-membru executed by xenn654
[30.7.2024 11:57:53] [BUTTON INTERACTION EVENT] Button interaction: activitate-membru executed by vlady.dev
[30.7.2024 12:32:28] [BUTTON INTERACTION EVENT] Button interaction: activitate-membru executed by mixai
[30.7.2024 12:37:03] [BUTTON INTERACTION EVENT] Button interaction: activitate-membru executed by xenn654
[30.7.2024 12:40:38] [BUTTON INTERACTION EVENT] Button interaction: formular-demisie executed by _jupanu
[30.7.2024 12:40:48] [BUTTON INTERACTION EVENT] Button interaction: formular-demisie executed by bogdx
[30.7.2024 12:40:55] [MODAL INTERACTION EVENT] Modal interaction: modal-formular-demisie/622767442241781781 executed by bogdx
[30.7.2024 12:40:57] [MODAL INTERACTION EVENT] Modal interaction: modal-formular-demisie/417022888504459264 executed by _jupanu
[30.7.2024 12:41:06] [BUTTON INTERACTION EVENT] Button interaction: formular-demisie executed by .andreisw.
[30.7.2024 12:41:23] [MODAL INTERACTION EVENT] Modal interaction: modal-formular-demisie/789456588813500426 executed by .andreisw.
[30.7.2024 13:10:14] [BUTTON INTERACTION EVENT] Button interaction: activitate-membru executed by xenn654
[30.7.2024 13:18:15] [BUTTON INTERACTION EVENT] Button interaction: informatii-membru executed by theayeshaero
[30.7.2024 13:21:54] [BUTTON INTERACTION EVENT] Button interaction: activitate-membru executed by aka.wxy_
[30.7.2024 13:22:33] [BUTTON INTERACTION EVENT] Button interaction: activitate-membru executed by raudemic
[30.7.2024 13:26:15] [BUTTON INTERACTION EVENT] Button interaction: activitate-membru executed by theayeshaero
[30.7.2024 13:37:43] [BUTTON INTERACTION EVENT] Button interaction: informatii-membru executed by ionutss12
[30.7.2024 13:54:56] [BUTTON INTERACTION EVENT] Button interaction: activitate-membru executed by saityzxc
[30.7.2024 13:55:09] [BUTTON INTERACTION EVENT] Button interaction: activitate-membru executed by aka.wxy_
[30.7.2024 14:01:00] [SCHEDULER] An error occured while trying to execute activity update schedule.
[30.7.2024 14:01:18] [SCHEDULER] Succesfully executed activity update schedule.
[30.7.2024 14:02:10] [BUTTON INTERACTION EVENT] Button interaction: activitate-membru executed by reyae.
[30.7.2024 14:05:34] [BUTTON INTERACTION EVENT] Button interaction: activitate-membru executed by beculetul
[30.7.2024 14:14:36] [BUTTON INTERACTION EVENT] Button interaction: formular-intrare executed by howlsefu
[30.7.2024 14:15:06] [MODAL INTERACTION EVENT] Modal interaction: modal-formular-intrare/715169201106583656 executed by howlsefu
[30.7.2024 14:16:16] [BUTTON INTERACTION EVENT] Button interaction: formular-trecere-test executed by matei.0505
[30.7.2024 14:16:38] [BUTTON INTERACTION EVENT] Button interaction: formular-trecere-test executed by matei.0505
[30.7.2024 14:16:45] [MODAL INTERACTION EVENT] Modal interaction: modal-formular-trecere-test executed by matei.0505
[30.7.2024 15:04:31] [CONTEXT MENU EVENT] User context menu command: Meniu Conducere executed by vlogarulmascat on user xenn654
[30.7.2024 15:04:57] [BUTTON INTERACTION EVENT] Button interaction: activitate executed by vlogarulmascat
[30.7.2024 15:05:06] [BUTTON INTERACTION EVENT] Button interaction: activitate-membru executed by xenn654
[30.7.2024 15:05:37] [CONTEXT MENU EVENT] User context menu command: Meniu Conducere executed by vlogarulmascat on user vlogarulmascat
[30.7.2024 15:05:45] [BUTTON INTERACTION EVENT] Button interaction: activitate executed by vlogarulmascat
[30.7.2024 15:15:50] [BUTTON INTERACTION EVENT] Button interaction: activitate-membru executed by kamzy26
[30.7.2024 15:16:18] [BUTTON INTERACTION EVENT] Button interaction: activitate-membru executed by duinea
[30.7.2024 15:21:01] [BUTTON INTERACTION EVENT] Button interaction: activitate-membru executed by beculetul
[30.7.2024 15:22:16] [BUTTON INTERACTION EVENT] Button interaction: activitate-membru executed by bogdan140825
[30.7.2024 15:32:15] [BUTTON INTERACTION EVENT] Button interaction: activitate-membru executed by ciotoi
[30.7.2024 15:45:07] [SLASH COMMANDS] Command gen-token was executed by pastilatu
[30.7.2024 15:45:51] [BUTTON INTERACTION EVENT] Button interaction: formular-intrare executed by .nr1dede.
[30.7.2024 15:46:23] [BUTTON INTERACTION EVENT] Button interaction: formular-intrare executed by .nr1dede.
[30.7.2024 15:46:35] [MODAL INTERACTION EVENT] Modal interaction: modal-formular-intrare/1152365025349087262 executed by .nr1dede.
[30.7.2024 15:54:01] [BUTTON INTERACTION EVENT] Button interaction: activitate-membru executed by comeata
[30.7.2024 16:04:44] [BUTTON INTERACTION EVENT] Button interaction: activitate-membru executed by _mr.luca_
[30.7.2024 16:10:36] [BUTTON INTERACTION EVENT] Button interaction: activitate-membru executed by .badan.
[30.7.2024 16:12:13] [SLASH COMMANDS] Command gen-token was executed by pastilatu
[30.7.2024 17:01:00] [SCHEDULER] An error occured while trying to execute activity update schedule.
[30.7.2024 17:01:18] [SCHEDULER] Succesfully executed activity update schedule.
[30.7.2024 17:11:00] [BUTTON INTERACTION EVENT] Button interaction: activitate-membru executed by reyae.
[30.7.2024 17:15:36] [BUTTON INTERACTION EVENT] Button interaction: activitate-membru executed by raulws.
[30.7.2024 17:33:13] [BUTTON INTERACTION EVENT] Button interaction: activitate-membru executed by aka.wxy_
[30.7.2024 17:36:31] [BUTTON INTERACTION EVENT] Button interaction: activitate-membru executed by .stefancj.
[30.7.2024 17:43:14] [BUTTON INTERACTION EVENT] Button interaction: activitate-membru executed by 7nelu
[30.7.2024 17:43:32] [BUTTON INTERACTION EVENT] Button interaction: activitate-membru executed by vlady.dev
[30.7.2024 17:44:41] [BUTTON INTERACTION EVENT] Button interaction: formular-intrare executed by howlsefu
[30.7.2024 17:44:56] [MODAL INTERACTION EVENT] Modal interaction: modal-formular-intrare/715169201106583656 executed by howlsefu
[30.7.2024 17:45:23] [BUTTON INTERACTION EVENT] Button interaction: formular-trecere-test executed by matei.0505
[30.7.2024 17:45:34] [BUTTON INTERACTION EVENT] Button interaction: formular-trecere-test executed by matei.0505
[30.7.2024 17:45:41] [MODAL INTERACTION EVENT] Modal interaction: modal-formular-trecere-test executed by matei.0505
[30.7.2024 17:56:33] [BUTTON INTERACTION EVENT] Button interaction: activitate-membru executed by _mr.luca_
[30.7.2024 18:02:51] [BUTTON INTERACTION EVENT] Button interaction: activitate-membru executed by vlogarulmascat
[30.7.2024 18:03:32] [CONTEXT MENU EVENT] User context menu command: Meniu Conducere executed by vlogarulmascat on user xenn654
[30.7.2024 18:03:35] [BUTTON INTERACTION EVENT] Button interaction: activitate executed by vlogarulmascat
[30.7.2024 19:00:31] [BUTTON INTERACTION EVENT] Button interaction: activitate-membru executed by .sea.bass.
[30.7.2024 19:01:00] [SCHEDULER] An error occured while trying to execute activity update schedule.
[30.7.2024 19:01:17] [SCHEDULER] Succesfully executed activity update schedule.
[30.7.2024 19:01:19] [BUTTON INTERACTION EVENT] Button interaction: activitate-membru executed by aka.wxy_
[30.7.2024 19:02:20] [CONTEXT MENU EVENT] User context menu command: Meniu Conducere executed by vlogarulmascat on user mixai
[30.7.2024 19:02:22] [BUTTON INTERACTION EVENT] Button interaction: activitate executed by vlogarulmascat
[30.7.2024 19:02:51] [BUTTON INTERACTION EVENT] Button interaction: activitate-membru executed by _mr.luca_
[30.7.2024 19:08:41] [CONTEXT MENU EVENT] User context menu command: Meniu Instructor executed by gamlenciaga on user thebeast3517
[30.7.2024 19:08:43] [BUTTON INTERACTION EVENT] Button interaction: adaugare-certificat executed by gamlenciaga
[30.7.2024 19:09:58] [BUTTON INTERACTION EVENT] Button interaction: activitate-membru executed by aka.wxy_
[30.7.2024 19:12:51] [BUTTON INTERACTION EVENT] Button interaction: activitate-membru executed by bengalezu5464
[30.7.2024 19:13:06] [BUTTON INTERACTION EVENT] Button interaction: activitate-membru executed by kamzy26
[30.7.2024 19:15:42] [BUTTON INTERACTION EVENT] Button interaction: activitate-membru executed by gamlenciaga
[30.7.2024 19:16:16] [BUTTON INTERACTION EVENT] Button interaction: activitate-membru executed by mihaiweed
[30.7.2024 19:30:23] [BUTTON INTERACTION EVENT] Button interaction: activitate-membru executed by 21.yanis
[30.7.2024 19:36:16] [BUTTON INTERACTION EVENT] Button interaction: activitate-membru executed by trolecs
[30.7.2024 19:40:23] [BUTTON INTERACTION EVENT] Button interaction: activitate-membru executed by _mr.luca_
[30.7.2024 19:41:10] [BUTTON INTERACTION EVENT] Button interaction: activitate-membru executed by mendez8504
[30.7.2024 19:57:54] [BUTTON INTERACTION EVENT] Button interaction: activitate-membru executed by _mr.luca_
[30.7.2024 20:01:29] [BUTTON INTERACTION EVENT] Button interaction: activitate-membru executed by raulws.
[30.7.2024 20:07:55] [BUTTON INTERACTION EVENT] Button interaction: meniu-concediu executed by blea_
[30.7.2024 20:07:59] [BUTTON INTERACTION EVENT] Button interaction: concediu executed by blea_
[30.7.2024 20:08:03] [BUTTON INTERACTION EVENT] Button interaction: concediu executed by blea_
[30.7.2024 20:08:05] [BUTTON INTERACTION EVENT] Button interaction: concediu executed by blea_
[30.7.2024 20:08:07] [BUTTON INTERACTION EVENT] Button interaction: concediu executed by blea_
[30.7.2024 20:08:08] [BUTTON INTERACTION EVENT] Button interaction: concediu executed by blea_
[30.7.2024 20:08:11] [BUTTON INTERACTION EVENT] Button interaction: adaugare-motiv-concediu executed by blea_
[30.7.2024 20:08:23] [MODAL INTERACTION EVENT] Modal interaction: modal-motiv-concediu/596061863603732497 executed by blea_
[30.7.2024 20:08:32] [BUTTON INTERACTION EVENT] Button interaction: activitate-membru executed by blea_
[30.7.2024 20:26:15] [BUTTON INTERACTION EVENT] Button interaction: activitate-membru executed by beculetul
[30.7.2024 21:01:00] [SCHEDULER] An error occured while trying to execute activity update schedule.
[30.7.2024 21:01:17] [SCHEDULER] Succesfully executed activity update schedule.
[30.7.2024 21:07:41] [BUTTON INTERACTION EVENT] Button interaction: activitate-membru executed by _mr.luca_
[30.7.2024 21:10:39] [BUTTON INTERACTION EVENT] Button interaction: activitate-membru executed by stephanie0509
[30.7.2024 21:21:09] [BUTTON INTERACTION EVENT] Button interaction: meniu-concediu executed by _mr.luca_
[30.7.2024 21:21:18] [BUTTON INTERACTION EVENT] Button interaction: concediu executed by _mr.luca_
[30.7.2024 21:21:20] [BUTTON INTERACTION EVENT] Button interaction: concediu executed by _mr.luca_
[30.7.2024 21:21:22] [BUTTON INTERACTION EVENT] Button interaction: concediu executed by _mr.luca_
[30.7.2024 21:21:23] [BUTTON INTERACTION EVENT] Button interaction: concediu executed by _mr.luca_
[30.7.2024 21:21:33] [BUTTON INTERACTION EVENT] Button interaction: activitate-membru executed by _mr.luca_
[30.7.2024 21:27:10] [BUTTON INTERACTION EVENT] Button interaction: activitate-membru executed by 21.yanis
[30.7.2024 21:30:20] [BUTTON INTERACTION EVENT] Button interaction: activitate-membru executed by porcea
[30.7.2024 21:44:32] [BUTTON INTERACTION EVENT] Button interaction: activitate-membru executed by covritm
[30.7.2024 21:51:28] [BUTTON INTERACTION EVENT] Button interaction: activitate-membru executed by bogdan140825
[30.7.2024 21:52:17] [BUTTON INTERACTION EVENT] Button interaction: activitate-membru executed by bengalezu5464
[30.7.2024 21:57:02] [BUTTON INTERACTION EVENT] Button interaction: activitate-membru executed by ciotoi
[30.7.2024 22:04:29] [BUTTON INTERACTION EVENT] Button interaction: activitate-membru executed by beculetul
[30.7.2024 22:07:30] [BUTTON INTERACTION EVENT] Button interaction: activitate-membru executed by mihaiweed
[30.7.2024 22:08:50] [BUTTON INTERACTION EVENT] Button interaction: activitate-membru executed by xenn654
[30.7.2024 22:16:31] [BUTTON INTERACTION EVENT] Button interaction: activitate-membru executed by nostradamus.info
[30.7.2024 22:20:10] [BUTTON INTERACTION EVENT] Button interaction: activitate-membru executed by covritm
[30.7.2024 22:26:42] [BUTTON INTERACTION EVENT] Button interaction: activitate-membru executed by 21.yanis
[30.7.2024 22:29:37] [BUTTON INTERACTION EVENT] Button interaction: activitate-membru executed by 7nelu
[30.7.2024 23:01:24] [BUTTON INTERACTION EVENT] Button interaction: activitate-membru executed by reyae.
[30.7.2024 23:04:49] [BUTTON INTERACTION EVENT] Button interaction: activitate-membru executed by gamlenciaga
[30.7.2024 23:12:35] [BUTTON INTERACTION EVENT] Button interaction: activitate-membru executed by covritm
[30.7.2024 23:19:01] [BUTTON INTERACTION EVENT] Button interaction: activitate-membru executed by vlady.dev
[30.7.2024 23:34:02] [BUTTON INTERACTION EVENT] Button interaction: activitate-membru executed by kamzy26
[30.7.2024 23:44:48] [BUTTON INTERACTION EVENT] Button interaction: activitate-membru executed by .stefancj.
[30.7.2024 23:48:33] [BUTTON INTERACTION EVENT] Button interaction: activitate-membru executed by aka.wxy_
[30.7.2024 23:50:04] [BUTTON INTERACTION EVENT] Button interaction: activitate-membru executed by duinea
[31.7.2024 00:02:05] [BUTTON INTERACTION EVENT] Button interaction: activitate-membru executed by duinea
[31.7.2024 00:23:54] [CONTEXT MENU EVENT] User context menu command: Meniu Instructor executed by stan_3010 on user reyae.
[31.7.2024 00:24:01] [BUTTON INTERACTION EVENT] Button interaction: lista-cooldowns executed by stan_3010
[31.7.2024 00:24:09] [SLASH COMMANDS] Command subdep-menu was executed by stan_3010
[31.7.2024 00:24:11] [BUTTON INTERACTION EVENT] Button interaction: pilot-menu executed by stan_3010
[31.7.2024 00:25:03] [BUTTON INTERACTION EVENT] Button interaction: activitate-membru executed by .vlad.albanezu.
[31.7.2024 00:53:49] [BUTTON INTERACTION EVENT] Button interaction: activitate-membru executed by covritm
[31.7.2024 00:54:12] [BUTTON INTERACTION EVENT] Button interaction: activitate-membru executed by .vlad.albanezu.
[31.7.2024 00:54:41] [BUTTON INTERACTION EVENT] Button interaction: activitate-membru executed by 30andrei
[31.7.2024 01:07:28] [BUTTON INTERACTION EVENT] Button interaction: activitate-membru executed by covritm
[31.7.2024 01:15:03] [BUTTON INTERACTION EVENT] Button interaction: activitate-membru executed by vld01
[31.7.2024 02:01:00] [SCHEDULER] An error occured while trying to execute activity update schedule.
[31.7.2024 02:01:16] [SCHEDULER] Succesfully executed activity update schedule.
[31.7.2024 02:30:36] [BUTTON INTERACTION EVENT] Button interaction: activitate-membru executed by .sea.bass.
[31.7.2024 02:30:57] [BUTTON INTERACTION EVENT] Button interaction: activitate-membru executed by gamlenciaga
[31.7.2024 05:01:00] [SCHEDULER] An error occured while trying to execute activity update schedule.
[31.7.2024 05:01:17] [SCHEDULER] Succesfully executed activity update schedule.
[31.7.2024 05:15:40] [BUTTON INTERACTION EVENT] Button interaction: activitate-membru executed by kamzy26
[31.7.2024 05:33:58] [BUTTON INTERACTION EVENT] Button interaction: activitate-membru executed by comeata
[31.7.2024 05:34:18] [BUTTON INTERACTION EVENT] Button interaction: activitate-membru executed by 21.yanis
[31.7.2024 05:34:27] [BUTTON INTERACTION EVENT] Button interaction: informatii-membru executed by comeata
[31.7.2024 06:00:08] [CONTEXT MENU EVENT] User context menu command: Meniu Conducere executed by vlogarulmascat on user xenn654
[31.7.2024 06:00:11] [BUTTON INTERACTION EVENT] Button interaction: activitate executed by vlogarulmascat
[31.7.2024 06:39:50] [BUTTON INTERACTION EVENT] Button interaction: activitate-membru executed by 7nelu
[31.7.2024 06:44:35] [BUTTON INTERACTION EVENT] Button interaction: informatii-membru executed by fabiandinuro
[31.7.2024 06:44:55] [BUTTON INTERACTION EVENT] Button interaction: informatii-membru executed by fabiandinuro
[31.7.2024 06:45:06] [BUTTON INTERACTION EVENT] Button interaction: activitate-membru executed by fabiandinuro
[31.7.2024 07:19:19] [BUTTON INTERACTION EVENT] Button interaction: activitate-membru executed by xenn654
[31.7.2024 07:21:51] [BUTTON INTERACTION EVENT] Button interaction: activitate-membru executed by xenn654
[31.7.2024 07:27:08] [BUTTON INTERACTION EVENT] Button interaction: activitate-membru executed by covritm
[31.7.2024 07:36:58] [BUTTON INTERACTION EVENT] Button interaction: activitate-membru executed by mihaiweed
[31.7.2024 07:58:29] [BUTTON INTERACTION EVENT] Button interaction: meniu-concediu executed by nostradamus.info
[31.7.2024 07:58:38] [BUTTON INTERACTION EVENT] Button interaction: concediu executed by nostradamus.info
[31.7.2024 07:58:41] [BUTTON INTERACTION EVENT] Button interaction: adaugare-motiv-concediu executed by nostradamus.info
[31.7.2024 07:58:48] [MODAL INTERACTION EVENT] Modal interaction: modal-motiv-concediu/557862554475429888 executed by nostradamus.info
[31.7.2024 07:58:55] [BUTTON INTERACTION EVENT] Button interaction: activitate-membru executed by nostradamus.info
[31.7.2024 08:01:00] [SCHEDULER] An error occured while trying to execute activity update schedule.
[31.7.2024 08:01:16] [SCHEDULER] Succesfully executed activity update schedule.
[31.7.2024 08:51:54] [BUTTON INTERACTION EVENT] Button interaction: activitate-membru executed by kamzy26
[31.7.2024 08:51:56] [BUTTON INTERACTION EVENT] Button interaction: activitate-membru executed by bengalezu5464
[31.7.2024 09:17:58] [BUTTON INTERACTION EVENT] Button interaction: activitate-membru executed by mixai
[31.7.2024 10:01:11] [BUTTON INTERACTION EVENT] Button interaction: activitate-membru executed by matei184
[31.7.2024 11:01:00] [SCHEDULER] An error occured while trying to execute activity update schedule.
[31.7.2024 11:01:16] [SCHEDULER] Succesfully executed activity update schedule.
[31.7.2024 11:07:34] [BUTTON INTERACTION EVENT] Button interaction: activitate-membru executed by duinea
[31.7.2024 11:11:54] [BUTTON INTERACTION EVENT] Button interaction: activitate-membru executed by covritm
[31.7.2024 11:13:48] [BUTTON INTERACTION EVENT] Button interaction: activitate-membru executed by 30andrei
[31.7.2024 11:14:49] [BUTTON INTERACTION EVENT] Button interaction: activitate-membru executed by kamzy26
[31.7.2024 11:15:13] [BUTTON INTERACTION EVENT] Button interaction: activitate-membru executed by kamzy26
[31.7.2024 11:28:10] [BUTTON INTERACTION EVENT] Button interaction: activitate-membru executed by antiurss.
[31.7.2024 11:30:24] [BUTTON INTERACTION EVENT] Button interaction: activitate-membru executed by covritm
[31.7.2024 11:30:25] [BUTTON INTERACTION EVENT] Button interaction: activitate-membru executed by mirai_170
[31.7.2024 11:50:42] [BUTTON INTERACTION EVENT] Button interaction: activitate-membru executed by xenn654
[31.7.2024 12:18:13] [BUTTON INTERACTION EVENT] Button interaction: activitate-membru executed by mirai_170
[31.7.2024 12:20:21] [BUTTON INTERACTION EVENT] Button interaction: activitate-membru executed by porcea
[31.7.2024 12:34:35] [BUTTON INTERACTION EVENT] Button interaction: activitate-membru executed by kamzy26
[31.7.2024 12:43:06] [BUTTON INTERACTION EVENT] Button interaction: meniu-concediu executed by kamzy26
[31.7.2024 12:44:14] [BUTTON INTERACTION EVENT] Button interaction: activitate-membru executed by gamlenciaga
