[21.7.2024 13:10:45] [SYSTEM] Error handler deployed.
[21.7.2024 13:10:45] [MONGO] Connected to MongoDB
[21.7.2024 13:10:45] [FILESYSTEM] Loading filesystem...
[21.7.2024 13:10:45] ┌─────────────────────────────────────┬────────────────────────────────┬────────┐
│[37m [0m[01m                               name[0m │[37m [0m[01m                          type[0m │[37m [0m[01mloaded[0m │
├─────────────────────────────────────┼────────────────────────────────┼────────┤
│[37m [0m[37m      buttonInteractionEventHandler[0m │[37m [0m[37m                       Handler[0m │[37m [0m[37m     ✅[0m │
│[37m [0m[37m                 contextMenuHandler[0m │[37m [0m[37m                       Handler[0m │[37m [0m[37m     ✅[0m │
│[37m [0m[37m      buttonInteractionEventHandler[0m │[37m [0m[37m                       Handler[0m │[37m [0m[37m     ✅[0m │
│[37m [0m[37m                slashCommandHandler[0m │[37m [0m[37m                       Handler[0m │[37m [0m[37m     ✅[0m │
│[37m [0m[37m stringSelectMenuInteractionHandler[0m │[37m [0m[37m                       Handler[0m │[37m [0m[37m     ✅[0m │
│[37m [0m[37m                   activitySchedule[0m │[37m [0m[37m                         Event[0m │[37m [0m[37m     ✅[0m │
│[37m [0m[37m                   scheduleShutdown[0m │[37m [0m[37m                         Event[0m │[37m [0m[37m     ✅[0m │
│[37m [0m[37m                            onLogin[0m │[37m [0m[37m                         Event[0m │[37m [0m[37m     ✅[0m │
│[37m [0m[37m                          gen-token[0m │[37m [0m[37m                 Slash Command[0m │[37m [0m[37m     ✅[0m │
│[37m [0m[37m                            botinfo[0m │[37m [0m[37m                 Slash Command[0m │[37m [0m[37m     ✅[0m │
│[37m [0m[37m                               eval[0m │[37m [0m[37m                 Slash Command[0m │[37m [0m[37m     ✅[0m │
│[37m [0m[37m                               exec[0m │[37m [0m[37m                 Slash Command[0m │[37m [0m[37m     ✅[0m │
│[37m [0m[37m                        subdep-menu[0m │[37m [0m[37m                 Slash Command[0m │[37m [0m[37m     ✅[0m │
│[37m [0m[37m                           Demitere[0m │[37m [0m[37m                  Context Menu[0m │[37m [0m[37m     ✅[0m │
│[37m [0m[37m                      Meniu Chestor[0m │[37m [0m[37m                  Context Menu[0m │[37m [0m[37m     ✅[0m │
│[37m [0m[37m                    Meniu Conducere[0m │[37m [0m[37m                  Context Menu[0m │[37m [0m[37m     ✅[0m │
│[37m [0m[37m                   Meniu Instructor[0m │[37m [0m[37m                  Context Menu[0m │[37m [0m[37m     ✅[0m │
│[37m [0m[37m                   formular-demisie[0m │[37m [0m[37m            Button Interaction[0m │[37m [0m[37m     ✅[0m │
│[37m [0m[37m              formular-trecere-test[0m │[37m [0m[37m            Button Interaction[0m │[37m [0m[37m     ✅[0m │
│[37m [0m[37m                   formular-intrare[0m │[37m [0m[37m            Button Interaction[0m │[37m [0m[37m     ✅[0m │
│[37m [0m[37m                  activitate-membru[0m │[37m [0m[37m            Button Interaction[0m │[37m [0m[37m     ✅[0m │
│[37m [0m[37m                  informatii-membru[0m │[37m [0m[37m            Button Interaction[0m │[37m [0m[37m     ✅[0m │
│[37m [0m[37m               chestor-creare-lista[0m │[37m [0m[37m            Button Interaction[0m │[37m [0m[37m     ✅[0m │
│[37m [0m[37m                  update-activitate[0m │[37m [0m[37m            Button Interaction[0m │[37m [0m[37m     ✅[0m │
│[37m [0m[37m                           concediu[0m │[37m [0m[37m            Button Interaction[0m │[37m [0m[37m     ✅[0m │
│[37m [0m[37m            adaugare-motiv-concediu[0m │[37m [0m[37m            Button Interaction[0m │[37m [0m[37m     ✅[0m │
│[37m [0m[37m                     meniu-concediu[0m │[37m [0m[37m            Button Interaction[0m │[37m [0m[37m     ✅[0m │
│[37m [0m[37m                         activitate[0m │[37m [0m[37m            Button Interaction[0m │[37m [0m[37m     ✅[0m │
│[37m [0m[37m                         informatii[0m │[37m [0m[37m            Button Interaction[0m │[37m [0m[37m     ✅[0m │
│[37m [0m[37m                     schimbare-grad[0m │[37m [0m[37m            Button Interaction[0m │[37m [0m[37m     ✅[0m │
│[37m [0m[37m                      menu-demitere[0m │[37m [0m[37m            Button Interaction[0m │[37m [0m[37m     ✅[0m │
│[37m [0m[37m           highspeed-menu-add-instr[0m │[37m [0m[37m            Button Interaction[0m │[37m [0m[37m     ✅[0m │
│[37m [0m[37m       highspeed-menu-user-activity[0m │[37m [0m[37m            Button Interaction[0m │[37m [0m[37m     ✅[0m │
│[37m [0m[37m         highspeed-menu-instructori[0m │[37m [0m[37m            Button Interaction[0m │[37m [0m[37m     ✅[0m │
│[37m [0m[37m        highspeed-menu-remove-instr[0m │[37m [0m[37m            Button Interaction[0m │[37m [0m[37m     ✅[0m │
│[37m [0m[37m                adaugare-certificat[0m │[37m [0m[37m            Button Interaction[0m │[37m [0m[37m     ✅[0m │
│[37m [0m[37m                  adaugare-cooldown[0m │[37m [0m[37m            Button Interaction[0m │[37m [0m[37m     ✅[0m │
│[37m [0m[37m                    lista-cooldowns[0m │[37m [0m[37m            Button Interaction[0m │[37m [0m[37m     ✅[0m │
│[37m [0m[37m                stergere-certificat[0m │[37m [0m[37m            Button Interaction[0m │[37m [0m[37m     ✅[0m │
│[37m [0m[37m                 mdt-menu-add-instr[0m │[37m [0m[37m            Button Interaction[0m │[37m [0m[37m     ✅[0m │
│[37m [0m[37m               mdt-menu-instructori[0m │[37m [0m[37m            Button Interaction[0m │[37m [0m[37m     ✅[0m │
│[37m [0m[37m             mdt-menu-user-activity[0m │[37m [0m[37m            Button Interaction[0m │[37m [0m[37m     ✅[0m │
│[37m [0m[37m              mdt-menu-remove-instr[0m │[37m [0m[37m            Button Interaction[0m │[37m [0m[37m     ✅[0m │
│[37m [0m[37m                moto-menu-add-instr[0m │[37m [0m[37m            Button Interaction[0m │[37m [0m[37m     ✅[0m │
│[37m [0m[37m              moto-menu-instructori[0m │[37m [0m[37m            Button Interaction[0m │[37m [0m[37m     ✅[0m │
│[37m [0m[37m            moto-menu-user-activity[0m │[37m [0m[37m            Button Interaction[0m │[37m [0m[37m     ✅[0m │
│[37m [0m[37m             moto-menu-remove-instr[0m │[37m [0m[37m            Button Interaction[0m │[37m [0m[37m     ✅[0m │
│[37m [0m[37m               pilot-menu-add-instr[0m │[37m [0m[37m            Button Interaction[0m │[37m [0m[37m     ✅[0m │
│[37m [0m[37m             pilot-menu-instructori[0m │[37m [0m[37m            Button Interaction[0m │[37m [0m[37m     ✅[0m │
│[37m [0m[37m           pilot-menu-user-activity[0m │[37m [0m[37m            Button Interaction[0m │[37m [0m[37m     ✅[0m │
│[37m [0m[37m            pilot-menu-remove-instr[0m │[37m [0m[37m            Button Interaction[0m │[37m [0m[37m     ✅[0m │
│[37m [0m[37m               radio-menu-add-instr[0m │[37m [0m[37m            Button Interaction[0m │[37m [0m[37m     ✅[0m │
│[37m [0m[37m             radio-menu-instructori[0m │[37m [0m[37m            Button Interaction[0m │[37m [0m[37m     ✅[0m │
│[37m [0m[37m           radio-menu-user-activity[0m │[37m [0m[37m            Button Interaction[0m │[37m [0m[37m     ✅[0m │
│[37m [0m[37m            radio-menu-remove-instr[0m │[37m [0m[37m            Button Interaction[0m │[37m [0m[37m     ✅[0m │
│[37m [0m[37m               open-sanction-thread[0m │[37m [0m[37m            Button Interaction[0m │[37m [0m[37m     ✅[0m │
│[37m [0m[37m                   sanction-confirm[0m │[37m [0m[37m            Button Interaction[0m │[37m [0m[37m     ✅[0m │
│[37m [0m[37m                    sanction-select[0m │[37m [0m[37m            Button Interaction[0m │[37m [0m[37m     ✅[0m │
│[37m [0m[37m                     highspeed-menu[0m │[37m [0m[37m            Button Interaction[0m │[37m [0m[37m     ✅[0m │
│[37m [0m[37m                           mdt-menu[0m │[37m [0m[37m            Button Interaction[0m │[37m [0m[37m     ✅[0m │
│[37m [0m[37m                          moto-menu[0m │[37m [0m[37m            Button Interaction[0m │[37m [0m[37m     ✅[0m │
│[37m [0m[37m                         pilot-menu[0m │[37m [0m[37m            Button Interaction[0m │[37m [0m[37m     ✅[0m │
│[37m [0m[37m                         radio-menu[0m │[37m [0m[37m            Button Interaction[0m │[37m [0m[37m     ✅[0m │
│[37m [0m[37m                        tester-menu[0m │[37m [0m[37m            Button Interaction[0m │[37m [0m[37m     ✅[0m │
│[37m [0m[37m              tester-menu-add-instr[0m │[37m [0m[37m            Button Interaction[0m │[37m [0m[37m     ✅[0m │
│[37m [0m[37m            tester-menu-instructori[0m │[37m [0m[37m            Button Interaction[0m │[37m [0m[37m     ✅[0m │
│[37m [0m[37m           tester-menu-remove-instr[0m │[37m [0m[37m            Button Interaction[0m │[37m [0m[37m     ✅[0m │
│[37m [0m[37m          tester-menu-user-activity[0m │[37m [0m[37m            Button Interaction[0m │[37m [0m[37m     ✅[0m │
│[37m [0m[37m             sanction-thread-cancel[0m │[37m [0m[37m            Button Interaction[0m │[37m [0m[37m     ✅[0m │
│[37m [0m[37m               sanction-thread-send[0m │[37m [0m[37m            Button Interaction[0m │[37m [0m[37m     ✅[0m │
│[37m [0m[37m               modal-motiv-concediu[0m │[37m [0m[37m             Modal Interaction[0m │[37m [0m[37m     ✅[0m │
│[37m [0m[37m             modal-formular-demisie[0m │[37m [0m[37m             Modal Interaction[0m │[37m [0m[37m     ✅[0m │
│[37m [0m[37m             modal-formular-intrare[0m │[37m [0m[37m             Modal Interaction[0m │[37m [0m[37m     ✅[0m │
│[37m [0m[37m     modal-highspeed-instr-adaugare[0m │[37m [0m[37m             Modal Interaction[0m │[37m [0m[37m     ✅[0m │
│[37m [0m[37m     modal-highspeed-instr-activity[0m │[37m [0m[37m             Modal Interaction[0m │[37m [0m[37m     ✅[0m │
│[37m [0m[37m     modal-highspeed-instr-scoatere[0m │[37m [0m[37m             Modal Interaction[0m │[37m [0m[37m     ✅[0m │
│[37m [0m[37m           modal-mdt-instr-adaugare[0m │[37m [0m[37m             Modal Interaction[0m │[37m [0m[37m     ✅[0m │
│[37m [0m[37m           modal-mdt-instr-activity[0m │[37m [0m[37m             Modal Interaction[0m │[37m [0m[37m     ✅[0m │
│[37m [0m[37m           modal-mdt-instr-scoatere[0m │[37m [0m[37m             Modal Interaction[0m │[37m [0m[37m     ✅[0m │
│[37m [0m[37m          modal-moto-instr-adaugare[0m │[37m [0m[37m             Modal Interaction[0m │[37m [0m[37m     ✅[0m │
│[37m [0m[37m          modal-moto-instr-activity[0m │[37m [0m[37m             Modal Interaction[0m │[37m [0m[37m     ✅[0m │
│[37m [0m[37m          modal-moto-instr-scoatere[0m │[37m [0m[37m             Modal Interaction[0m │[37m [0m[37m     ✅[0m │
│[37m [0m[37m         modal-pilot-instr-adaugare[0m │[37m [0m[37m             Modal Interaction[0m │[37m [0m[37m     ✅[0m │
│[37m [0m[37m         modal-pilot-instr-activity[0m │[37m [0m[37m             Modal Interaction[0m │[37m [0m[37m     ✅[0m │
│[37m [0m[37m         modal-pilot-instr-scoatere[0m │[37m [0m[37m             Modal Interaction[0m │[37m [0m[37m     ✅[0m │
│[37m [0m[37m         modal-radio-instr-adaugare[0m │[37m [0m[37m             Modal Interaction[0m │[37m [0m[37m     ✅[0m │
│[37m [0m[37m         modal-radio-instr-activity[0m │[37m [0m[37m             Modal Interaction[0m │[37m [0m[37m     ✅[0m │
│[37m [0m[37m         modal-radio-instr-scoatere[0m │[37m [0m[37m             Modal Interaction[0m │[37m [0m[37m     ✅[0m │
│[37m [0m[37m      modal-sanction-callsign-input[0m │[37m [0m[37m             Modal Interaction[0m │[37m [0m[37m     ✅[0m │
│[37m [0m[37m        modal-sanction-reason-input[0m │[37m [0m[37m             Modal Interaction[0m │[37m [0m[37m     ✅[0m │
│[37m [0m[37m        modal-tester-instr-adaugare[0m │[37m [0m[37m             Modal Interaction[0m │[37m [0m[37m     ✅[0m │
│[37m [0m[37m        modal-tester-instr-scoatere[0m │[37m [0m[37m             Modal Interaction[0m │[37m [0m[37m     ✅[0m │
│[37m [0m[37m        modal-tester-instr-activity[0m │[37m [0m[37m             Modal Interaction[0m │[37m [0m[37m     ✅[0m │
│[37m [0m[37m        modal-formular-trecere-test[0m │[37m [0m[37m             Modal Interaction[0m │[37m [0m[37m     ✅[0m │
│[37m [0m[37m                  activitate-select[0m │[37m [0m[37mString Select Menu Interaction[0m │[37m [0m[37m     ✅[0m │
│[37m [0m[37m           creare-lista-week-select[0m │[37m [0m[37mString Select Menu Interaction[0m │[37m [0m[37m     ✅[0m │
│[37m [0m[37m              schimbare-grad-select[0m │[37m [0m[37mString Select Menu Interaction[0m │[37m [0m[37m     ✅[0m │
│[37m [0m[37m         adaugare-certificat-select[0m │[37m [0m[37mString Select Menu Interaction[0m │[37m [0m[37m     ✅[0m │
│[37m [0m[37m         certificat-cooldown-select[0m │[37m [0m[37mString Select Menu Interaction[0m │[37m [0m[37m     ✅[0m │
│[37m [0m[37mcooldown-certificat-duration-select[0m │[37m [0m[37mString Select Menu Interaction[0m │[37m [0m[37m     ✅[0m │
│[37m [0m[37m         stergere-certificat-select[0m │[37m [0m[37mString Select Menu Interaction[0m │[37m [0m[37m     ✅[0m │
│[37m [0m[37m           sanction-duration-select[0m │[37m [0m[37mString Select Menu Interaction[0m │[37m [0m[37m     ✅[0m │
└─────────────────────────────────────┴────────────────────────────────┴────────┘
[21.7.2024 13:10:45] [FILESYSTEM] Filesystem has been loaded.
[21.7.2024 13:10:46] [DISCORD API] Connected to Discord API.
[21.7.2024 13:10:46] [DISCORD API] Started refreshing application (/) commands.
[21.7.2024 13:10:46] [SCHEDULER] Activity update schedules have been deployed.
[21.7.2024 13:10:47] [DISCORD API] Successfully reloaded application (/) commands.
[21.7.2024 13:17:55] [BUTTON INTERACTION EVENT] Button interaction: activitate-membru executed by davinskyro
[21.7.2024 13:22:53] [SLASH COMMANDS] Command subdep-menu was executed by dariusss1337
[21.7.2024 13:23:06] [SLASH COMMANDS] Command subdep-menu was executed by dariusss1337
[21.7.2024 13:23:07] [BUTTON INTERACTION EVENT] Button interaction: highspeed-menu executed by dariusss1337
[21.7.2024 13:23:09] [BUTTON INTERACTION EVENT] Button interaction: highspeed-menu-instructori executed by dariusss1337
[21.7.2024 13:23:11] [BUTTON INTERACTION EVENT] Button interaction: highspeed-menu-user-activity executed by dariusss1337
[21.7.2024 13:23:33] [SLASH COMMANDS] Command subdep-menu was executed by justdexter
[21.7.2024 13:23:35] [BUTTON INTERACTION EVENT] Button interaction: radio-menu executed by justdexter
[21.7.2024 13:23:39] [BUTTON INTERACTION EVENT] Button interaction: radio-menu-instructori executed by justdexter
[21.7.2024 13:23:46] [BUTTON INTERACTION EVENT] Button interaction: radio-menu-user-activity executed by justdexter
[21.7.2024 13:23:51] [BUTTON INTERACTION EVENT] Button interaction: radio-menu-user-activity executed by justdexter
[21.7.2024 13:23:54] [MODAL INTERACTION EVENT] Modal interaction: modal-radio-instr-activity executed by justdexter
[21.7.2024 13:24:09] [BUTTON INTERACTION EVENT] Button interaction: radio-menu-user-activity executed by justdexter
[21.7.2024 13:24:13] [MODAL INTERACTION EVENT] Modal interaction: modal-radio-instr-activity executed by justdexter
[21.7.2024 13:24:19] [BUTTON INTERACTION EVENT] Button interaction: radio-menu-user-activity executed by justdexter
[21.7.2024 13:24:26] [MODAL INTERACTION EVENT] Modal interaction: modal-radio-instr-activity executed by justdexter
[21.7.2024 13:24:30] [BUTTON INTERACTION EVENT] Button interaction: radio-menu-user-activity executed by justdexter
[21.7.2024 13:24:35] [MODAL INTERACTION EVENT] Modal interaction: modal-radio-instr-activity executed by justdexter
[21.7.2024 13:24:43] [SLASH COMMANDS] Command subdep-menu was executed by pastilatu
[21.7.2024 13:24:50] [BUTTON INTERACTION EVENT] Button interaction: moto-menu executed by pastilatu
[21.7.2024 13:24:53] [BUTTON INTERACTION EVENT] Button interaction: moto-menu-instructori executed by pastilatu
[21.7.2024 13:25:06] [BUTTON INTERACTION EVENT] Button interaction: moto-menu-user-activity executed by pastilatu
[21.7.2024 13:25:06] [SLASH COMMANDS] Command subdep-menu was executed by justdexter
[21.7.2024 13:25:08] [BUTTON INTERACTION EVENT] Button interaction: radio-menu executed by justdexter
[21.7.2024 13:25:10] [BUTTON INTERACTION EVENT] Button interaction: radio-menu-instructori executed by justdexter
[21.7.2024 13:25:16] [BUTTON INTERACTION EVENT] Button interaction: radio-menu-user-activity executed by justdexter
[21.7.2024 13:25:16] [MODAL INTERACTION EVENT] Modal interaction: modal-moto-instr-activity executed by pastilatu
[21.7.2024 13:25:19] [MODAL INTERACTION EVENT] Modal interaction: modal-radio-instr-activity executed by justdexter
[21.7.2024 13:25:27] [BUTTON INTERACTION EVENT] Button interaction: tester-menu executed by pastilatu
[21.7.2024 13:25:30] [BUTTON INTERACTION EVENT] Button interaction: tester-menu-instructori executed by pastilatu
[21.7.2024 13:29:25] [BUTTON INTERACTION EVENT] Button interaction: formular-intrare executed by dariusss1337
[21.7.2024 13:29:38] [BUTTON INTERACTION EVENT] Button interaction: formular-intrare executed by dariusss1337
[21.7.2024 13:48:11] [BUTTON INTERACTION EVENT] Button interaction: activitate-membru executed by eldosunosiempre
[21.7.2024 13:50:20] [BUTTON INTERACTION EVENT] Button interaction: activitate-membru executed by raulws.
[21.7.2024 13:51:46] [BUTTON INTERACTION EVENT] Button interaction: activitate-membru executed by ciotoi
[21.7.2024 13:57:10] [BUTTON INTERACTION EVENT] Button interaction: activitate-membru executed by ionutss12
[21.7.2024 14:01:00] [SCHEDULER] An error occured while trying to execute activity update schedule.
[21.7.2024 14:01:17] [SCHEDULER] Succesfully executed activity update schedule.
[21.7.2024 14:08:08] [BUTTON INTERACTION EVENT] Button interaction: activitate-membru executed by deniss23
[21.7.2024 14:25:21] [BUTTON INTERACTION EVENT] Button interaction: activitate-membru executed by ciotoi
[21.7.2024 14:26:54] [BUTTON INTERACTION EVENT] Button interaction: activitate-membru executed by stephanie0509
[21.7.2024 14:29:20] [BUTTON INTERACTION EVENT] Button interaction: activitate-membru executed by porcea
[21.7.2024 14:36:02] [BUTTON INTERACTION EVENT] Button interaction: activitate-membru executed by porcea
[21.7.2024 14:37:40] [BUTTON INTERACTION EVENT] Button interaction: activitate-membru executed by 30andrei
[21.7.2024 14:43:30] [BUTTON INTERACTION EVENT] Button interaction: activitate-membru executed by matei184
[21.7.2024 14:44:38] [BUTTON INTERACTION EVENT] Button interaction: activitate-membru executed by porcea
[21.7.2024 14:52:05] [BUTTON INTERACTION EVENT] Button interaction: activitate-membru executed by porcea
[21.7.2024 14:54:12] [BUTTON INTERACTION EVENT] Button interaction: activitate-membru executed by porcea
[21.7.2024 15:07:08] [BUTTON INTERACTION EVENT] Button interaction: formular-intrare executed by cniculcea06
[21.7.2024 15:07:19] [MODAL INTERACTION EVENT] Modal interaction: modal-formular-intrare/1001896662337323261 executed by cniculcea06
[21.7.2024 15:12:20] [BUTTON INTERACTION EVENT] Button interaction: activitate-membru executed by porcea
[21.7.2024 15:15:11] [BUTTON INTERACTION EVENT] Button interaction: formular-trecere-test executed by mixai
[21.7.2024 15:17:44] [BUTTON INTERACTION EVENT] Button interaction: formular-trecere-test executed by mixai
[21.7.2024 15:18:10] [BUTTON INTERACTION EVENT] Button interaction: activitate-membru executed by ciotoi
[21.7.2024 15:18:23] [MODAL INTERACTION EVENT] Modal interaction: modal-formular-trecere-test executed by mixai
[21.7.2024 15:23:15] [BUTTON INTERACTION EVENT] Button interaction: activitate-membru executed by porcea
[21.7.2024 15:29:25] [BUTTON INTERACTION EVENT] Button interaction: activitate-membru executed by porcea
[21.7.2024 15:40:40] [BUTTON INTERACTION EVENT] Button interaction: activitate-membru executed by porcea
[21.7.2024 15:40:51] [BUTTON INTERACTION EVENT] Button interaction: informatii-membru executed by porcea
[21.7.2024 15:48:28] [BUTTON INTERACTION EVENT] Button interaction: activitate-membru executed by deniss23
[21.7.2024 15:51:01] [BUTTON INTERACTION EVENT] Button interaction: activitate-membru executed by blea_
[21.7.2024 15:54:34] [BUTTON INTERACTION EVENT] Button interaction: activitate-membru executed by antiurss.
[21.7.2024 16:04:45] [BUTTON INTERACTION EVENT] Button interaction: activitate-membru executed by vlady.dev
[21.7.2024 16:12:43] [CONTEXT MENU EVENT] User context menu command: Meniu Instructor executed by robert38374 on user hellblademax
[21.7.2024 16:12:47] [BUTTON INTERACTION EVENT] Button interaction: adaugare-cooldown executed by robert38374
[21.7.2024 16:13:37] [BUTTON INTERACTION EVENT] Button interaction: activitate-membru executed by saityzxc
[21.7.2024 16:14:09] [BUTTON INTERACTION EVENT] Button interaction: activitate-membru executed by saityzxc
[21.7.2024 16:14:14] [BUTTON INTERACTION EVENT] Button interaction: activitate-membru executed by saityzxc
[21.7.2024 16:14:59] [BUTTON INTERACTION EVENT] Button interaction: activitate-membru executed by deniss23
[21.7.2024 16:42:20] [BUTTON INTERACTION EVENT] Button interaction: activitate-membru executed by porcea
[21.7.2024 16:54:40] [BUTTON INTERACTION EVENT] Button interaction: activitate-membru executed by ivampyy
[21.7.2024 16:57:18] [BUTTON INTERACTION EVENT] Button interaction: activitate-membru executed by blea_
[21.7.2024 17:01:00] [SCHEDULER] An error occured while trying to execute activity update schedule.
[21.7.2024 17:01:16] [SCHEDULER] Succesfully executed activity update schedule.
[21.7.2024 17:07:11] [BUTTON INTERACTION EVENT] Button interaction: activitate-membru executed by antiurss.
[21.7.2024 17:11:46] [BUTTON INTERACTION EVENT] Button interaction: activitate-membru executed by 7nelu
[21.7.2024 17:39:24] [BUTTON INTERACTION EVENT] Button interaction: activitate-membru executed by deniss23
[21.7.2024 17:54:43] [BUTTON INTERACTION EVENT] Button interaction: activitate-membru executed by el_fomistu
[21.7.2024 18:01:48] [BUTTON INTERACTION EVENT] Button interaction: activitate-membru executed by 7nelu
[21.7.2024 18:21:53] [BUTTON INTERACTION EVENT] Button interaction: activitate-membru executed by mixai
[21.7.2024 18:39:04] [BUTTON INTERACTION EVENT] Button interaction: activitate-membru executed by thepunisher001
[21.7.2024 18:46:44] [BUTTON INTERACTION EVENT] Button interaction: activitate-membru executed by porcea
[21.7.2024 18:52:33] [CONTEXT MENU EVENT] User context menu command: Meniu Instructor executed by ace4415 on user saidnfx
[21.7.2024 18:54:14] [BUTTON INTERACTION EVENT] Button interaction: activitate-membru executed by akarolex
[21.7.2024 19:01:00] [SCHEDULER] An error occured while trying to execute activity update schedule.
[21.7.2024 19:01:15] [SCHEDULER] Succesfully executed activity update schedule.
[21.7.2024 19:15:48] [BUTTON INTERACTION EVENT] Button interaction: activitate-membru executed by xenn654
[21.7.2024 19:39:48] [BUTTON INTERACTION EVENT] Button interaction: activitate-membru executed by .robitu
[21.7.2024 20:02:20] [BUTTON INTERACTION EVENT] Button interaction: formular-demisie executed by illumination69
[21.7.2024 20:02:40] [MODAL INTERACTION EVENT] Modal interaction: modal-formular-demisie/383570938941145088 executed by illumination69
[21.7.2024 20:03:43] [BUTTON INTERACTION EVENT] Button interaction: activitate-membru executed by blea_
[21.7.2024 20:11:35] [BUTTON INTERACTION EVENT] Button interaction: meniu-concediu executed by mendez8504
[21.7.2024 20:11:45] [BUTTON INTERACTION EVENT] Button interaction: adaugare-motiv-concediu executed by mendez8504
[21.7.2024 20:32:17] [BUTTON INTERACTION EVENT] Button interaction: activitate-membru executed by matei184
[21.7.2024 20:49:43] [BUTTON INTERACTION EVENT] Button interaction: activitate-membru executed by mixai
[21.7.2024 20:50:43] [BUTTON INTERACTION EVENT] Button interaction: activitate-membru executed by ivampyy
[21.7.2024 21:01:00] [SCHEDULER] An error occured while trying to execute activity update schedule.
[21.7.2024 21:01:15] [SCHEDULER] Succesfully executed activity update schedule.
[21.7.2024 21:05:52] [BUTTON INTERACTION EVENT] Button interaction: activitate-membru executed by blea_
[21.7.2024 21:11:58] [BUTTON INTERACTION EVENT] Button interaction: activitate-membru executed by antiurss.
[21.7.2024 21:12:11] [BUTTON INTERACTION EVENT] Button interaction: activitate-membru executed by akarolex
[21.7.2024 21:12:36] [BUTTON INTERACTION EVENT] Button interaction: activitate-membru executed by akarolex
[21.7.2024 21:18:51] [BUTTON INTERACTION EVENT] Button interaction: activitate-membru executed by raulws.
[21.7.2024 22:10:22] [BUTTON INTERACTION EVENT] Button interaction: activitate-membru executed by porcea
[21.7.2024 22:18:50] [BUTTON INTERACTION EVENT] Button interaction: activitate-membru executed by vld01
[21.7.2024 22:19:52] [BUTTON INTERACTION EVENT] Button interaction: activitate-membru executed by vld01
[21.7.2024 22:20:13] [BUTTON INTERACTION EVENT] Button interaction: meniu-concediu executed by vld01
[21.7.2024 22:20:17] [BUTTON INTERACTION EVENT] Button interaction: concediu executed by vld01
[21.7.2024 22:20:20] [BUTTON INTERACTION EVENT] Button interaction: adaugare-motiv-concediu executed by vld01
[21.7.2024 22:20:23] [BUTTON INTERACTION EVENT] Button interaction: concediu executed by vld01
[21.7.2024 22:20:27] [BUTTON INTERACTION EVENT] Button interaction: concediu executed by vld01
[21.7.2024 22:20:28] [BUTTON INTERACTION EVENT] Button interaction: concediu executed by vld01
[21.7.2024 22:20:29] [BUTTON INTERACTION EVENT] Button interaction: concediu executed by vld01
[21.7.2024 22:20:31] [BUTTON INTERACTION EVENT] Button interaction: concediu executed by vld01
[21.7.2024 22:20:32] [BUTTON INTERACTION EVENT] Button interaction: concediu executed by vld01
[21.7.2024 22:20:34] [BUTTON INTERACTION EVENT] Button interaction: concediu executed by vld01
[21.7.2024 22:20:39] [BUTTON INTERACTION EVENT] Button interaction: adaugare-motiv-concediu executed by vld01
[21.7.2024 22:21:34] [MODAL INTERACTION EVENT] Modal interaction: modal-motiv-concediu/204641108528070656 executed by vld01
[21.7.2024 22:21:49] [BUTTON INTERACTION EVENT] Button interaction: activitate-membru executed by vld01
[21.7.2024 22:23:36] [BUTTON INTERACTION EVENT] Button interaction: activitate-membru executed by blea_
[21.7.2024 22:24:36] [BUTTON INTERACTION EVENT] Button interaction: activitate-membru executed by vlogarulmascat
[21.7.2024 22:28:41] [BUTTON INTERACTION EVENT] Button interaction: activitate-membru executed by blea_
[21.7.2024 22:37:34] [BUTTON INTERACTION EVENT] Button interaction: activitate-membru executed by blea_
[21.7.2024 22:41:13] [BUTTON INTERACTION EVENT] Button interaction: activitate-membru executed by ciotoi
[21.7.2024 22:48:51] [BUTTON INTERACTION EVENT] Button interaction: activitate-membru executed by stephanie0509
[21.7.2024 22:49:06] [BUTTON INTERACTION EVENT] Button interaction: activitate-membru executed by eldosunosiempre
[21.7.2024 22:49:49] [BUTTON INTERACTION EVENT] Button interaction: activitate-membru executed by eldosunosiempre
[21.7.2024 23:17:19] [BUTTON INTERACTION EVENT] Button interaction: activitate-membru executed by 7nelu
[21.7.2024 23:17:30] [BUTTON INTERACTION EVENT] Button interaction: activitate-membru executed by 7nelu
[21.7.2024 23:22:05] [BUTTON INTERACTION EVENT] Button interaction: activitate-membru executed by clempibossmanele
[21.7.2024 23:25:48] [BUTTON INTERACTION EVENT] Button interaction: activitate-membru executed by blea_
[21.7.2024 23:29:17] [BUTTON INTERACTION EVENT] Button interaction: activitate-membru executed by antiurss.
[21.7.2024 23:53:51] [BUTTON INTERACTION EVENT] Button interaction: activitate-membru executed by dominik.1818
[22.7.2024 00:03:35] [CONTEXT MENU EVENT] User context menu command: Meniu Instructor executed by justdexter on user _thebeamer
[22.7.2024 00:03:38] [BUTTON INTERACTION EVENT] Button interaction: stergere-certificat executed by justdexter
[22.7.2024 00:03:48] [BUTTON INTERACTION EVENT] Button interaction: adaugare-cooldown executed by justdexter
[22.7.2024 00:12:18] [BUTTON INTERACTION EVENT] Button interaction: activitate-membru executed by raulws.
[22.7.2024 00:12:48] [BUTTON INTERACTION EVENT] Button interaction: activitate-membru executed by el_fomistu
[22.7.2024 00:17:13] [BUTTON INTERACTION EVENT] Button interaction: activitate-membru executed by .tweez
[22.7.2024 00:26:55] [BUTTON INTERACTION EVENT] Button interaction: activitate-membru executed by vlady.dev
[22.7.2024 01:06:13] [BUTTON INTERACTION EVENT] Button interaction: activitate-membru executed by davinskyro
[22.7.2024 01:33:30] [BUTTON INTERACTION EVENT] Button interaction: activitate-membru executed by antiurss.
[22.7.2024 02:01:00] [SCHEDULER] An error occured while trying to execute activity update schedule.
[22.7.2024 02:01:16] [SCHEDULER] Succesfully executed activity update schedule.
[22.7.2024 02:20:55] [BUTTON INTERACTION EVENT] Button interaction: activitate-membru executed by antiurss.
[22.7.2024 02:21:01] [BUTTON INTERACTION EVENT] Button interaction: activitate-membru executed by antiurss.
[22.7.2024 02:22:52] [CONTEXT MENU EVENT] User context menu command: Meniu Instructor executed by antiurss. on user _thebeamer
[22.7.2024 02:23:00] [BUTTON INTERACTION EVENT] Button interaction: adaugare-cooldown executed by antiurss.
[22.7.2024 02:29:45] [BUTTON INTERACTION EVENT] Button interaction: activitate-membru executed by theayeshaero
[22.7.2024 02:30:58] [BUTTON INTERACTION EVENT] Button interaction: activitate-membru executed by reyae.
[22.7.2024 03:16:57] [BUTTON INTERACTION EVENT] Button interaction: activitate-membru executed by saityzxc
[22.7.2024 03:17:04] [BUTTON INTERACTION EVENT] Button interaction: activitate-membru executed by saityzxc
[22.7.2024 03:30:05] [BUTTON INTERACTION EVENT] Button interaction: activitate-membru executed by theayeshaero
[22.7.2024 05:01:00] [SCHEDULER] An error occured while trying to execute activity update schedule.
[22.7.2024 05:01:15] [SCHEDULER] Succesfully executed activity update schedule.
[22.7.2024 06:13:36] [BUTTON INTERACTION EVENT] Button interaction: activitate-membru executed by 7nelu
[22.7.2024 06:37:05] [BUTTON INTERACTION EVENT] Button interaction: activitate-membru executed by blea_
[22.7.2024 06:55:19] [BUTTON INTERACTION EVENT] Button interaction: activitate-membru executed by porcea
[22.7.2024 07:07:40] [BUTTON INTERACTION EVENT] Button interaction: activitate-membru executed by razvian
[22.7.2024 07:32:09] [BUTTON INTERACTION EVENT] Button interaction: activitate-membru executed by mixai
[22.7.2024 08:01:00] [SCHEDULER] An error occured while trying to execute activity update schedule.
[22.7.2024 08:01:16] [SCHEDULER] Succesfully executed activity update schedule.
[22.7.2024 08:14:22] [BUTTON INTERACTION EVENT] Button interaction: activitate-membru executed by _mr.luca_
[22.7.2024 08:24:06] [BUTTON INTERACTION EVENT] Button interaction: activitate-membru executed by reyae.
[22.7.2024 08:31:53] [CONTEXT MENU EVENT] User context menu command: Meniu Instructor executed by bulgaru_ on user exe4299
[22.7.2024 08:31:55] [BUTTON INTERACTION EVENT] Button interaction: adaugare-certificat executed by bulgaru_
[22.7.2024 09:22:42] [BUTTON INTERACTION EVENT] Button interaction: activitate-membru executed by matei.0505
[22.7.2024 09:34:50] [BUTTON INTERACTION EVENT] Button interaction: activitate-membru executed by porcea
[22.7.2024 09:39:30] [BUTTON INTERACTION EVENT] Button interaction: activitate-membru executed by porcea
[22.7.2024 09:40:02] [BUTTON INTERACTION EVENT] Button interaction: activitate-membru executed by porcea
[22.7.2024 09:46:19] [BUTTON INTERACTION EVENT] Button interaction: activitate-membru executed by antiurss.
[22.7.2024 09:48:32] [BUTTON INTERACTION EVENT] Button interaction: activitate-membru executed by porcea
[22.7.2024 09:58:31] [BUTTON INTERACTION EVENT] Button interaction: activitate-membru executed by bogdan140825
[22.7.2024 10:04:53] [BUTTON INTERACTION EVENT] Button interaction: activitate-membru executed by justdexter
[22.7.2024 10:26:00] [BUTTON INTERACTION EVENT] Button interaction: activitate-membru executed by coxsefu
[22.7.2024 10:26:37] [BUTTON INTERACTION EVENT] Button interaction: activitate-membru executed by coxsefu
[22.7.2024 10:29:28] [CONTEXT MENU EVENT] User context menu command: Meniu Instructor executed by antiurss. on user exe4299
[22.7.2024 10:29:29] [BUTTON INTERACTION EVENT] Button interaction: adaugare-certificat executed by antiurss.
[22.7.2024 10:32:10] [BUTTON INTERACTION EVENT] Button interaction: formular-trecere-test executed by mixai
[22.7.2024 10:32:25] [MODAL INTERACTION EVENT] Modal interaction: modal-formular-trecere-test executed by mixai
[22.7.2024 10:46:41] [BUTTON INTERACTION EVENT] Button interaction: formular-trecere-test executed by mixai
[22.7.2024 10:46:55] [MODAL INTERACTION EVENT] Modal interaction: modal-formular-trecere-test executed by mixai
[22.7.2024 10:47:35] [BUTTON INTERACTION EVENT] Button interaction: activitate-membru executed by stephanie0509
[22.7.2024 10:51:55] [BUTTON INTERACTION EVENT] Button interaction: activitate-membru executed by deniss23
[22.7.2024 10:52:05] [BUTTON INTERACTION EVENT] Button interaction: activitate-membru executed by deniss23
[22.7.2024 11:01:00] [SCHEDULER] An error occured while trying to execute activity update schedule.
[22.7.2024 11:01:15] [SCHEDULER] Succesfully executed activity update schedule.
[22.7.2024 11:08:58] [BUTTON INTERACTION EVENT] Button interaction: activitate-membru executed by antiurss.
[22.7.2024 11:32:08] [BUTTON INTERACTION EVENT] Button interaction: activitate-membru executed by matei184
[22.7.2024 11:37:25] [CONTEXT MENU EVENT] User context menu command: Meniu Instructor executed by clempibossmanele on user 30andrei
[22.7.2024 11:37:27] [BUTTON INTERACTION EVENT] Button interaction: adaugare-certificat executed by clempibossmanele
[22.7.2024 11:42:45] [CONTEXT MENU EVENT] User context menu command: Meniu Instructor executed by clempibossmanele on user 30andrei
[22.7.2024 11:42:47] [BUTTON INTERACTION EVENT] Button interaction: adaugare-certificat executed by clempibossmanele
[22.7.2024 11:48:09] [BUTTON INTERACTION EVENT] Button interaction: activitate-membru executed by blea_
[22.7.2024 11:51:04] [BUTTON INTERACTION EVENT] Button interaction: activitate-membru executed by theayeshaero
[22.7.2024 12:01:36] [BUTTON INTERACTION EVENT] Button interaction: activitate-membru executed by blea_
[22.7.2024 12:21:05] [BUTTON INTERACTION EVENT] Button interaction: activitate-membru executed by razvian
[22.7.2024 12:23:56] [BUTTON INTERACTION EVENT] Button interaction: activitate-membru executed by conjureh1m
[22.7.2024 12:25:51] [BUTTON INTERACTION EVENT] Button interaction: activitate-membru executed by eldosunosiempre
[22.7.2024 12:25:59] [BUTTON INTERACTION EVENT] Button interaction: activitate-membru executed by eldosunosiempre
[22.7.2024 12:51:18] [BUTTON INTERACTION EVENT] Button interaction: activitate-membru executed by cadaru.
[22.7.2024 13:06:09] [BUTTON INTERACTION EVENT] Button interaction: activitate-membru executed by dominik.1818
[22.7.2024 13:06:18] [BUTTON INTERACTION EVENT] Button interaction: activitate-membru executed by thepunisher001
[22.7.2024 13:07:01] [BUTTON INTERACTION EVENT] Button interaction: activitate-membru executed by thepunisher001
[22.7.2024 13:07:05] [BUTTON INTERACTION EVENT] Button interaction: activitate-membru executed by thepunisher001
[22.7.2024 13:07:23] [BUTTON INTERACTION EVENT] Button interaction: activitate-membru executed by thepunisher001
[22.7.2024 13:07:43] [BUTTON INTERACTION EVENT] Button interaction: activitate-membru executed by stan_3010
[22.7.2024 13:13:02] [BUTTON INTERACTION EVENT] Button interaction: activitate-membru executed by .badan.
[22.7.2024 13:13:13] [BUTTON INTERACTION EVENT] Button interaction: activitate-membru executed by .badan.
[22.7.2024 13:13:37] [BUTTON INTERACTION EVENT] Button interaction: activitate-membru executed by matei184
[22.7.2024 13:14:01] [CONTEXT MENU EVENT] User context menu command: Meniu Conducere executed by dariusss1337 on user thepunisher001
[22.7.2024 13:14:02] [BUTTON INTERACTION EVENT] Button interaction: activitate executed by dariusss1337
[22.7.2024 13:14:13] [CONTEXT MENU EVENT] User context menu command: Meniu Chestor executed by dariusss1337 on user neasonic.
[22.7.2024 13:15:16] [BUTTON INTERACTION EVENT] Button interaction: update-activitate executed by dariusss1337
[22.7.2024 13:17:12] [SLASH COMMANDS] Command subdep-menu was executed by dariusss1337
[22.7.2024 13:17:14] [BUTTON INTERACTION EVENT] Button interaction: moto-menu executed by dariusss1337
[22.7.2024 13:17:16] [BUTTON INTERACTION EVENT] Button interaction: tester-menu executed by dariusss1337
[22.7.2024 13:17:17] [BUTTON INTERACTION EVENT] Button interaction: tester-menu-instructori executed by dariusss1337
[22.7.2024 13:17:39] [BUTTON INTERACTION EVENT] Button interaction: update-activitate executed by dariusss1337
[22.7.2024 13:18:28] [BUTTON INTERACTION EVENT] Button interaction: update-activitate executed by dariusss1337
[22.7.2024 13:18:38] [CONTEXT MENU EVENT] User context menu command: Meniu Conducere executed by dariusss1337 on user thepunisher001
[22.7.2024 13:18:40] [BUTTON INTERACTION EVENT] Button interaction: activitate executed by dariusss1337
[22.7.2024 13:18:51] [BUTTON INTERACTION EVENT] Button interaction: activitate-membru executed by vlady.dev
[22.7.2024 13:20:19] [BUTTON INTERACTION EVENT] Button interaction: activitate-membru executed by tudor2304
[22.7.2024 13:23:41] [BUTTON INTERACTION EVENT] Button interaction: activitate-membru executed by porcea
[22.7.2024 13:31:40] [BUTTON INTERACTION EVENT] Button interaction: activitate-membru executed by trolecs
[22.7.2024 13:33:08] [BUTTON INTERACTION EVENT] Button interaction: activitate-membru executed by .tweez
[22.7.2024 13:35:47] [BUTTON INTERACTION EVENT] Button interaction: activitate-membru executed by clempibossmanele
[22.7.2024 13:53:37] [BUTTON INTERACTION EVENT] Button interaction: activitate-membru executed by akarolex
[22.7.2024 13:54:06] [BUTTON INTERACTION EVENT] Button interaction: formular-trecere-test executed by stan_3010
[22.7.2024 13:54:31] [MODAL INTERACTION EVENT] Modal interaction: modal-formular-trecere-test executed by stan_3010
[22.7.2024 14:01:00] [SCHEDULER] An error occured while trying to execute activity update schedule.
[22.7.2024 14:01:15] [SCHEDULER] Succesfully executed activity update schedule.
[22.7.2024 14:29:57] [BUTTON INTERACTION EVENT] Button interaction: activitate-membru executed by ivampyy
[22.7.2024 14:30:17] [BUTTON INTERACTION EVENT] Button interaction: activitate-membru executed by eduardirm
[22.7.2024 14:33:17] [CONTEXT MENU EVENT] User context menu command: Meniu Instructor executed by pandi1234 on user hellblademax
[22.7.2024 14:33:20] [BUTTON INTERACTION EVENT] Button interaction: adaugare-certificat executed by pandi1234
[22.7.2024 15:01:37] [BUTTON INTERACTION EVENT] Button interaction: activitate-membru executed by prntcl
[22.7.2024 15:35:55] [BUTTON INTERACTION EVENT] Button interaction: activitate-membru executed by fabiandinuro
[22.7.2024 15:40:48] [BUTTON INTERACTION EVENT] Button interaction: activitate-membru executed by porcea
[22.7.2024 15:47:48] [BUTTON INTERACTION EVENT] Button interaction: informatii-membru executed by albert26p
[22.7.2024 15:52:54] [CONTEXT MENU EVENT] User context menu command: Meniu Instructor executed by pandi1234 on user akarolex
[22.7.2024 15:52:57] [BUTTON INTERACTION EVENT] Button interaction: adaugare-cooldown executed by pandi1234
[22.7.2024 15:53:17] [BUTTON INTERACTION EVENT] Button interaction: lista-cooldowns executed by pandi1234
[22.7.2024 15:54:51] [SLASH COMMANDS] Command subdep-menu was executed by pastilatu
[22.7.2024 15:54:55] [BUTTON INTERACTION EVENT] Button interaction: moto-menu executed by pastilatu
[22.7.2024 15:54:56] [BUTTON INTERACTION EVENT] Button interaction: moto-menu-add-instr executed by pastilatu
[22.7.2024 15:55:01] [CONTEXT MENU EVENT] User context menu command: Meniu Instructor executed by pandi1234 on user akarolex
[22.7.2024 15:55:03] [BUTTON INTERACTION EVENT] Button interaction: adaugare-cooldown executed by pandi1234
[22.7.2024 15:55:05] [BUTTON INTERACTION EVENT] Button interaction: moto-menu-add-instr executed by pastilatu
[22.7.2024 15:55:09] [MODAL INTERACTION EVENT] Modal interaction: modal-moto-instr-adaugare executed by pastilatu
[22.7.2024 15:55:32] [CONTEXT MENU EVENT] User context menu command: Meniu Instructor executed by pandi1234 on user akarolex
[22.7.2024 15:55:35] [BUTTON INTERACTION EVENT] Button interaction: adaugare-cooldown executed by pandi1234
[22.7.2024 15:56:19] [SLASH COMMANDS] Command subdep-menu was executed by pastilatu
[22.7.2024 15:56:21] [BUTTON INTERACTION EVENT] Button interaction: moto-menu executed by pastilatu
[22.7.2024 15:56:24] [BUTTON INTERACTION EVENT] Button interaction: moto-menu-instructori executed by pastilatu
[22.7.2024 15:56:40] [CONTEXT MENU EVENT] User context menu command: Meniu Instructor executed by pastilatu on user akarolex
[22.7.2024 15:56:44] [BUTTON INTERACTION EVENT] Button interaction: adaugare-cooldown executed by pastilatu
[22.7.2024 15:56:56] [CONTEXT MENU EVENT] User context menu command: Meniu Instructor executed by pandi1234 on user akarolex
[22.7.2024 15:56:59] [BUTTON INTERACTION EVENT] Button interaction: adaugare-cooldown executed by pandi1234
[22.7.2024 15:59:52] [BUTTON INTERACTION EVENT] Button interaction: activitate-membru executed by cadaru.
[22.7.2024 16:13:07] [BUTTON INTERACTION EVENT] Button interaction: informatii-membru executed by davinskyro
[22.7.2024 16:13:19] [BUTTON INTERACTION EVENT] Button interaction: activitate-membru executed by davinskyro
[22.7.2024 16:20:22] [BUTTON INTERACTION EVENT] Button interaction: activitate-membru executed by _mr.luca_
[22.7.2024 16:24:35] [BUTTON INTERACTION EVENT] Button interaction: formular-demisie executed by armandosefupezona
[22.7.2024 16:24:59] [MODAL INTERACTION EVENT] Modal interaction: modal-formular-demisie/1191915602093289702 executed by armandosefupezona
[22.7.2024 16:47:34] [BUTTON INTERACTION EVENT] Button interaction: activitate-membru executed by spooky4096
[22.7.2024 17:01:00] [SCHEDULER] An error occured while trying to execute activity update schedule.
[22.7.2024 17:01:15] [SCHEDULER] Succesfully executed activity update schedule.
[22.7.2024 17:06:31] [BUTTON INTERACTION EVENT] Button interaction: activitate-membru executed by dominik.1818
[22.7.2024 17:16:13] [BUTTON INTERACTION EVENT] Button interaction: activitate-membru executed by conjureh1m
[22.7.2024 17:21:55] [BUTTON INTERACTION EVENT] Button interaction: activitate-membru executed by saityzxc
[22.7.2024 17:22:09] [BUTTON INTERACTION EVENT] Button interaction: activitate-membru executed by saityzxc
[22.7.2024 17:55:51] [BUTTON INTERACTION EVENT] Button interaction: activitate-membru executed by _mr.luca_
[22.7.2024 18:02:34] [BUTTON INTERACTION EVENT] Button interaction: activitate-membru executed by nostradamus.info
[22.7.2024 18:03:55] [BUTTON INTERACTION EVENT] Button interaction: activitate-membru executed by thepunisher001
[22.7.2024 18:04:03] [BUTTON INTERACTION EVENT] Button interaction: activitate-membru executed by thepunisher001
[22.7.2024 18:04:59] [BUTTON INTERACTION EVENT] Button interaction: activitate-membru executed by albert26p
[22.7.2024 18:08:20] [CONTEXT MENU EVENT] User context menu command: Meniu Instructor executed by mixai on user duinea
[22.7.2024 18:08:22] [BUTTON INTERACTION EVENT] Button interaction: adaugare-certificat executed by mixai
[22.7.2024 18:12:48] [BUTTON INTERACTION EVENT] Button interaction: activitate-membru executed by matei184
[22.7.2024 18:14:03] [BUTTON INTERACTION EVENT] Button interaction: activitate-membru executed by saityzxc
[22.7.2024 18:14:08] [BUTTON INTERACTION EVENT] Button interaction: activitate-membru executed by saityzxc
[22.7.2024 18:26:50] [BUTTON INTERACTION EVENT] Button interaction: informatii-membru executed by antiurss.
[22.7.2024 18:27:01] [BUTTON INTERACTION EVENT] Button interaction: activitate-membru executed by antiurss.
[22.7.2024 18:32:11] [BUTTON INTERACTION EVENT] Button interaction: activitate-membru executed by thepunisher001
[22.7.2024 18:32:54] [BUTTON INTERACTION EVENT] Button interaction: activitate-membru executed by berrt69
[22.7.2024 18:33:01] [BUTTON INTERACTION EVENT] Button interaction: activitate-membru executed by berrt69
[22.7.2024 18:35:39] [BUTTON INTERACTION EVENT] Button interaction: activitate-membru executed by thepunisher001
[22.7.2024 18:38:14] [BUTTON INTERACTION EVENT] Button interaction: activitate-membru executed by matei184
[22.7.2024 18:38:20] [BUTTON INTERACTION EVENT] Button interaction: activitate-membru executed by ionutss12
[22.7.2024 18:39:02] [BUTTON INTERACTION EVENT] Button interaction: informatii-membru executed by ionutss12
[22.7.2024 18:40:09] [BUTTON INTERACTION EVENT] Button interaction: activitate-membru executed by dominik.1818
[22.7.2024 18:49:14] [BUTTON INTERACTION EVENT] Button interaction: activitate-membru executed by el_fomistu
[22.7.2024 18:52:29] [BUTTON INTERACTION EVENT] Button interaction: activitate-membru executed by xprosebyktms
[22.7.2024 18:58:07] [BUTTON INTERACTION EVENT] Button interaction: activitate-membru executed by mixai
[22.7.2024 19:01:00] [SCHEDULER] An error occured while trying to execute activity update schedule.
[22.7.2024 19:01:15] [SCHEDULER] Succesfully executed activity update schedule.
[22.7.2024 19:04:03] [BUTTON INTERACTION EVENT] Button interaction: activitate-membru executed by blea_
[22.7.2024 19:04:59] [BUTTON INTERACTION EVENT] Button interaction: formular-trecere-test executed by stan_3010
[22.7.2024 19:05:19] [MODAL INTERACTION EVENT] Modal interaction: modal-formular-trecere-test executed by stan_3010
[22.7.2024 19:08:00] [BUTTON INTERACTION EVENT] Button interaction: activitate-membru executed by _mr.luca_
[22.7.2024 19:08:13] [BUTTON INTERACTION EVENT] Button interaction: activitate-membru executed by _mr.luca_
[22.7.2024 19:26:08] [BUTTON INTERACTION EVENT] Button interaction: activitate-membru executed by blea_
[22.7.2024 19:27:09] [BUTTON INTERACTION EVENT] Button interaction: activitate-membru executed by .sea.bass.
[22.7.2024 19:37:49] [BUTTON INTERACTION EVENT] Button interaction: activitate-membru executed by f0rest
[22.7.2024 19:38:12] [BUTTON INTERACTION EVENT] Button interaction: informatii-membru executed by f0rest
[22.7.2024 19:41:37] [BUTTON INTERACTION EVENT] Button interaction: activitate-membru executed by theayeshaero
[22.7.2024 19:46:51] [BUTTON INTERACTION EVENT] Button interaction: activitate-membru executed by spooky4096
[22.7.2024 20:01:45] [BUTTON INTERACTION EVENT] Button interaction: activitate-membru executed by porcea
[22.7.2024 20:17:30] [BUTTON INTERACTION EVENT] Button interaction: activitate-membru executed by matei9670
[22.7.2024 20:17:38] [BUTTON INTERACTION EVENT] Button interaction: activitate-membru executed by ionuut.dominikan.
[22.7.2024 20:18:05] [BUTTON INTERACTION EVENT] Button interaction: activitate-membru executed by ionuut.dominikan.
[22.7.2024 20:37:25] [BUTTON INTERACTION EVENT] Button interaction: activitate-membru executed by 7nelu
[22.7.2024 20:47:11] [BUTTON INTERACTION EVENT] Button interaction: activitate-membru executed by antiurss.
[22.7.2024 20:47:13] [BUTTON INTERACTION EVENT] Button interaction: activitate-membru executed by antiurss.
[22.7.2024 20:47:15] [BUTTON INTERACTION EVENT] Button interaction: activitate-membru executed by antiurss.
[22.7.2024 20:54:13] [BUTTON INTERACTION EVENT] Button interaction: activitate-membru executed by conjureh1m
[22.7.2024 21:01:00] [SCHEDULER] An error occured while trying to execute activity update schedule.
[22.7.2024 21:01:16] [SCHEDULER] Succesfully executed activity update schedule.
[22.7.2024 21:07:19] [BUTTON INTERACTION EVENT] Button interaction: activitate-membru executed by beculetul
[22.7.2024 21:19:25] [CONTEXT MENU EVENT] User context menu command: Meniu Instructor executed by _mr.luca_ on user bengalezu5464
[22.7.2024 21:19:28] [BUTTON INTERACTION EVENT] Button interaction: adaugare-certificat executed by _mr.luca_
[22.7.2024 21:23:36] [CONTEXT MENU EVENT] User context menu command: Meniu Instructor executed by _mr.luca_ on user albert26p
[22.7.2024 21:23:38] [BUTTON INTERACTION EVENT] Button interaction: adaugare-certificat executed by _mr.luca_
[22.7.2024 21:30:12] [BUTTON INTERACTION EVENT] Button interaction: activitate-membru executed by raulws.
[22.7.2024 21:37:50] [BUTTON INTERACTION EVENT] Button interaction: activitate-membru executed by theayeshaero
[22.7.2024 21:49:57] [BUTTON INTERACTION EVENT] Button interaction: formular-demisie executed by tonyey
[22.7.2024 21:50:08] [MODAL INTERACTION EVENT] Modal interaction: modal-formular-demisie/483999278709211148 executed by tonyey
