[31.7.2024 12:48:00] [SYSTEM] Error handler deployed.
[31.7.2024 12:48:00] [MONGO] Connected to MongoDB
[31.7.2024 12:48:00] [FILESYSTEM] Loading filesystem...
[31.7.2024 12:48:00] â”Œâ”€â”€â”€â”€â”€â”€â”€â”€â”€â”€â”€â”€â”€â”€â”€â”€â”€â”€â”€â”€â”€â”€â”€â”€â”€â”€â”€â”€â”€â”€â”€â”€â”€â”€â”€â”€â”€â”¬â”€â”€â”€â”€â”€â”€â”€â”€â”€â”€â”€â”€â”€â”€â”€â”€â”€â”€â”€â”€â”€â”€â”€â”€â”€â”€â”€â”€â”€â”€â”€â”€â”¬â”€â”€â”€â”€â”€â”€â”€â”€â”
â”‚[37m [0m[01m                               name[0m â”‚[37m [0m[01m                          type[0m â”‚[37m [0m[01mloaded[0m â”‚
â”œâ”€â”€â”€â”€â”€â”€â”€â”€â”€â”€â”€â”€â”€â”€â”€â”€â”€â”€â”€â”€â”€â”€â”€â”€â”€â”€â”€â”€â”€â”€â”€â”€â”€â”€â”€â”€â”€â”¼â”€â”€â”€â”€â”€â”€â”€â”€â”€â”€â”€â”€â”€â”€â”€â”€â”€â”€â”€â”€â”€â”€â”€â”€â”€â”€â”€â”€â”€â”€â”€â”€â”¼â”€â”€â”€â”€â”€â”€â”€â”€â”¤
â”‚[37m [0m[37m      buttonInteractionEventHandler[0m â”‚[37m [0m[37m                       Handler[0m â”‚[37m [0m[37m     âœ…[0m â”‚
â”‚[37m [0m[37m                 contextMenuHandler[0m â”‚[37m [0m[37m                       Handler[0m â”‚[37m [0m[37m     âœ…[0m â”‚
â”‚[37m [0m[37m      buttonInteractionEventHandler[0m â”‚[37m [0m[37m                       Handler[0m â”‚[37m [0m[37m     âœ…[0m â”‚
â”‚[37m [0m[37m                slashCommandHandler[0m â”‚[37m [0m[37m                       Handler[0m â”‚[37m [0m[37m     âœ…[0m â”‚
â”‚[37m [0m[37m stringSelectMenuInteractionHandler[0m â”‚[37m [0m[37m                       Handler[0m â”‚[37m [0m[37m     âœ…[0m â”‚
â”‚[37m [0m[37m                   activitySchedule[0m â”‚[37m [0m[37m                         Event[0m â”‚[37m [0m[37m     âœ…[0m â”‚
â”‚[37m [0m[37m                   scheduleShutdown[0m â”‚[37m [0m[37m                         Event[0m â”‚[37m [0m[37m     âœ…[0m â”‚
â”‚[37m [0m[37m                            onLogin[0m â”‚[37m [0m[37m                         Event[0m â”‚[37m [0m[37m     âœ…[0m â”‚
â”‚[37m [0m[37m                          gen-token[0m â”‚[37m [0m[37m                 Slash Command[0m â”‚[37m [0m[37m     âœ…[0m â”‚
â”‚[37m [0m[37m                            botinfo[0m â”‚[37m [0m[37m                 Slash Command[0m â”‚[37m [0m[37m     âœ…[0m â”‚
â”‚[37m [0m[37m                               eval[0m â”‚[37m [0m[37m                 Slash Command[0m â”‚[37m [0m[37m     âœ…[0m â”‚
â”‚[37m [0m[37m                               exec[0m â”‚[37m [0m[37m                 Slash Command[0m â”‚[37m [0m[37m     âœ…[0m â”‚
â”‚[37m [0m[37m                        subdep-menu[0m â”‚[37m [0m[37m                 Slash Command[0m â”‚[37m [0m[37m     âœ…[0m â”‚
â”‚[37m [0m[37m                           Demitere[0m â”‚[37m [0m[37m                  Context Menu[0m â”‚[37m [0m[37m     âœ…[0m â”‚
â”‚[37m [0m[37m                      Meniu Chestor[0m â”‚[37m [0m[37m                  Context Menu[0m â”‚[37m [0m[37m     âœ…[0m â”‚
â”‚[37m [0m[37m                    Meniu Conducere[0m â”‚[37m [0m[37m                  Context Menu[0m â”‚[37m [0m[37m     âœ…[0m â”‚
â”‚[37m [0m[37m                   Meniu Instructor[0m â”‚[37m [0m[37m                  Context Menu[0m â”‚[37m [0m[37m     âœ…[0m â”‚
â”‚[37m [0m[37m                   formular-demisie[0m â”‚[37m [0m[37m            Button Interaction[0m â”‚[37m [0m[37m     âœ…[0m â”‚
â”‚[37m [0m[37m              formular-trecere-test[0m â”‚[37m [0m[37m            Button Interaction[0m â”‚[37m [0m[37m     âœ…[0m â”‚
â”‚[37m [0m[37m                   formular-intrare[0m â”‚[37m [0m[37m            Button Interaction[0m â”‚[37m [0m[37m     âœ…[0m â”‚
â”‚[37m [0m[37m                  activitate-membru[0m â”‚[37m [0m[37m            Button Interaction[0m â”‚[37m [0m[37m     âœ…[0m â”‚
â”‚[37m [0m[37m                  informatii-membru[0m â”‚[37m [0m[37m            Button Interaction[0m â”‚[37m [0m[37m     âœ…[0m â”‚
â”‚[37m [0m[37m               chestor-creare-lista[0m â”‚[37m [0m[37m            Button Interaction[0m â”‚[37m [0m[37m     âœ…[0m â”‚
â”‚[37m [0m[37m                  update-activitate[0m â”‚[37m [0m[37m            Button Interaction[0m â”‚[37m [0m[37m     âœ…[0m â”‚
â”‚[37m [0m[37m                           concediu[0m â”‚[37m [0m[37m            Button Interaction[0m â”‚[37m [0m[37m     âœ…[0m â”‚
â”‚[37m [0m[37m            adaugare-motiv-concediu[0m â”‚[37m [0m[37m            Button Interaction[0m â”‚[37m [0m[37m     âœ…[0m â”‚
â”‚[37m [0m[37m                     meniu-concediu[0m â”‚[37m [0m[37m            Button Interaction[0m â”‚[37m [0m[37m     âœ…[0m â”‚
â”‚[37m [0m[37m                         activitate[0m â”‚[37m [0m[37m            Button Interaction[0m â”‚[37m [0m[37m     âœ…[0m â”‚
â”‚[37m [0m[37m                         informatii[0m â”‚[37m [0m[37m            Button Interaction[0m â”‚[37m [0m[37m     âœ…[0m â”‚
â”‚[37m [0m[37m                     schimbare-grad[0m â”‚[37m [0m[37m            Button Interaction[0m â”‚[37m [0m[37m     âœ…[0m â”‚
â”‚[37m [0m[37m                      menu-demitere[0m â”‚[37m [0m[37m            Button Interaction[0m â”‚[37m [0m[37m     âœ…[0m â”‚
â”‚[37m [0m[37m           highspeed-menu-add-instr[0m â”‚[37m [0m[37m            Button Interaction[0m â”‚[37m [0m[37m     âœ…[0m â”‚
â”‚[37m [0m[37m       highspeed-menu-user-activity[0m â”‚[37m [0m[37m            Button Interaction[0m â”‚[37m [0m[37m     âœ…[0m â”‚
â”‚[37m [0m[37m         highspeed-menu-instructori[0m â”‚[37m [0m[37m            Button Interaction[0m â”‚[37m [0m[37m     âœ…[0m â”‚
â”‚[37m [0m[37m        highspeed-menu-remove-instr[0m â”‚[37m [0m[37m            Button Interaction[0m â”‚[37m [0m[37m     âœ…[0m â”‚
â”‚[37m [0m[37m                adaugare-certificat[0m â”‚[37m [0m[37m            Button Interaction[0m â”‚[37m [0m[37m     âœ…[0m â”‚
â”‚[37m [0m[37m                  adaugare-cooldown[0m â”‚[37m [0m[37m            Button Interaction[0m â”‚[37m [0m[37m     âœ…[0m â”‚
â”‚[37m [0m[37m                    lista-cooldowns[0m â”‚[37m [0m[37m            Button Interaction[0m â”‚[37m [0m[37m     âœ…[0m â”‚
â”‚[37m [0m[37m                stergere-certificat[0m â”‚[37m [0m[37m            Button Interaction[0m â”‚[37m [0m[37m     âœ…[0m â”‚
â”‚[37m [0m[37m                 mdt-menu-add-instr[0m â”‚[37m [0m[37m            Button Interaction[0m â”‚[37m [0m[37m     âœ…[0m â”‚
â”‚[37m [0m[37m               mdt-menu-instructori[0m â”‚[37m [0m[37m            Button Interaction[0m â”‚[37m [0m[37m     âœ…[0m â”‚
â”‚[37m [0m[37m             mdt-menu-user-activity[0m â”‚[37m [0m[37m            Button Interaction[0m â”‚[37m [0m[37m     âœ…[0m â”‚
â”‚[37m [0m[37m              mdt-menu-remove-instr[0m â”‚[37m [0m[37m            Button Interaction[0m â”‚[37m [0m[37m     âœ…[0m â”‚
â”‚[37m [0m[37m                moto-menu-add-instr[0m â”‚[37m [0m[37m            Button Interaction[0m â”‚[37m [0m[37m     âœ…[0m â”‚
â”‚[37m [0m[37m              moto-menu-instructori[0m â”‚[37m [0m[37m            Button Interaction[0m â”‚[37m [0m[37m     âœ…[0m â”‚
â”‚[37m [0m[37m            moto-menu-user-activity[0m â”‚[37m [0m[37m            Button Interaction[0m â”‚[37m [0m[37m     âœ…[0m â”‚
â”‚[37m [0m[37m             moto-menu-remove-instr[0m â”‚[37m [0m[37m            Button Interaction[0m â”‚[37m [0m[37m     âœ…[0m â”‚
â”‚[37m [0m[37m               pilot-menu-add-instr[0m â”‚[37m [0m[37m            Button Interaction[0m â”‚[37m [0m[37m     âœ…[0m â”‚
â”‚[37m [0m[37m             pilot-menu-instructori[0m â”‚[37m [0m[37m            Button Interaction[0m â”‚[37m [0m[37m     âœ…[0m â”‚
â”‚[37m [0m[37m           pilot-menu-user-activity[0m â”‚[37m [0m[37m            Button Interaction[0m â”‚[37m [0m[37m     âœ…[0m â”‚
â”‚[37m [0m[37m            pilot-menu-remove-instr[0m â”‚[37m [0m[37m            Button Interaction[0m â”‚[37m [0m[37m     âœ…[0m â”‚
â”‚[37m [0m[37m               radio-menu-add-instr[0m â”‚[37m [0m[37m            Button Interaction[0m â”‚[37m [0m[37m     âœ…[0m â”‚
â”‚[37m [0m[37m             radio-menu-instructori[0m â”‚[37m [0m[37m            Button Interaction[0m â”‚[37m [0m[37m     âœ…[0m â”‚
â”‚[37m [0m[37m           radio-menu-user-activity[0m â”‚[37m [0m[37m            Button Interaction[0m â”‚[37m [0m[37m     âœ…[0m â”‚
â”‚[37m [0m[37m            radio-menu-remove-instr[0m â”‚[37m [0m[37m            Button Interaction[0m â”‚[37m [0m[37m     âœ…[0m â”‚
â”‚[37m [0m[37m               open-sanction-thread[0m â”‚[37m [0m[37m            Button Interaction[0m â”‚[37m [0m[37m     âœ…[0m â”‚
â”‚[37m [0m[37m                   sanction-confirm[0m â”‚[37m [0m[37m            Button Interaction[0m â”‚[37m [0m[37m     âœ…[0m â”‚
â”‚[37m [0m[37m                    sanction-select[0m â”‚[37m [0m[37m            Button Interaction[0m â”‚[37m [0m[37m     âœ…[0m â”‚
â”‚[37m [0m[37m                     highspeed-menu[0m â”‚[37m [0m[37m            Button Interaction[0m â”‚[37m [0m[37m     âœ…[0m â”‚
â”‚[37m [0m[37m                           mdt-menu[0m â”‚[37m [0m[37m            Button Interaction[0m â”‚[37m [0m[37m     âœ…[0m â”‚
â”‚[37m [0m[37m                          moto-menu[0m â”‚[37m [0m[37m            Button Interaction[0m â”‚[37m [0m[37m     âœ…[0m â”‚
â”‚[37m [0m[37m                         pilot-menu[0m â”‚[37m [0m[37m            Button Interaction[0m â”‚[37m [0m[37m     âœ…[0m â”‚
â”‚[37m [0m[37m                         radio-menu[0m â”‚[37m [0m[37m            Button Interaction[0m â”‚[37m [0m[37m     âœ…[0m â”‚
â”‚[37m [0m[37m                        tester-menu[0m â”‚[37m [0m[37m            Button Interaction[0m â”‚[37m [0m[37m     âœ…[0m â”‚
â”‚[37m [0m[37m              tester-menu-add-instr[0m â”‚[37m [0m[37m            Button Interaction[0m â”‚[37m [0m[37m     âœ…[0m â”‚
â”‚[37m [0m[37m            tester-menu-instructori[0m â”‚[37m [0m[37m            Button Interaction[0m â”‚[37m [0m[37m     âœ…[0m â”‚
â”‚[37m [0m[37m           tester-menu-remove-instr[0m â”‚[37m [0m[37m            Button Interaction[0m â”‚[37m [0m[37m     âœ…[0m â”‚
â”‚[37m [0m[37m          tester-menu-user-activity[0m â”‚[37m [0m[37m            Button Interaction[0m â”‚[37m [0m[37m     âœ…[0m â”‚
â”‚[37m [0m[37m             sanction-thread-cancel[0m â”‚[37m [0m[37m            Button Interaction[0m â”‚[37m [0m[37m     âœ…[0m â”‚
â”‚[37m [0m[37m               sanction-thread-send[0m â”‚[37m [0m[37m            Button Interaction[0m â”‚[37m [0m[37m     âœ…[0m â”‚
â”‚[37m [0m[37m               modal-motiv-concediu[0m â”‚[37m [0m[37m             Modal Interaction[0m â”‚[37m [0m[37m     âœ…[0m â”‚
â”‚[37m [0m[37m             modal-formular-demisie[0m â”‚[37m [0m[37m             Modal Interaction[0m â”‚[37m [0m[37m     âœ…[0m â”‚
â”‚[37m [0m[37m             modal-formular-intrare[0m â”‚[37m [0m[37m             Modal Interaction[0m â”‚[37m [0m[37m     âœ…[0m â”‚
â”‚[37m [0m[37m     modal-highspeed-instr-adaugare[0m â”‚[37m [0m[37m             Modal Interaction[0m â”‚[37m [0m[37m     âœ…[0m â”‚
â”‚[37m [0m[37m     modal-highspeed-instr-activity[0m â”‚[37m [0m[37m             Modal Interaction[0m â”‚[37m [0m[37m     âœ…[0m â”‚
â”‚[37m [0m[37m     modal-highspeed-instr-scoatere[0m â”‚[37m [0m[37m             Modal Interaction[0m â”‚[37m [0m[37m     âœ…[0m â”‚
â”‚[37m [0m[37m           modal-mdt-instr-adaugare[0m â”‚[37m [0m[37m             Modal Interaction[0m â”‚[37m [0m[37m     âœ…[0m â”‚
â”‚[37m [0m[37m           modal-mdt-instr-activity[0m â”‚[37m [0m[37m             Modal Interaction[0m â”‚[37m [0m[37m     âœ…[0m â”‚
â”‚[37m [0m[37m           modal-mdt-instr-scoatere[0m â”‚[37m [0m[37m             Modal Interaction[0m â”‚[37m [0m[37m     âœ…[0m â”‚
â”‚[37m [0m[37m          modal-moto-instr-adaugare[0m â”‚[37m [0m[37m             Modal Interaction[0m â”‚[37m [0m[37m     âœ…[0m â”‚
â”‚[37m [0m[37m          modal-moto-instr-activity[0m â”‚[37m [0m[37m             Modal Interaction[0m â”‚[37m [0m[37m     âœ…[0m â”‚
â”‚[37m [0m[37m          modal-moto-instr-scoatere[0m â”‚[37m [0m[37m             Modal Interaction[0m â”‚[37m [0m[37m     âœ…[0m â”‚
â”‚[37m [0m[37m         modal-pilot-instr-adaugare[0m â”‚[37m [0m[37m             Modal Interaction[0m â”‚[37m [0m[37m     âœ…[0m â”‚
â”‚[37m [0m[37m         modal-pilot-instr-activity[0m â”‚[37m [0m[37m             Modal Interaction[0m â”‚[37m [0m[37m     âœ…[0m â”‚
â”‚[37m [0m[37m         modal-pilot-instr-scoatere[0m â”‚[37m [0m[37m             Modal Interaction[0m â”‚[37m [0m[37m     âœ…[0m â”‚
â”‚[37m [0m[37m         modal-radio-instr-adaugare[0m â”‚[37m [0m[37m             Modal Interaction[0m â”‚[37m [0m[37m     âœ…[0m â”‚
â”‚[37m [0m[37m         modal-radio-instr-activity[0m â”‚[37m [0m[37m             Modal Interaction[0m â”‚[37m [0m[37m     âœ…[0m â”‚
â”‚[37m [0m[37m         modal-radio-instr-scoatere[0m â”‚[37m [0m[37m             Modal Interaction[0m â”‚[37m [0m[37m     âœ…[0m â”‚
â”‚[37m [0m[37m      modal-sanction-callsign-input[0m â”‚[37m [0m[37m             Modal Interaction[0m â”‚[37m [0m[37m     âœ…[0m â”‚
â”‚[37m [0m[37m        modal-sanction-reason-input[0m â”‚[37m [0m[37m             Modal Interaction[0m â”‚[37m [0m[37m     âœ…[0m â”‚
â”‚[37m [0m[37m        modal-tester-instr-adaugare[0m â”‚[37m [0m[37m             Modal Interaction[0m â”‚[37m [0m[37m     âœ…[0m â”‚
â”‚[37m [0m[37m        modal-tester-instr-scoatere[0m â”‚[37m [0m[37m             Modal Interaction[0m â”‚[37m [0m[37m     âœ…[0m â”‚
â”‚[37m [0m[37m        modal-tester-instr-activity[0m â”‚[37m [0m[37m             Modal Interaction[0m â”‚[37m [0m[37m     âœ…[0m â”‚
â”‚[37m [0m[37m        modal-formular-trecere-test[0m â”‚[37m [0m[37m             Modal Interaction[0m â”‚[37m [0m[37m     âœ…[0m â”‚
â”‚[37m [0m[37m                  activitate-select[0m â”‚[37m [0m[37mString Select Menu Interaction[0m â”‚[37m [0m[37m     âœ…[0m â”‚
â”‚[37m [0m[37m           creare-lista-week-select[0m â”‚[37m [0m[37mString Select Menu Interaction[0m â”‚[37m [0m[37m     âœ…[0m â”‚
â”‚[37m [0m[37m              schimbare-grad-select[0m â”‚[37m [0m[37mString Select Menu Interaction[0m â”‚[37m [0m[37m     âœ…[0m â”‚
â”‚[37m [0m[37m         adaugare-certificat-select[0m â”‚[37m [0m[37mString Select Menu Interaction[0m â”‚[37m [0m[37m     âœ…[0m â”‚
â”‚[37m [0m[37m         certificat-cooldown-select[0m â”‚[37m [0m[37mString Select Menu Interaction[0m â”‚[37m [0m[37m     âœ…[0m â”‚
â”‚[37m [0m[37mcooldown-certificat-duration-select[0m â”‚[37m [0m[37mString Select Menu Interaction[0m â”‚[37m [0m[37m     âœ…[0m â”‚
â”‚[37m [0m[37m         stergere-certificat-select[0m â”‚[37m [0m[37mString Select Menu Interaction[0m â”‚[37m [0m[37m     âœ…[0m â”‚
â”‚[37m [0m[37m           sanction-duration-select[0m â”‚[37m [0m[37mString Select Menu Interaction[0m â”‚[37m [0m[37m     âœ…[0m â”‚
â””â”€â”€â”€â”€â”€â”€â”€â”€â”€â”€â”€â”€â”€â”€â”€â”€â”€â”€â”€â”€â”€â”€â”€â”€â”€â”€â”€â”€â”€â”€â”€â”€â”€â”€â”€â”€â”€â”´â”€â”€â”€â”€â”€â”€â”€â”€â”€â”€â”€â”€â”€â”€â”€â”€â”€â”€â”€â”€â”€â”€â”€â”€â”€â”€â”€â”€â”€â”€â”€â”€â”´â”€â”€â”€â”€â”€â”€â”€â”€â”˜
[31.7.2024 12:48:00] [FILESYSTEM] Filesystem has been loaded.
[31.7.2024 12:48:01] [DISCORD API] Connected to Discord API.
[31.7.2024 12:48:01] [DISCORD API] Started refreshing application (/) commands.
[31.7.2024 12:48:01] [SCHEDULER] Activity update schedules have been deployed.
[31.7.2024 12:48:01] [DISCORD API] Successfully reloaded application (/) commands.
