[22.7.2024 22:15:57] [SYSTEM] Error handler deployed.
[22.7.2024 22:15:57] [MONGO] Connected to MongoDB
[22.7.2024 22:15:57] [FILESYSTEM] Loading filesystem...
[22.7.2024 22:15:57] â”Œâ”€â”€â”€â”€â”€â”€â”€â”€â”€â”€â”€â”€â”€â”€â”€â”€â”€â”€â”€â”€â”€â”€â”€â”€â”€â”€â”€â”€â”€â”€â”€â”€â”€â”€â”€â”€â”€â”¬â”€â”€â”€â”€â”€â”€â”€â”€â”€â”€â”€â”€â”€â”€â”€â”€â”€â”€â”€â”€â”€â”€â”€â”€â”€â”€â”€â”€â”€â”€â”€â”€â”¬â”€â”€â”€â”€â”€â”€â”€â”€â”
â”‚[37m [0m[01m                               name[0m â”‚[37m [0m[01m                          type[0m â”‚[37m [0m[01mloaded[0m â”‚
â”œâ”€â”€â”€â”€â”€â”€â”€â”€â”€â”€â”€â”€â”€â”€â”€â”€â”€â”€â”€â”€â”€â”€â”€â”€â”€â”€â”€â”€â”€â”€â”€â”€â”€â”€â”€â”€â”€â”¼â”€â”€â”€â”€â”€â”€â”€â”€â”€â”€â”€â”€â”€â”€â”€â”€â”€â”€â”€â”€â”€â”€â”€â”€â”€â”€â”€â”€â”€â”€â”€â”€â”¼â”€â”€â”€â”€â”€â”€â”€â”€â”¤
â”‚[37m [0m[37m      buttonInteractionEventHandler[0m â”‚[37m [0m[37m                       Handler[0m â”‚[37m [0m[37m     âœ…[0m â”‚
â”‚[37m [0m[37m                 contextMenuHandler[0m â”‚[37m [0m[37m                       Handler[0m â”‚[37m [0m[37m     âœ…[0m â”‚
â”‚[37m [0m[37m      buttonInteractionEventHandler[0m â”‚[37m [0m[37m                       Handler[0m â”‚[37m [0m[37m     âœ…[0m â”‚
â”‚[37m [0m[37m                slashCommandHandler[0m â”‚[37m [0m[37m                       Handler[0m â”‚[37m [0m[37m     âœ…[0m â”‚
â”‚[37m [0m[37m stringSelectMenuInteractionHandler[0m â”‚[37m [0m[37m                       Handler[0m â”‚[37m [0m[37m     âœ…[0m â”‚
â”‚[37m [0m[37m                   activitySchedule[0m â”‚[37m [0m[37m                         Event[0m â”‚[37m [0m[37m     âœ…[0m â”‚
â”‚[37m [0m[37m                   scheduleShutdown[0m â”‚[37m [0m[37m                         Event[0m â”‚[37m [0m[37m     âœ…[0m â”‚
â”‚[37m [0m[37m                            onLogin[0m â”‚[37m [0m[37m                         Event[0m â”‚[37m [0m[37m     âœ…[0m â”‚
â”‚[37m [0m[37m                          gen-token[0m â”‚[37m [0m[37m                 Slash Command[0m â”‚[37m [0m[37m     âœ…[0m â”‚
â”‚[37m [0m[37m                            botinfo[0m â”‚[37m [0m[37m                 Slash Command[0m â”‚[37m [0m[37m     âœ…[0m â”‚
â”‚[37m [0m[37m                               eval[0m â”‚[37m [0m[37m                 Slash Command[0m â”‚[37m [0m[37m     âœ…[0m â”‚
â”‚[37m [0m[37m                               exec[0m â”‚[37m [0m[37m                 Slash Command[0m â”‚[37m [0m[37m     âœ…[0m â”‚
â”‚[37m [0m[37m                        subdep-menu[0m â”‚[37m [0m[37m                 Slash Command[0m â”‚[37m [0m[37m     âœ…[0m â”‚
â”‚[37m [0m[37m                           Demitere[0m â”‚[37m [0m[37m                  Context Menu[0m â”‚[37m [0m[37m     âœ…[0m â”‚
â”‚[37m [0m[37m                      Meniu Chestor[0m â”‚[37m [0m[37m                  Context Menu[0m â”‚[37m [0m[37m     âœ…[0m â”‚
â”‚[37m [0m[37m                    Meniu Conducere[0m â”‚[37m [0m[37m                  Context Menu[0m â”‚[37m [0m[37m     âœ…[0m â”‚
â”‚[37m [0m[37m                   Meniu Instructor[0m â”‚[37m [0m[37m                  Context Menu[0m â”‚[37m [0m[37m     âœ…[0m â”‚
â”‚[37m [0m[37m                   formular-demisie[0m â”‚[37m [0m[37m            Button Interaction[0m â”‚[37m [0m[37m     âœ…[0m â”‚
â”‚[37m [0m[37m              formular-trecere-test[0m â”‚[37m [0m[37m            Button Interaction[0m â”‚[37m [0m[37m     âœ…[0m â”‚
â”‚[37m [0m[37m                   formular-intrare[0m â”‚[37m [0m[37m            Button Interaction[0m â”‚[37m [0m[37m     âœ…[0m â”‚
â”‚[37m [0m[37m                  activitate-membru[0m â”‚[37m [0m[37m            Button Interaction[0m â”‚[37m [0m[37m     âœ…[0m â”‚
â”‚[37m [0m[37m                  informatii-membru[0m â”‚[37m [0m[37m            Button Interaction[0m â”‚[37m [0m[37m     âœ…[0m â”‚
â”‚[37m [0m[37m               chestor-creare-lista[0m â”‚[37m [0m[37m            Button Interaction[0m â”‚[37m [0m[37m     âœ…[0m â”‚
â”‚[37m [0m[37m                  update-activitate[0m â”‚[37m [0m[37m            Button Interaction[0m â”‚[37m [0m[37m     âœ…[0m â”‚
â”‚[37m [0m[37m                           concediu[0m â”‚[37m [0m[37m            Button Interaction[0m â”‚[37m [0m[37m     âœ…[0m â”‚
â”‚[37m [0m[37m            adaugare-motiv-concediu[0m â”‚[37m [0m[37m            Button Interaction[0m â”‚[37m [0m[37m     âœ…[0m â”‚
â”‚[37m [0m[37m                     meniu-concediu[0m â”‚[37m [0m[37m            Button Interaction[0m â”‚[37m [0m[37m     âœ…[0m â”‚
â”‚[37m [0m[37m                         activitate[0m â”‚[37m [0m[37m            Button Interaction[0m â”‚[37m [0m[37m     âœ…[0m â”‚
â”‚[37m [0m[37m                         informatii[0m â”‚[37m [0m[37m            Button Interaction[0m â”‚[37m [0m[37m     âœ…[0m â”‚
â”‚[37m [0m[37m                     schimbare-grad[0m â”‚[37m [0m[37m            Button Interaction[0m â”‚[37m [0m[37m     âœ…[0m â”‚
â”‚[37m [0m[37m                      menu-demitere[0m â”‚[37m [0m[37m            Button Interaction[0m â”‚[37m [0m[37m     âœ…[0m â”‚
â”‚[37m [0m[37m           highspeed-menu-add-instr[0m â”‚[37m [0m[37m            Button Interaction[0m â”‚[37m [0m[37m     âœ…[0m â”‚
â”‚[37m [0m[37m       highspeed-menu-user-activity[0m â”‚[37m [0m[37m            Button Interaction[0m â”‚[37m [0m[37m     âœ…[0m â”‚
â”‚[37m [0m[37m         highspeed-menu-instructori[0m â”‚[37m [0m[37m            Button Interaction[0m â”‚[37m [0m[37m     âœ…[0m â”‚
â”‚[37m [0m[37m        highspeed-menu-remove-instr[0m â”‚[37m [0m[37m            Button Interaction[0m â”‚[37m [0m[37m     âœ…[0m â”‚
â”‚[37m [0m[37m                adaugare-certificat[0m â”‚[37m [0m[37m            Button Interaction[0m â”‚[37m [0m[37m     âœ…[0m â”‚
â”‚[37m [0m[37m                  adaugare-cooldown[0m â”‚[37m [0m[37m            Button Interaction[0m â”‚[37m [0m[37m     âœ…[0m â”‚
â”‚[37m [0m[37m                    lista-cooldowns[0m â”‚[37m [0m[37m            Button Interaction[0m â”‚[37m [0m[37m     âœ…[0m â”‚
â”‚[37m [0m[37m                stergere-certificat[0m â”‚[37m [0m[37m            Button Interaction[0m â”‚[37m [0m[37m     âœ…[0m â”‚
â”‚[37m [0m[37m                 mdt-menu-add-instr[0m â”‚[37m [0m[37m            Button Interaction[0m â”‚[37m [0m[37m     âœ…[0m â”‚
â”‚[37m [0m[37m               mdt-menu-instructori[0m â”‚[37m [0m[37m            Button Interaction[0m â”‚[37m [0m[37m     âœ…[0m â”‚
â”‚[37m [0m[37m             mdt-menu-user-activity[0m â”‚[37m [0m[37m            Button Interaction[0m â”‚[37m [0m[37m     âœ…[0m â”‚
â”‚[37m [0m[37m              mdt-menu-remove-instr[0m â”‚[37m [0m[37m            Button Interaction[0m â”‚[37m [0m[37m     âœ…[0m â”‚
â”‚[37m [0m[37m                moto-menu-add-instr[0m â”‚[37m [0m[37m            Button Interaction[0m â”‚[37m [0m[37m     âœ…[0m â”‚
â”‚[37m [0m[37m              moto-menu-instructori[0m â”‚[37m [0m[37m            Button Interaction[0m â”‚[37m [0m[37m     âœ…[0m â”‚
â”‚[37m [0m[37m            moto-menu-user-activity[0m â”‚[37m [0m[37m            Button Interaction[0m â”‚[37m [0m[37m     âœ…[0m â”‚
â”‚[37m [0m[37m             moto-menu-remove-instr[0m â”‚[37m [0m[37m            Button Interaction[0m â”‚[37m [0m[37m     âœ…[0m â”‚
â”‚[37m [0m[37m               pilot-menu-add-instr[0m â”‚[37m [0m[37m            Button Interaction[0m â”‚[37m [0m[37m     âœ…[0m â”‚
â”‚[37m [0m[37m             pilot-menu-instructori[0m â”‚[37m [0m[37m            Button Interaction[0m â”‚[37m [0m[37m     âœ…[0m â”‚
â”‚[37m [0m[37m           pilot-menu-user-activity[0m â”‚[37m [0m[37m            Button Interaction[0m â”‚[37m [0m[37m     âœ…[0m â”‚
â”‚[37m [0m[37m            pilot-menu-remove-instr[0m â”‚[37m [0m[37m            Button Interaction[0m â”‚[37m [0m[37m     âœ…[0m â”‚
â”‚[37m [0m[37m               radio-menu-add-instr[0m â”‚[37m [0m[37m            Button Interaction[0m â”‚[37m [0m[37m     âœ…[0m â”‚
â”‚[37m [0m[37m             radio-menu-instructori[0m â”‚[37m [0m[37m            Button Interaction[0m â”‚[37m [0m[37m     âœ…[0m â”‚
â”‚[37m [0m[37m           radio-menu-user-activity[0m â”‚[37m [0m[37m            Button Interaction[0m â”‚[37m [0m[37m     âœ…[0m â”‚
â”‚[37m [0m[37m            radio-menu-remove-instr[0m â”‚[37m [0m[37m            Button Interaction[0m â”‚[37m [0m[37m     âœ…[0m â”‚
â”‚[37m [0m[37m               open-sanction-thread[0m â”‚[37m [0m[37m            Button Interaction[0m â”‚[37m [0m[37m     âœ…[0m â”‚
â”‚[37m [0m[37m                   sanction-confirm[0m â”‚[37m [0m[37m            Button Interaction[0m â”‚[37m [0m[37m     âœ…[0m â”‚
â”‚[37m [0m[37m                    sanction-select[0m â”‚[37m [0m[37m            Button Interaction[0m â”‚[37m [0m[37m     âœ…[0m â”‚
â”‚[37m [0m[37m                     highspeed-menu[0m â”‚[37m [0m[37m            Button Interaction[0m â”‚[37m [0m[37m     âœ…[0m â”‚
â”‚[37m [0m[37m                           mdt-menu[0m â”‚[37m [0m[37m            Button Interaction[0m â”‚[37m [0m[37m     âœ…[0m â”‚
â”‚[37m [0m[37m                          moto-menu[0m â”‚[37m [0m[37m            Button Interaction[0m â”‚[37m [0m[37m     âœ…[0m â”‚
â”‚[37m [0m[37m                         pilot-menu[0m â”‚[37m [0m[37m            Button Interaction[0m â”‚[37m [0m[37m     âœ…[0m â”‚
â”‚[37m [0m[37m                         radio-menu[0m â”‚[37m [0m[37m            Button Interaction[0m â”‚[37m [0m[37m     âœ…[0m â”‚
â”‚[37m [0m[37m                        tester-menu[0m â”‚[37m [0m[37m            Button Interaction[0m â”‚[37m [0m[37m     âœ…[0m â”‚
â”‚[37m [0m[37m              tester-menu-add-instr[0m â”‚[37m [0m[37m            Button Interaction[0m â”‚[37m [0m[37m     âœ…[0m â”‚
â”‚[37m [0m[37m            tester-menu-instructori[0m â”‚[37m [0m[37m            Button Interaction[0m â”‚[37m [0m[37m     âœ…[0m â”‚
â”‚[37m [0m[37m           tester-menu-remove-instr[0m â”‚[37m [0m[37m            Button Interaction[0m â”‚[37m [0m[37m     âœ…[0m â”‚
â”‚[37m [0m[37m          tester-menu-user-activity[0m â”‚[37m [0m[37m            Button Interaction[0m â”‚[37m [0m[37m     âœ…[0m â”‚
â”‚[37m [0m[37m             sanction-thread-cancel[0m â”‚[37m [0m[37m            Button Interaction[0m â”‚[37m [0m[37m     âœ…[0m â”‚
â”‚[37m [0m[37m               sanction-thread-send[0m â”‚[37m [0m[37m            Button Interaction[0m â”‚[37m [0m[37m     âœ…[0m â”‚
â”‚[37m [0m[37m               modal-motiv-concediu[0m â”‚[37m [0m[37m             Modal Interaction[0m â”‚[37m [0m[37m     âœ…[0m â”‚
â”‚[37m [0m[37m             modal-formular-demisie[0m â”‚[37m [0m[37m             Modal Interaction[0m â”‚[37m [0m[37m     âœ…[0m â”‚
â”‚[37m [0m[37m             modal-formular-intrare[0m â”‚[37m [0m[37m             Modal Interaction[0m â”‚[37m [0m[37m     âœ…[0m â”‚
â”‚[37m [0m[37m     modal-highspeed-instr-adaugare[0m â”‚[37m [0m[37m             Modal Interaction[0m â”‚[37m [0m[37m     âœ…[0m â”‚
â”‚[37m [0m[37m     modal-highspeed-instr-activity[0m â”‚[37m [0m[37m             Modal Interaction[0m â”‚[37m [0m[37m     âœ…[0m â”‚
â”‚[37m [0m[37m     modal-highspeed-instr-scoatere[0m â”‚[37m [0m[37m             Modal Interaction[0m â”‚[37m [0m[37m     âœ…[0m â”‚
â”‚[37m [0m[37m           modal-mdt-instr-adaugare[0m â”‚[37m [0m[37m             Modal Interaction[0m â”‚[37m [0m[37m     âœ…[0m â”‚
â”‚[37m [0m[37m           modal-mdt-instr-activity[0m â”‚[37m [0m[37m             Modal Interaction[0m â”‚[37m [0m[37m     âœ…[0m â”‚
â”‚[37m [0m[37m           modal-mdt-instr-scoatere[0m â”‚[37m [0m[37m             Modal Interaction[0m â”‚[37m [0m[37m     âœ…[0m â”‚
â”‚[37m [0m[37m          modal-moto-instr-adaugare[0m â”‚[37m [0m[37m             Modal Interaction[0m â”‚[37m [0m[37m     âœ…[0m â”‚
â”‚[37m [0m[37m          modal-moto-instr-activity[0m â”‚[37m [0m[37m             Modal Interaction[0m â”‚[37m [0m[37m     âœ…[0m â”‚
â”‚[37m [0m[37m          modal-moto-instr-scoatere[0m â”‚[37m [0m[37m             Modal Interaction[0m â”‚[37m [0m[37m     âœ…[0m â”‚
â”‚[37m [0m[37m         modal-pilot-instr-adaugare[0m â”‚[37m [0m[37m             Modal Interaction[0m â”‚[37m [0m[37m     âœ…[0m â”‚
â”‚[37m [0m[37m         modal-pilot-instr-activity[0m â”‚[37m [0m[37m             Modal Interaction[0m â”‚[37m [0m[37m     âœ…[0m â”‚
â”‚[37m [0m[37m         modal-pilot-instr-scoatere[0m â”‚[37m [0m[37m             Modal Interaction[0m â”‚[37m [0m[37m     âœ…[0m â”‚
â”‚[37m [0m[37m         modal-radio-instr-adaugare[0m â”‚[37m [0m[37m             Modal Interaction[0m â”‚[37m [0m[37m     âœ…[0m â”‚
â”‚[37m [0m[37m         modal-radio-instr-activity[0m â”‚[37m [0m[37m             Modal Interaction[0m â”‚[37m [0m[37m     âœ…[0m â”‚
â”‚[37m [0m[37m         modal-radio-instr-scoatere[0m â”‚[37m [0m[37m             Modal Interaction[0m â”‚[37m [0m[37m     âœ…[0m â”‚
â”‚[37m [0m[37m      modal-sanction-callsign-input[0m â”‚[37m [0m[37m             Modal Interaction[0m â”‚[37m [0m[37m     âœ…[0m â”‚
â”‚[37m [0m[37m        modal-sanction-reason-input[0m â”‚[37m [0m[37m             Modal Interaction[0m â”‚[37m [0m[37m     âœ…[0m â”‚
â”‚[37m [0m[37m        modal-tester-instr-adaugare[0m â”‚[37m [0m[37m             Modal Interaction[0m â”‚[37m [0m[37m     âœ…[0m â”‚
â”‚[37m [0m[37m        modal-tester-instr-scoatere[0m â”‚[37m [0m[37m             Modal Interaction[0m â”‚[37m [0m[37m     âœ…[0m â”‚
â”‚[37m [0m[37m        modal-tester-instr-activity[0m â”‚[37m [0m[37m             Modal Interaction[0m â”‚[37m [0m[37m     âœ…[0m â”‚
â”‚[37m [0m[37m        modal-formular-trecere-test[0m â”‚[37m [0m[37m             Modal Interaction[0m â”‚[37m [0m[37m     âœ…[0m â”‚
â”‚[37m [0m[37m                  activitate-select[0m â”‚[37m [0m[37mString Select Menu Interaction[0m â”‚[37m [0m[37m     âœ…[0m â”‚
â”‚[37m [0m[37m           creare-lista-week-select[0m â”‚[37m [0m[37mString Select Menu Interaction[0m â”‚[37m [0m[37m     âœ…[0m â”‚
â”‚[37m [0m[37m              schimbare-grad-select[0m â”‚[37m [0m[37mString Select Menu Interaction[0m â”‚[37m [0m[37m     âœ…[0m â”‚
â”‚[37m [0m[37m         adaugare-certificat-select[0m â”‚[37m [0m[37mString Select Menu Interaction[0m â”‚[37m [0m[37m     âœ…[0m â”‚
â”‚[37m [0m[37m         certificat-cooldown-select[0m â”‚[37m [0m[37mString Select Menu Interaction[0m â”‚[37m [0m[37m     âœ…[0m â”‚
â”‚[37m [0m[37mcooldown-certificat-duration-select[0m â”‚[37m [0m[37mString Select Menu Interaction[0m â”‚[37m [0m[37m     âœ…[0m â”‚
â”‚[37m [0m[37m         stergere-certificat-select[0m â”‚[37m [0m[37mString Select Menu Interaction[0m â”‚[37m [0m[37m     âœ…[0m â”‚
â”‚[37m [0m[37m           sanction-duration-select[0m â”‚[37m [0m[37mString Select Menu Interaction[0m â”‚[37m [0m[37m     âœ…[0m â”‚
â””â”€â”€â”€â”€â”€â”€â”€â”€â”€â”€â”€â”€â”€â”€â”€â”€â”€â”€â”€â”€â”€â”€â”€â”€â”€â”€â”€â”€â”€â”€â”€â”€â”€â”€â”€â”€â”€â”´â”€â”€â”€â”€â”€â”€â”€â”€â”€â”€â”€â”€â”€â”€â”€â”€â”€â”€â”€â”€â”€â”€â”€â”€â”€â”€â”€â”€â”€â”€â”€â”€â”´â”€â”€â”€â”€â”€â”€â”€â”€â”˜
[22.7.2024 22:15:57] [FILESYSTEM] Filesystem has been loaded.
[22.7.2024 22:16:01] [DISCORD API] Connected to Discord API.
[22.7.2024 22:16:01] [DISCORD API] Started refreshing application (/) commands.
[22.7.2024 22:16:01] [SCHEDULER] Activity update schedules have been deployed.
[22.7.2024 22:16:02] [DISCORD API] Successfully reloaded application (/) commands.
[22.7.2024 22:16:12] [SLASH COMMANDS] Command botinfo was executed by dariusss1337
[22.7.2024 22:17:15] [CONTEXT MENU EVENT] User context menu command: Meniu Chestor executed by dariusss1337 on user mixai
[22.7.2024 22:17:16] [BUTTON INTERACTION EVENT] Button interaction: chestor-creare-lista executed by dariusss1337
[22.7.2024 22:18:00] 379243084556271616 | 5546 | Beton Darius | Agent | 26 zile | Rating: B | Nota: 8.9
[22.7.2024 22:18:01] 965201312285347890 | 8356 | Siempre . | Agent | 22 zile | Rating: A | Nota: 10
[22.7.2024 22:18:22] 717393261718798416 | 2787 | Sandala Igariok | Agent | 28 zile | Rating: A | Nota: 11.5
[22.7.2024 22:18:26] 522427696546971650 | 13880 | Doroftey Dorian | Cadet | 20 zile | Rating: A | Nota: 10
[22.7.2024 22:18:35] 889752646636957706 | 439 | Hernandez Ricardo | Cadet | 11 zile | Rating: B | Nota: 8.753
[22.7.2024 22:18:44] 511107665707925524 | 11538 | Joaca-bine Mirel | Cadet | 11 zile | Rating: A | Nota: 10.7276
[22.7.2024 22:18:45] 823268529545412638 | 19925 | Skibidi Raul | Cadet | 11 zile | Rating: A | Nota: 9.75
[22.7.2024 22:18:45] 1051262714208600196 | 16579 | Alex Nicu | Cadet | 4 zile | Rating: A | Nota: 10
[22.7.2024 22:18:47] 882593969068986440 | 16486 | Lucescu Raph | Cadet | 4 zile | Rating: A | Nota: 10
[22.7.2024 22:18:54] Loop ended
[22.7.2024 22:49:27] [CONTEXT MENU EVENT] User context menu command: Meniu Conducere executed by neasonic. on user stephanie0509
[22.7.2024 22:49:29] [BUTTON INTERACTION EVENT] Button interaction: activitate executed by neasonic.
[22.7.2024 22:51:07] [BUTTON INTERACTION EVENT] Button interaction: activitate-membru executed by ivampyy
[22.7.2024 22:51:10] [CONTEXT MENU EVENT] User context menu command: Meniu Conducere executed by neasonic. on user thepunisher001
[22.7.2024 22:51:11] [BUTTON INTERACTION EVENT] Button interaction: schimbare-grad executed by neasonic.
[22.7.2024 22:51:21] [CONTEXT MENU EVENT] User context menu command: Meniu Conducere executed by neasonic. on user clempibossmanele
[22.7.2024 22:51:22] [BUTTON INTERACTION EVENT] Button interaction: schimbare-grad executed by neasonic.
[22.7.2024 22:51:33] [CONTEXT MENU EVENT] User context menu command: Meniu Conducere executed by neasonic. on user eldosunosiempre
[22.7.2024 22:51:35] [BUTTON INTERACTION EVENT] Button interaction: schimbare-grad executed by neasonic.
[22.7.2024 22:51:46] [CONTEXT MENU EVENT] User context menu command: Meniu Conducere executed by neasonic. on user ivampyy
[22.7.2024 22:51:47] [BUTTON INTERACTION EVENT] Button interaction: schimbare-grad executed by neasonic.
[22.7.2024 22:51:56] [CONTEXT MENU EVENT] User context menu command: Meniu Conducere executed by neasonic. on user matei.0505
[22.7.2024 22:51:57] [BUTTON INTERACTION EVENT] Button interaction: schimbare-grad executed by neasonic.
[22.7.2024 22:52:05] [CONTEXT MENU EVENT] User context menu command: Meniu Conducere executed by neasonic. on user matei184
[22.7.2024 22:52:07] [BUTTON INTERACTION EVENT] Button interaction: schimbare-grad executed by neasonic.
[22.7.2024 22:52:14] [BUTTON INTERACTION EVENT] Button interaction: activitate-membru executed by thebeast3517
[22.7.2024 22:52:15] [CONTEXT MENU EVENT] User context menu command: Meniu Conducere executed by neasonic. on user spooky4096
[22.7.2024 22:52:16] [BUTTON INTERACTION EVENT] Button interaction: schimbare-grad executed by neasonic.
[22.7.2024 22:52:26] [CONTEXT MENU EVENT] User context menu command: Meniu Conducere executed by neasonic. on user razvian
[22.7.2024 22:52:27] [BUTTON INTERACTION EVENT] Button interaction: schimbare-grad executed by neasonic.
[22.7.2024 22:52:35] [CONTEXT MENU EVENT] User context menu command: Meniu Conducere executed by neasonic. on user raulws.
[22.7.2024 22:52:37] [BUTTON INTERACTION EVENT] Button interaction: schimbare-grad executed by neasonic.
[22.7.2024 22:52:46] [CONTEXT MENU EVENT] User context menu command: Meniu Conducere executed by neasonic. on user alexxnsjs
[22.7.2024 22:52:47] [BUTTON INTERACTION EVENT] Button interaction: schimbare-grad executed by neasonic.
[22.7.2024 22:52:55] [CONTEXT MENU EVENT] User context menu command: Meniu Conducere executed by neasonic. on user 7nelu
[22.7.2024 22:52:57] [BUTTON INTERACTION EVENT] Button interaction: schimbare-grad executed by neasonic.
[22.7.2024 22:53:18] [BUTTON INTERACTION EVENT] Button interaction: activitate-membru executed by deniss23
[22.7.2024 22:53:19] [BUTTON INTERACTION EVENT] Button interaction: activitate-membru executed by justdexter
[22.7.2024 22:53:29] [BUTTON INTERACTION EVENT] Button interaction: activitate-membru executed by deniss23
[22.7.2024 22:54:12] [CONTEXT MENU EVENT] User context menu command: Meniu Conducere executed by neasonic. on user .sea.bass.
[22.7.2024 22:54:14] [BUTTON INTERACTION EVENT] Button interaction: activitate executed by neasonic.
[22.7.2024 22:54:21] [BUTTON INTERACTION EVENT] Button interaction: activitate-membru executed by matei.0505
[22.7.2024 22:54:21] [BUTTON INTERACTION EVENT] Button interaction: activitate-membru executed by deniss23
[22.7.2024 22:54:30] [BUTTON INTERACTION EVENT] Button interaction: activitate-membru executed by vlady.dev
[22.7.2024 22:54:41] [BUTTON INTERACTION EVENT] Button interaction: activitate-membru executed by saityzxc
[22.7.2024 22:54:52] [BUTTON INTERACTION EVENT] Button interaction: activitate-membru executed by bogdan140825
[22.7.2024 22:55:06] [BUTTON INTERACTION EVENT] Button interaction: activitate-membru executed by blea_
[22.7.2024 22:57:00] [BUTTON INTERACTION EVENT] Button interaction: activitate-membru executed by dominik.1818
[22.7.2024 22:57:59] [BUTTON INTERACTION EVENT] Button interaction: activitate-membru executed by alexxnsjs
[22.7.2024 22:58:19] [BUTTON INTERACTION EVENT] Button interaction: activitate-membru executed by .tweez
[22.7.2024 22:58:21] [BUTTON INTERACTION EVENT] Button interaction: activitate-membru executed by .sea.bass.
[22.7.2024 22:59:01] [BUTTON INTERACTION EVENT] Button interaction: activitate-membru executed by stephanie0509
[22.7.2024 22:59:42] [BUTTON INTERACTION EVENT] Button interaction: informatii-membru executed by stan_3010
[22.7.2024 22:59:50] [BUTTON INTERACTION EVENT] Button interaction: activitate-membru executed by stan_3010
[22.7.2024 23:00:50] [BUTTON INTERACTION EVENT] Button interaction: activitate-membru executed by blea_
[22.7.2024 23:00:52] [BUTTON INTERACTION EVENT] Button interaction: activitate-membru executed by alexxnsjs
[22.7.2024 23:03:50] [BUTTON INTERACTION EVENT] Button interaction: activitate-membru executed by saityzxc
[22.7.2024 23:04:17] [BUTTON INTERACTION EVENT] Button interaction: activitate-membru executed by ciotoi
[22.7.2024 23:05:11] [BUTTON INTERACTION EVENT] Button interaction: activitate-membru executed by mixai
